

================================================================
== Vitis HLS Report for 'kernel_cnn'
================================================================
* Date:           Thu May 29 18:51:00 2025

* Version:        2023.2 (Build 4023990 on Oct 11 2023)
* Project:        cnn.prj
* Solution:       solution (Vitis Kernel Flow Target)
* Product family: virtexuplus
* Target device:  xcu200-fsgd2104-2-e


================================================================
== Performance Estimates
================================================================
+ Timing: 
    * Summary: 
    +--------+---------+----------+------------+
    |  Clock |  Target | Estimated| Uncertainty|
    +--------+---------+----------+------------+
    |ap_clk  |  4.00 ns|  2.920 ns|     1.08 ns|
    +--------+---------+----------+------------+

+ Latency: 
    * Summary: 
    +-----------+-----------+-----------+-----------+-----------+-----------+---------+
    |    Latency (cycles)   |   Latency (absolute)  |        Interval       | Pipeline|
    |    min    |    max    |    min    |    max    |    min    |    max    |   Type  |
    +-----------+-----------+-----------+-----------+-----------+-----------+---------+
    |  251472338|  251472338|  1.006 sec|  1.006 sec|  251472339|  251472339|       no|
    +-----------+-----------+-----------+-----------+-----------+-----------+---------+

    + Detail: 
        * Instance: 
        +-----------------+-------+-----------+-----------+-----------+-----------+-----------+-----------+----------+
        |                 |       |    Latency (cycles)   |   Latency (absolute)  |        Interval       | Pipeline |
        |     Instance    | Module|    min    |    max    |    min    |    max    |    min    |    max    |   Type   |
        +-----------------+-------+-----------+-----------+-----------+-----------+-----------+-----------+----------+
        |grp_cnn_fu_2848  |cnn    |  251472337|  251472337|  1.006 sec|  1.006 sec|  251472338|  251472338|  dataflow|
        +-----------------+-------+-----------+-----------+-----------+-----------+-----------+-----------+----------+

        * Loop: 
        N/A



================================================================
== Utilization Estimates
================================================================
* Summary: 
+---------------------+---------+------+---------+---------+-----+
|         Name        | BRAM_18K|  DSP |    FF   |   LUT   | URAM|
+---------------------+---------+------+---------+---------+-----+
|DSP                  |        -|     -|        -|        -|    -|
|Expression           |        -|     -|        0|        6|    -|
|FIFO                 |        -|     -|        -|        -|    -|
|Instance             |       40|  4004|   560167|   354305|    0|
|Memory               |      544|     -|        0|        0|  256|
|Multiplexer          |        -|     -|        -|      104|    -|
|Register             |        -|     -|      201|        -|    -|
+---------------------+---------+------+---------+---------+-----+
|Total                |      584|  4004|   560368|   354415|  256|
+---------------------+---------+------+---------+---------+-----+
|Available SLR        |     1440|  2280|   788160|   394080|  320|
+---------------------+---------+------+---------+---------+-----+
|Utilization SLR (%)  |       40|   175|       71|       89|   80|
+---------------------+---------+------+---------+---------+-----+
|Available            |     4320|  6840|  2364480|  1182240|  960|
+---------------------+---------+------+---------+---------+-----+
|Utilization (%)      |       13|    58|       23|       29|   26|
+---------------------+---------+------+---------+---------+-----+

+ Detail: 
    * Instance: 
    +-----------------------+---------------------+---------+------+--------+--------+-----+
    |        Instance       |        Module       | BRAM_18K|  DSP |   FF   |   LUT  | URAM|
    +-----------------------+---------------------+---------+------+--------+--------+-----+
    |grp_cnn_fu_2848        |cnn                  |        0|  4004|  554523|  349349|    0|
    |control_s_axi_U        |control_s_axi        |        0|     0|     246|     424|    0|
    |kernel_input_m_axi_U   |kernel_input_m_axi   |        8|     0|    1181|    1117|    0|
    |kernel_output_m_axi_U  |kernel_output_m_axi  |       30|     0|    3521|    2695|    0|
    |kernel_weight_m_axi_U  |kernel_weight_m_axi  |        2|     0|     696|     720|    0|
    +-----------------------+---------------------+---------+------+--------+--------+-----+
    |Total                  |                     |       40|  4004|  560167|  354305|    0|
    +-----------------------+---------------------+---------+------+--------+--------+-----+

    * DSP: 
    N/A

    * Memory: 
    +--------------+------------------------+---------+---+----+-----+------+-----+------+-------------+
    |    Memory    |         Module         | BRAM_18K| FF| LUT| URAM| Words| Bits| Banks| W*Bits*Banks|
    +--------------+------------------------+---------+---+----+-----+------+-----+------+-------------+
    |input_U       |input_RAM_AUTO_1R1W     |        4|  0|   0|    0|  1444|   32|     1|        46208|
    |input_1_U     |input_RAM_AUTO_1R1W     |        4|  0|   0|    0|  1444|   32|     1|        46208|
    |input_2_U     |input_RAM_AUTO_1R1W     |        4|  0|   0|    0|  1444|   32|     1|        46208|
    |input_3_U     |input_RAM_AUTO_1R1W     |        4|  0|   0|    0|  1444|   32|     1|        46208|
    |input_4_U     |input_RAM_AUTO_1R1W     |        4|  0|   0|    0|  1444|   32|     1|        46208|
    |input_5_U     |input_RAM_AUTO_1R1W     |        4|  0|   0|    0|  1444|   32|     1|        46208|
    |input_6_U     |input_RAM_AUTO_1R1W     |        4|  0|   0|    0|  1444|   32|     1|        46208|
    |input_7_U     |input_RAM_AUTO_1R1W     |        4|  0|   0|    0|  1444|   32|     1|        46208|
    |input_8_U     |input_RAM_AUTO_1R1W     |        4|  0|   0|    0|  1444|   32|     1|        46208|
    |input_9_U     |input_RAM_AUTO_1R1W     |        4|  0|   0|    0|  1444|   32|     1|        46208|
    |input_10_U    |input_RAM_AUTO_1R1W     |        4|  0|   0|    0|  1444|   32|     1|        46208|
    |input_11_U    |input_RAM_AUTO_1R1W     |        4|  0|   0|    0|  1444|   32|     1|        46208|
    |input_12_U    |input_RAM_AUTO_1R1W     |        4|  0|   0|    0|  1444|   32|     1|        46208|
    |input_13_U    |input_RAM_AUTO_1R1W     |        4|  0|   0|    0|  1444|   32|     1|        46208|
    |input_14_U    |input_RAM_AUTO_1R1W     |        4|  0|   0|    0|  1444|   32|     1|        46208|
    |input_15_U    |input_RAM_AUTO_1R1W     |        4|  0|   0|    0|  1444|   32|     1|        46208|
    |input_16_U    |input_RAM_AUTO_1R1W     |        4|  0|   0|    0|  1444|   32|     1|        46208|
    |input_17_U    |input_RAM_AUTO_1R1W     |        4|  0|   0|    0|  1444|   32|     1|        46208|
    |input_18_U    |input_RAM_AUTO_1R1W     |        4|  0|   0|    0|  1444|   32|     1|        46208|
    |input_19_U    |input_RAM_AUTO_1R1W     |        4|  0|   0|    0|  1444|   32|     1|        46208|
    |input_20_U    |input_RAM_AUTO_1R1W     |        4|  0|   0|    0|  1444|   32|     1|        46208|
    |input_21_U    |input_RAM_AUTO_1R1W     |        4|  0|   0|    0|  1444|   32|     1|        46208|
    |input_22_U    |input_RAM_AUTO_1R1W     |        4|  0|   0|    0|  1444|   32|     1|        46208|
    |input_23_U    |input_RAM_AUTO_1R1W     |        4|  0|   0|    0|  1444|   32|     1|        46208|
    |input_24_U    |input_RAM_AUTO_1R1W     |        4|  0|   0|    0|  1444|   32|     1|        46208|
    |input_25_U    |input_RAM_AUTO_1R1W     |        4|  0|   0|    0|  1444|   32|     1|        46208|
    |input_26_U    |input_RAM_AUTO_1R1W     |        4|  0|   0|    0|  1444|   32|     1|        46208|
    |input_27_U    |input_RAM_AUTO_1R1W     |        4|  0|   0|    0|  1444|   32|     1|        46208|
    |input_28_U    |input_RAM_AUTO_1R1W     |        4|  0|   0|    0|  1444|   32|     1|        46208|
    |input_29_U    |input_RAM_AUTO_1R1W     |        4|  0|   0|    0|  1444|   32|     1|        46208|
    |input_30_U    |input_RAM_AUTO_1R1W     |        4|  0|   0|    0|  1444|   32|     1|        46208|
    |input_31_U    |input_RAM_AUTO_1R1W     |        4|  0|   0|    0|  1444|   32|     1|        46208|
    |input_32_U    |input_RAM_AUTO_1R1W     |        4|  0|   0|    0|  1444|   32|     1|        46208|
    |input_33_U    |input_RAM_AUTO_1R1W     |        4|  0|   0|    0|  1444|   32|     1|        46208|
    |input_34_U    |input_RAM_AUTO_1R1W     |        4|  0|   0|    0|  1444|   32|     1|        46208|
    |input_35_U    |input_RAM_AUTO_1R1W     |        4|  0|   0|    0|  1444|   32|     1|        46208|
    |output_1_U    |output_1_RAM_AUTO_1R1W  |        0|  0|   0|    1|  3136|   32|     1|       100352|
    |output_2_U    |output_1_RAM_AUTO_1R1W  |        0|  0|   0|    1|  3136|   32|     1|       100352|
    |output_3_U    |output_1_RAM_AUTO_1R1W  |        0|  0|   0|    1|  3136|   32|     1|       100352|
    |output_5_U    |output_1_RAM_AUTO_1R1W  |        0|  0|   0|    1|  3136|   32|     1|       100352|
    |output_6_U    |output_1_RAM_AUTO_1R1W  |        0|  0|   0|    1|  3136|   32|     1|       100352|
    |output_7_U    |output_1_RAM_AUTO_1R1W  |        0|  0|   0|    1|  3136|   32|     1|       100352|
    |output_9_U    |output_1_RAM_AUTO_1R1W  |        0|  0|   0|    1|  3136|   32|     1|       100352|
    |output_10_U   |output_1_RAM_AUTO_1R1W  |        0|  0|   0|    1|  3136|   32|     1|       100352|
    |output_11_U   |output_1_RAM_AUTO_1R1W  |        0|  0|   0|    1|  3136|   32|     1|       100352|
    |output_13_U   |output_1_RAM_AUTO_1R1W  |        0|  0|   0|    1|  3136|   32|     1|       100352|
    |output_14_U   |output_1_RAM_AUTO_1R1W  |        0|  0|   0|    1|  3136|   32|     1|       100352|
    |output_15_U   |output_1_RAM_AUTO_1R1W  |        0|  0|   0|    1|  3136|   32|     1|       100352|
    |output_17_U   |output_1_RAM_AUTO_1R1W  |        0|  0|   0|    1|  3136|   32|     1|       100352|
    |output_18_U   |output_1_RAM_AUTO_1R1W  |        0|  0|   0|    1|  3136|   32|     1|       100352|
    |output_19_U   |output_1_RAM_AUTO_1R1W  |        0|  0|   0|    1|  3136|   32|     1|       100352|
    |output_21_U   |output_1_RAM_AUTO_1R1W  |        0|  0|   0|    1|  3136|   32|     1|       100352|
    |output_22_U   |output_1_RAM_AUTO_1R1W  |        0|  0|   0|    1|  3136|   32|     1|       100352|
    |output_23_U   |output_1_RAM_AUTO_1R1W  |        0|  0|   0|    1|  3136|   32|     1|       100352|
    |output_25_U   |output_1_RAM_AUTO_1R1W  |        0|  0|   0|    1|  3136|   32|     1|       100352|
    |output_26_U   |output_1_RAM_AUTO_1R1W  |        0|  0|   0|    1|  3136|   32|     1|       100352|
    |output_27_U   |output_1_RAM_AUTO_1R1W  |        0|  0|   0|    1|  3136|   32|     1|       100352|
    |output_29_U   |output_1_RAM_AUTO_1R1W  |        0|  0|   0|    1|  3136|   32|     1|       100352|
    |output_30_U   |output_1_RAM_AUTO_1R1W  |        0|  0|   0|    1|  3136|   32|     1|       100352|
    |output_31_U   |output_1_RAM_AUTO_1R1W  |        0|  0|   0|    1|  3136|   32|     1|       100352|
    |output_33_U   |output_1_RAM_AUTO_1R1W  |        0|  0|   0|    1|  3136|   32|     1|       100352|
    |output_34_U   |output_1_RAM_AUTO_1R1W  |        0|  0|   0|    1|  3136|   32|     1|       100352|
    |output_35_U   |output_1_RAM_AUTO_1R1W  |        0|  0|   0|    1|  3136|   32|     1|       100352|
    |output_37_U   |output_1_RAM_AUTO_1R1W  |        0|  0|   0|    1|  3136|   32|     1|       100352|
    |output_38_U   |output_1_RAM_AUTO_1R1W  |        0|  0|   0|    1|  3136|   32|     1|       100352|
    |output_39_U   |output_1_RAM_AUTO_1R1W  |        0|  0|   0|    1|  3136|   32|     1|       100352|
    |output_41_U   |output_1_RAM_AUTO_1R1W  |        0|  0|   0|    1|  3136|   32|     1|       100352|
    |output_42_U   |output_1_RAM_AUTO_1R1W  |        0|  0|   0|    1|  3136|   32|     1|       100352|
    |output_43_U   |output_1_RAM_AUTO_1R1W  |        0|  0|   0|    1|  3136|   32|     1|       100352|
    |output_45_U   |output_1_RAM_AUTO_1R1W  |        0|  0|   0|    1|  3136|   32|     1|       100352|
    |output_46_U   |output_1_RAM_AUTO_1R1W  |        0|  0|   0|    1|  3136|   32|     1|       100352|
    |output_47_U   |output_1_RAM_AUTO_1R1W  |        0|  0|   0|    1|  3136|   32|     1|       100352|
    |output_49_U   |output_1_RAM_AUTO_1R1W  |        0|  0|   0|    1|  3136|   32|     1|       100352|
    |output_50_U   |output_1_RAM_AUTO_1R1W  |        0|  0|   0|    1|  3136|   32|     1|       100352|
    |output_51_U   |output_1_RAM_AUTO_1R1W  |        0|  0|   0|    1|  3136|   32|     1|       100352|
    |output_53_U   |output_1_RAM_AUTO_1R1W  |        0|  0|   0|    1|  3136|   32|     1|       100352|
    |output_54_U   |output_1_RAM_AUTO_1R1W  |        0|  0|   0|    1|  3136|   32|     1|       100352|
    |output_55_U   |output_1_RAM_AUTO_1R1W  |        0|  0|   0|    1|  3136|   32|     1|       100352|
    |output_57_U   |output_1_RAM_AUTO_1R1W  |        0|  0|   0|    1|  3136|   32|     1|       100352|
    |output_58_U   |output_1_RAM_AUTO_1R1W  |        0|  0|   0|    1|  3136|   32|     1|       100352|
    |output_59_U   |output_1_RAM_AUTO_1R1W  |        0|  0|   0|    1|  3136|   32|     1|       100352|
    |output_61_U   |output_1_RAM_AUTO_1R1W  |        0|  0|   0|    1|  3136|   32|     1|       100352|
    |output_62_U   |output_1_RAM_AUTO_1R1W  |        0|  0|   0|    1|  3136|   32|     1|       100352|
    |output_63_U   |output_1_RAM_AUTO_1R1W  |        0|  0|   0|    1|  3136|   32|     1|       100352|
    |output_65_U   |output_1_RAM_AUTO_1R1W  |        0|  0|   0|    1|  3136|   32|     1|       100352|
    |output_66_U   |output_1_RAM_AUTO_1R1W  |        0|  0|   0|    1|  3136|   32|     1|       100352|
    |output_67_U   |output_1_RAM_AUTO_1R1W  |        0|  0|   0|    1|  3136|   32|     1|       100352|
    |output_69_U   |output_1_RAM_AUTO_1R1W  |        0|  0|   0|    1|  3136|   32|     1|       100352|
    |output_70_U   |output_1_RAM_AUTO_1R1W  |        0|  0|   0|    1|  3136|   32|     1|       100352|
    |output_71_U   |output_1_RAM_AUTO_1R1W  |        0|  0|   0|    1|  3136|   32|     1|       100352|
    |output_73_U   |output_1_RAM_AUTO_1R1W  |        0|  0|   0|    1|  3136|   32|     1|       100352|
    |output_74_U   |output_1_RAM_AUTO_1R1W  |        0|  0|   0|    1|  3136|   32|     1|       100352|
    |output_75_U   |output_1_RAM_AUTO_1R1W  |        0|  0|   0|    1|  3136|   32|     1|       100352|
    |output_77_U   |output_1_RAM_AUTO_1R1W  |        0|  0|   0|    1|  3136|   32|     1|       100352|
    |output_78_U   |output_1_RAM_AUTO_1R1W  |        0|  0|   0|    1|  3136|   32|     1|       100352|
    |output_79_U   |output_1_RAM_AUTO_1R1W  |        0|  0|   0|    1|  3136|   32|     1|       100352|
    |output_81_U   |output_1_RAM_AUTO_1R1W  |        0|  0|   0|    1|  3136|   32|     1|       100352|
    |output_82_U   |output_1_RAM_AUTO_1R1W  |        0|  0|   0|    1|  3136|   32|     1|       100352|
    |output_83_U   |output_1_RAM_AUTO_1R1W  |        0|  0|   0|    1|  3136|   32|     1|       100352|
    |output_85_U   |output_1_RAM_AUTO_1R1W  |        0|  0|   0|    1|  3136|   32|     1|       100352|
    |output_86_U   |output_1_RAM_AUTO_1R1W  |        0|  0|   0|    1|  3136|   32|     1|       100352|
    |output_87_U   |output_1_RAM_AUTO_1R1W  |        0|  0|   0|    1|  3136|   32|     1|       100352|
    |output_89_U   |output_1_RAM_AUTO_1R1W  |        0|  0|   0|    1|  3136|   32|     1|       100352|
    |output_90_U   |output_1_RAM_AUTO_1R1W  |        0|  0|   0|    1|  3136|   32|     1|       100352|
    |output_91_U   |output_1_RAM_AUTO_1R1W  |        0|  0|   0|    1|  3136|   32|     1|       100352|
    |output_93_U   |output_1_RAM_AUTO_1R1W  |        0|  0|   0|    1|  3136|   32|     1|       100352|
    |output_94_U   |output_1_RAM_AUTO_1R1W  |        0|  0|   0|    1|  3136|   32|     1|       100352|
    |output_95_U   |output_1_RAM_AUTO_1R1W  |        0|  0|   0|    1|  3136|   32|     1|       100352|
    |output_97_U   |output_1_RAM_AUTO_1R1W  |        0|  0|   0|    1|  3136|   32|     1|       100352|
    |output_98_U   |output_1_RAM_AUTO_1R1W  |        0|  0|   0|    1|  3136|   32|     1|       100352|
    |output_99_U   |output_1_RAM_AUTO_1R1W  |        0|  0|   0|    1|  3136|   32|     1|       100352|
    |output_101_U  |output_1_RAM_AUTO_1R1W  |        0|  0|   0|    1|  3136|   32|     1|       100352|
    |output_102_U  |output_1_RAM_AUTO_1R1W  |        0|  0|   0|    1|  3136|   32|     1|       100352|
    |output_103_U  |output_1_RAM_AUTO_1R1W  |        0|  0|   0|    1|  3136|   32|     1|       100352|
    |output_105_U  |output_1_RAM_AUTO_1R1W  |        0|  0|   0|    1|  3136|   32|     1|       100352|
    |output_106_U  |output_1_RAM_AUTO_1R1W  |        0|  0|   0|    1|  3136|   32|     1|       100352|
    |output_107_U  |output_1_RAM_AUTO_1R1W  |        0|  0|   0|    1|  3136|   32|     1|       100352|
    |output_109_U  |output_1_RAM_AUTO_1R1W  |        0|  0|   0|    1|  3136|   32|     1|       100352|
    |output_110_U  |output_1_RAM_AUTO_1R1W  |        0|  0|   0|    1|  3136|   32|     1|       100352|
    |output_111_U  |output_1_RAM_AUTO_1R1W  |        0|  0|   0|    1|  3136|   32|     1|       100352|
    |output_113_U  |output_1_RAM_AUTO_1R1W  |        0|  0|   0|    1|  3136|   32|     1|       100352|
    |output_114_U  |output_1_RAM_AUTO_1R1W  |        0|  0|   0|    1|  3136|   32|     1|       100352|
    |output_115_U  |output_1_RAM_AUTO_1R1W  |        0|  0|   0|    1|  3136|   32|     1|       100352|
    |output_117_U  |output_1_RAM_AUTO_1R1W  |        0|  0|   0|    1|  3136|   32|     1|       100352|
    |output_118_U  |output_1_RAM_AUTO_1R1W  |        0|  0|   0|    1|  3136|   32|     1|       100352|
    |output_119_U  |output_1_RAM_AUTO_1R1W  |        0|  0|   0|    1|  3136|   32|     1|       100352|
    |output_121_U  |output_1_RAM_AUTO_1R1W  |        0|  0|   0|    1|  3136|   32|     1|       100352|
    |output_122_U  |output_1_RAM_AUTO_1R1W  |        0|  0|   0|    1|  3136|   32|     1|       100352|
    |output_123_U  |output_1_RAM_AUTO_1R1W  |        0|  0|   0|    1|  3136|   32|     1|       100352|
    |output_125_U  |output_1_RAM_AUTO_1R1W  |        0|  0|   0|    1|  3136|   32|     1|       100352|
    |output_126_U  |output_1_RAM_AUTO_1R1W  |        0|  0|   0|    1|  3136|   32|     1|       100352|
    |output_127_U  |output_1_RAM_AUTO_1R1W  |        0|  0|   0|    1|  3136|   32|     1|       100352|
    |output_128_U  |output_1_RAM_AUTO_1R1W  |        0|  0|   0|    1|  3136|   32|     1|       100352|
    |output_129_U  |output_1_RAM_AUTO_1R1W  |        0|  0|   0|    1|  3136|   32|     1|       100352|
    |output_130_U  |output_1_RAM_AUTO_1R1W  |        0|  0|   0|    1|  3136|   32|     1|       100352|
    |output_131_U  |output_1_RAM_AUTO_1R1W  |        0|  0|   0|    1|  3136|   32|     1|       100352|
    |output_132_U  |output_1_RAM_AUTO_1R1W  |        0|  0|   0|    1|  3136|   32|     1|       100352|
    |output_133_U  |output_1_RAM_AUTO_1R1W  |        0|  0|   0|    1|  3136|   32|     1|       100352|
    |output_134_U  |output_1_RAM_AUTO_1R1W  |        0|  0|   0|    1|  3136|   32|     1|       100352|
    |output_135_U  |output_1_RAM_AUTO_1R1W  |        0|  0|   0|    1|  3136|   32|     1|       100352|
    |output_136_U  |output_1_RAM_AUTO_1R1W  |        0|  0|   0|    1|  3136|   32|     1|       100352|
    |output_137_U  |output_1_RAM_AUTO_1R1W  |        0|  0|   0|    1|  3136|   32|     1|       100352|
    |output_138_U  |output_1_RAM_AUTO_1R1W  |        0|  0|   0|    1|  3136|   32|     1|       100352|
    |output_139_U  |output_1_RAM_AUTO_1R1W  |        0|  0|   0|    1|  3136|   32|     1|       100352|
    |output_140_U  |output_1_RAM_AUTO_1R1W  |        0|  0|   0|    1|  3136|   32|     1|       100352|
    |output_141_U  |output_1_RAM_AUTO_1R1W  |        0|  0|   0|    1|  3136|   32|     1|       100352|
    |output_142_U  |output_1_RAM_AUTO_1R1W  |        0|  0|   0|    1|  3136|   32|     1|       100352|
    |output_143_U  |output_1_RAM_AUTO_1R1W  |        0|  0|   0|    1|  3136|   32|     1|       100352|
    |output_144_U  |output_1_RAM_AUTO_1R1W  |        0|  0|   0|    1|  3136|   32|     1|       100352|
    |output_145_U  |output_1_RAM_AUTO_1R1W  |        0|  0|   0|    1|  3136|   32|     1|       100352|
    |output_146_U  |output_1_RAM_AUTO_1R1W  |        0|  0|   0|    1|  3136|   32|     1|       100352|
    |output_147_U  |output_1_RAM_AUTO_1R1W  |        0|  0|   0|    1|  3136|   32|     1|       100352|
    |output_148_U  |output_1_RAM_AUTO_1R1W  |        0|  0|   0|    1|  3136|   32|     1|       100352|
    |output_149_U  |output_1_RAM_AUTO_1R1W  |        0|  0|   0|    1|  3136|   32|     1|       100352|
    |output_150_U  |output_1_RAM_AUTO_1R1W  |        0|  0|   0|    1|  3136|   32|     1|       100352|
    |output_151_U  |output_1_RAM_AUTO_1R1W  |        0|  0|   0|    1|  3136|   32|     1|       100352|
    |output_152_U  |output_1_RAM_AUTO_1R1W  |        0|  0|   0|    1|  3136|   32|     1|       100352|
    |output_153_U  |output_1_RAM_AUTO_1R1W  |        0|  0|   0|    1|  3136|   32|     1|       100352|
    |output_154_U  |output_1_RAM_AUTO_1R1W  |        0|  0|   0|    1|  3136|   32|     1|       100352|
    |output_155_U  |output_1_RAM_AUTO_1R1W  |        0|  0|   0|    1|  3136|   32|     1|       100352|
    |output_156_U  |output_1_RAM_AUTO_1R1W  |        0|  0|   0|    1|  3136|   32|     1|       100352|
    |output_157_U  |output_1_RAM_AUTO_1R1W  |        0|  0|   0|    1|  3136|   32|     1|       100352|
    |output_158_U  |output_1_RAM_AUTO_1R1W  |        0|  0|   0|    1|  3136|   32|     1|       100352|
    |output_159_U  |output_1_RAM_AUTO_1R1W  |        0|  0|   0|    1|  3136|   32|     1|       100352|
    |output_160_U  |output_1_RAM_AUTO_1R1W  |        0|  0|   0|    1|  3136|   32|     1|       100352|
    |output_161_U  |output_1_RAM_AUTO_1R1W  |        0|  0|   0|    1|  3136|   32|     1|       100352|
    |output_162_U  |output_1_RAM_AUTO_1R1W  |        0|  0|   0|    1|  3136|   32|     1|       100352|
    |output_163_U  |output_1_RAM_AUTO_1R1W  |        0|  0|   0|    1|  3136|   32|     1|       100352|
    |output_164_U  |output_1_RAM_AUTO_1R1W  |        0|  0|   0|    1|  3136|   32|     1|       100352|
    |output_165_U  |output_1_RAM_AUTO_1R1W  |        0|  0|   0|    1|  3136|   32|     1|       100352|
    |output_166_U  |output_1_RAM_AUTO_1R1W  |        0|  0|   0|    1|  3136|   32|     1|       100352|
    |output_167_U  |output_1_RAM_AUTO_1R1W  |        0|  0|   0|    1|  3136|   32|     1|       100352|
    |output_168_U  |output_1_RAM_AUTO_1R1W  |        0|  0|   0|    1|  3136|   32|     1|       100352|
    |output_169_U  |output_1_RAM_AUTO_1R1W  |        0|  0|   0|    1|  3136|   32|     1|       100352|
    |output_170_U  |output_1_RAM_AUTO_1R1W  |        0|  0|   0|    1|  3136|   32|     1|       100352|
    |output_171_U  |output_1_RAM_AUTO_1R1W  |        0|  0|   0|    1|  3136|   32|     1|       100352|
    |output_172_U  |output_1_RAM_AUTO_1R1W  |        0|  0|   0|    1|  3136|   32|     1|       100352|
    |output_173_U  |output_1_RAM_AUTO_1R1W  |        0|  0|   0|    1|  3136|   32|     1|       100352|
    |output_174_U  |output_1_RAM_AUTO_1R1W  |        0|  0|   0|    1|  3136|   32|     1|       100352|
    |output_175_U  |output_1_RAM_AUTO_1R1W  |        0|  0|   0|    1|  3136|   32|     1|       100352|
    |output_176_U  |output_1_RAM_AUTO_1R1W  |        0|  0|   0|    1|  3136|   32|     1|       100352|
    |output_177_U  |output_1_RAM_AUTO_1R1W  |        0|  0|   0|    1|  3136|   32|     1|       100352|
    |output_178_U  |output_1_RAM_AUTO_1R1W  |        0|  0|   0|    1|  3136|   32|     1|       100352|
    |output_179_U  |output_1_RAM_AUTO_1R1W  |        0|  0|   0|    1|  3136|   32|     1|       100352|
    |output_180_U  |output_1_RAM_AUTO_1R1W  |        0|  0|   0|    1|  3136|   32|     1|       100352|
    |output_181_U  |output_1_RAM_AUTO_1R1W  |        0|  0|   0|    1|  3136|   32|     1|       100352|
    |output_182_U  |output_1_RAM_AUTO_1R1W  |        0|  0|   0|    1|  3136|   32|     1|       100352|
    |output_183_U  |output_1_RAM_AUTO_1R1W  |        0|  0|   0|    1|  3136|   32|     1|       100352|
    |output_184_U  |output_1_RAM_AUTO_1R1W  |        0|  0|   0|    1|  3136|   32|     1|       100352|
    |output_185_U  |output_1_RAM_AUTO_1R1W  |        0|  0|   0|    1|  3136|   32|     1|       100352|
    |output_186_U  |output_1_RAM_AUTO_1R1W  |        0|  0|   0|    1|  3136|   32|     1|       100352|
    |output_187_U  |output_1_RAM_AUTO_1R1W  |        0|  0|   0|    1|  3136|   32|     1|       100352|
    |output_188_U  |output_1_RAM_AUTO_1R1W  |        0|  0|   0|    1|  3136|   32|     1|       100352|
    |output_189_U  |output_1_RAM_AUTO_1R1W  |        0|  0|   0|    1|  3136|   32|     1|       100352|
    |output_190_U  |output_1_RAM_AUTO_1R1W  |        0|  0|   0|    1|  3136|   32|     1|       100352|
    |output_191_U  |output_1_RAM_AUTO_1R1W  |        0|  0|   0|    1|  3136|   32|     1|       100352|
    |output_192_U  |output_1_RAM_AUTO_1R1W  |        0|  0|   0|    1|  3136|   32|     1|       100352|
    |output_193_U  |output_1_RAM_AUTO_1R1W  |        0|  0|   0|    1|  3136|   32|     1|       100352|
    |output_194_U  |output_1_RAM_AUTO_1R1W  |        0|  0|   0|    1|  3136|   32|     1|       100352|
    |output_195_U  |output_1_RAM_AUTO_1R1W  |        0|  0|   0|    1|  3136|   32|     1|       100352|
    |output_196_U  |output_1_RAM_AUTO_1R1W  |        0|  0|   0|    1|  3136|   32|     1|       100352|
    |output_197_U  |output_1_RAM_AUTO_1R1W  |        0|  0|   0|    1|  3136|   32|     1|       100352|
    |output_198_U  |output_1_RAM_AUTO_1R1W  |        0|  0|   0|    1|  3136|   32|     1|       100352|
    |output_199_U  |output_1_RAM_AUTO_1R1W  |        0|  0|   0|    1|  3136|   32|     1|       100352|
    |output_200_U  |output_1_RAM_AUTO_1R1W  |        0|  0|   0|    1|  3136|   32|     1|       100352|
    |output_201_U  |output_1_RAM_AUTO_1R1W  |        0|  0|   0|    1|  3136|   32|     1|       100352|
    |output_202_U  |output_1_RAM_AUTO_1R1W  |        0|  0|   0|    1|  3136|   32|     1|       100352|
    |output_203_U  |output_1_RAM_AUTO_1R1W  |        0|  0|   0|    1|  3136|   32|     1|       100352|
    |output_204_U  |output_1_RAM_AUTO_1R1W  |        0|  0|   0|    1|  3136|   32|     1|       100352|
    |output_205_U  |output_1_RAM_AUTO_1R1W  |        0|  0|   0|    1|  3136|   32|     1|       100352|
    |output_206_U  |output_1_RAM_AUTO_1R1W  |        0|  0|   0|    1|  3136|   32|     1|       100352|
    |output_207_U  |output_1_RAM_AUTO_1R1W  |        0|  0|   0|    1|  3136|   32|     1|       100352|
    |output_208_U  |output_1_RAM_AUTO_1R1W  |        0|  0|   0|    1|  3136|   32|     1|       100352|
    |output_209_U  |output_1_RAM_AUTO_1R1W  |        0|  0|   0|    1|  3136|   32|     1|       100352|
    |output_210_U  |output_1_RAM_AUTO_1R1W  |        0|  0|   0|    1|  3136|   32|     1|       100352|
    |output_211_U  |output_1_RAM_AUTO_1R1W  |        0|  0|   0|    1|  3136|   32|     1|       100352|
    |output_212_U  |output_1_RAM_AUTO_1R1W  |        0|  0|   0|    1|  3136|   32|     1|       100352|
    |output_213_U  |output_1_RAM_AUTO_1R1W  |        0|  0|   0|    1|  3136|   32|     1|       100352|
    |output_214_U  |output_1_RAM_AUTO_1R1W  |        0|  0|   0|    1|  3136|   32|     1|       100352|
    |output_215_U  |output_1_RAM_AUTO_1R1W  |        0|  0|   0|    1|  3136|   32|     1|       100352|
    |output_216_U  |output_1_RAM_AUTO_1R1W  |        0|  0|   0|    1|  3136|   32|     1|       100352|
    |output_217_U  |output_1_RAM_AUTO_1R1W  |        0|  0|   0|    1|  3136|   32|     1|       100352|
    |output_218_U  |output_1_RAM_AUTO_1R1W  |        0|  0|   0|    1|  3136|   32|     1|       100352|
    |output_219_U  |output_1_RAM_AUTO_1R1W  |        0|  0|   0|    1|  3136|   32|     1|       100352|
    |output_220_U  |output_1_RAM_AUTO_1R1W  |        0|  0|   0|    1|  3136|   32|     1|       100352|
    |output_221_U  |output_1_RAM_AUTO_1R1W  |        0|  0|   0|    1|  3136|   32|     1|       100352|
    |output_222_U  |output_1_RAM_AUTO_1R1W  |        0|  0|   0|    1|  3136|   32|     1|       100352|
    |output_223_U  |output_1_RAM_AUTO_1R1W  |        0|  0|   0|    1|  3136|   32|     1|       100352|
    |output_224_U  |output_1_RAM_AUTO_1R1W  |        0|  0|   0|    1|  3136|   32|     1|       100352|
    |output_225_U  |output_1_RAM_AUTO_1R1W  |        0|  0|   0|    1|  3136|   32|     1|       100352|
    |output_226_U  |output_1_RAM_AUTO_1R1W  |        0|  0|   0|    1|  3136|   32|     1|       100352|
    |output_227_U  |output_1_RAM_AUTO_1R1W  |        0|  0|   0|    1|  3136|   32|     1|       100352|
    |output_228_U  |output_1_RAM_AUTO_1R1W  |        0|  0|   0|    1|  3136|   32|     1|       100352|
    |output_229_U  |output_1_RAM_AUTO_1R1W  |        0|  0|   0|    1|  3136|   32|     1|       100352|
    |output_230_U  |output_1_RAM_AUTO_1R1W  |        0|  0|   0|    1|  3136|   32|     1|       100352|
    |output_231_U  |output_1_RAM_AUTO_1R1W  |        0|  0|   0|    1|  3136|   32|     1|       100352|
    |output_232_U  |output_1_RAM_AUTO_1R1W  |        0|  0|   0|    1|  3136|   32|     1|       100352|
    |output_233_U  |output_1_RAM_AUTO_1R1W  |        0|  0|   0|    1|  3136|   32|     1|       100352|
    |output_234_U  |output_1_RAM_AUTO_1R1W  |        0|  0|   0|    1|  3136|   32|     1|       100352|
    |output_235_U  |output_1_RAM_AUTO_1R1W  |        0|  0|   0|    1|  3136|   32|     1|       100352|
    |output_236_U  |output_1_RAM_AUTO_1R1W  |        0|  0|   0|    1|  3136|   32|     1|       100352|
    |output_237_U  |output_1_RAM_AUTO_1R1W  |        0|  0|   0|    1|  3136|   32|     1|       100352|
    |output_238_U  |output_1_RAM_AUTO_1R1W  |        0|  0|   0|    1|  3136|   32|     1|       100352|
    |output_239_U  |output_1_RAM_AUTO_1R1W  |        0|  0|   0|    1|  3136|   32|     1|       100352|
    |output_240_U  |output_1_RAM_AUTO_1R1W  |        0|  0|   0|    1|  3136|   32|     1|       100352|
    |output_241_U  |output_1_RAM_AUTO_1R1W  |        0|  0|   0|    1|  3136|   32|     1|       100352|
    |output_242_U  |output_1_RAM_AUTO_1R1W  |        0|  0|   0|    1|  3136|   32|     1|       100352|
    |output_243_U  |output_1_RAM_AUTO_1R1W  |        0|  0|   0|    1|  3136|   32|     1|       100352|
    |output_244_U  |output_1_RAM_AUTO_1R1W  |        0|  0|   0|    1|  3136|   32|     1|       100352|
    |output_245_U  |output_1_RAM_AUTO_1R1W  |        0|  0|   0|    1|  3136|   32|     1|       100352|
    |output_246_U  |output_1_RAM_AUTO_1R1W  |        0|  0|   0|    1|  3136|   32|     1|       100352|
    |output_247_U  |output_1_RAM_AUTO_1R1W  |        0|  0|   0|    1|  3136|   32|     1|       100352|
    |output_248_U  |output_1_RAM_AUTO_1R1W  |        0|  0|   0|    1|  3136|   32|     1|       100352|
    |output_249_U  |output_1_RAM_AUTO_1R1W  |        0|  0|   0|    1|  3136|   32|     1|       100352|
    |output_250_U  |output_1_RAM_AUTO_1R1W  |        0|  0|   0|    1|  3136|   32|     1|       100352|
    |output_251_U  |output_1_RAM_AUTO_1R1W  |        0|  0|   0|    1|  3136|   32|     1|       100352|
    |output_252_U  |output_1_RAM_AUTO_1R1W  |        0|  0|   0|    1|  3136|   32|     1|       100352|
    |output_253_U  |output_1_RAM_AUTO_1R1W  |        0|  0|   0|    1|  3136|   32|     1|       100352|
    |output_254_U  |output_1_RAM_AUTO_1R1W  |        0|  0|   0|    1|  3136|   32|     1|       100352|
    |output_255_U  |output_1_RAM_AUTO_1R1W  |        0|  0|   0|    1|  3136|   32|     1|       100352|
    |output_U      |output_RAM_AUTO_1R1W    |        0|  0|   0|    1|  3136|   32|     1|       100352|
    |output_4_U    |output_RAM_AUTO_1R1W    |        0|  0|   0|    1|  3136|   32|     1|       100352|
    |output_8_U    |output_RAM_AUTO_1R1W    |        0|  0|   0|    1|  3136|   32|     1|       100352|
    |output_12_U   |output_RAM_AUTO_1R1W    |        0|  0|   0|    1|  3136|   32|     1|       100352|
    |output_16_U   |output_RAM_AUTO_1R1W    |        0|  0|   0|    1|  3136|   32|     1|       100352|
    |output_20_U   |output_RAM_AUTO_1R1W    |        0|  0|   0|    1|  3136|   32|     1|       100352|
    |output_24_U   |output_RAM_AUTO_1R1W    |        0|  0|   0|    1|  3136|   32|     1|       100352|
    |output_28_U   |output_RAM_AUTO_1R1W    |        0|  0|   0|    1|  3136|   32|     1|       100352|
    |output_32_U   |output_RAM_AUTO_1R1W    |        0|  0|   0|    1|  3136|   32|     1|       100352|
    |output_36_U   |output_RAM_AUTO_1R1W    |        0|  0|   0|    1|  3136|   32|     1|       100352|
    |output_40_U   |output_RAM_AUTO_1R1W    |        0|  0|   0|    1|  3136|   32|     1|       100352|
    |output_44_U   |output_RAM_AUTO_1R1W    |        0|  0|   0|    1|  3136|   32|     1|       100352|
    |output_48_U   |output_RAM_AUTO_1R1W    |        0|  0|   0|    1|  3136|   32|     1|       100352|
    |output_52_U   |output_RAM_AUTO_1R1W    |        0|  0|   0|    1|  3136|   32|     1|       100352|
    |output_56_U   |output_RAM_AUTO_1R1W    |        0|  0|   0|    1|  3136|   32|     1|       100352|
    |output_60_U   |output_RAM_AUTO_1R1W    |        0|  0|   0|    1|  3136|   32|     1|       100352|
    |output_64_U   |output_RAM_AUTO_1R1W    |        0|  0|   0|    1|  3136|   32|     1|       100352|
    |output_68_U   |output_RAM_AUTO_1R1W    |        0|  0|   0|    1|  3136|   32|     1|       100352|
    |output_72_U   |output_RAM_AUTO_1R1W    |        0|  0|   0|    1|  3136|   32|     1|       100352|
    |output_76_U   |output_RAM_AUTO_1R1W    |        0|  0|   0|    1|  3136|   32|     1|       100352|
    |output_80_U   |output_RAM_AUTO_1R1W    |        0|  0|   0|    1|  3136|   32|     1|       100352|
    |output_84_U   |output_RAM_AUTO_1R1W    |        0|  0|   0|    1|  3136|   32|     1|       100352|
    |output_88_U   |output_RAM_AUTO_1R1W    |        0|  0|   0|    1|  3136|   32|     1|       100352|
    |output_92_U   |output_RAM_AUTO_1R1W    |        0|  0|   0|    1|  3136|   32|     1|       100352|
    |output_96_U   |output_RAM_AUTO_1R1W    |        0|  0|   0|    1|  3136|   32|     1|       100352|
    |output_100_U  |output_RAM_AUTO_1R1W    |        0|  0|   0|    1|  3136|   32|     1|       100352|
    |output_104_U  |output_RAM_AUTO_1R1W    |        0|  0|   0|    1|  3136|   32|     1|       100352|
    |output_108_U  |output_RAM_AUTO_1R1W    |        0|  0|   0|    1|  3136|   32|     1|       100352|
    |output_112_U  |output_RAM_AUTO_1R1W    |        0|  0|   0|    1|  3136|   32|     1|       100352|
    |output_116_U  |output_RAM_AUTO_1R1W    |        0|  0|   0|    1|  3136|   32|     1|       100352|
    |output_120_U  |output_RAM_AUTO_1R1W    |        0|  0|   0|    1|  3136|   32|     1|       100352|
    |output_124_U  |output_RAM_AUTO_1R1W    |        0|  0|   0|    1|  3136|   32|     1|       100352|
    |weight_U      |weight_RAM_AUTO_1R1W    |        1|  0|   0|    0|   256|   32|     1|         8192|
    |weight_1_U    |weight_RAM_AUTO_1R1W    |        1|  0|   0|    0|   256|   32|     1|         8192|
    |weight_2_U    |weight_RAM_AUTO_1R1W    |        1|  0|   0|    0|   256|   32|     1|         8192|
    |weight_3_U    |weight_RAM_AUTO_1R1W    |        1|  0|   0|    0|   256|   32|     1|         8192|
    |weight_4_U    |weight_RAM_AUTO_1R1W    |        1|  0|   0|    0|   256|   32|     1|         8192|
    |weight_5_U    |weight_RAM_AUTO_1R1W    |        1|  0|   0|    0|   256|   32|     1|         8192|
    |weight_6_U    |weight_RAM_AUTO_1R1W    |        1|  0|   0|    0|   256|   32|     1|         8192|
    |weight_7_U    |weight_RAM_AUTO_1R1W    |        1|  0|   0|    0|   256|   32|     1|         8192|
    |weight_8_U    |weight_RAM_AUTO_1R1W    |        1|  0|   0|    0|   256|   32|     1|         8192|
    |weight_9_U    |weight_RAM_AUTO_1R1W    |        1|  0|   0|    0|   256|   32|     1|         8192|
    |weight_10_U   |weight_RAM_AUTO_1R1W    |        1|  0|   0|    0|   256|   32|     1|         8192|
    |weight_11_U   |weight_RAM_AUTO_1R1W    |        1|  0|   0|    0|   256|   32|     1|         8192|
    |weight_12_U   |weight_RAM_AUTO_1R1W    |        1|  0|   0|    0|   256|   32|     1|         8192|
    |weight_13_U   |weight_RAM_AUTO_1R1W    |        1|  0|   0|    0|   256|   32|     1|         8192|
    |weight_14_U   |weight_RAM_AUTO_1R1W    |        1|  0|   0|    0|   256|   32|     1|         8192|
    |weight_15_U   |weight_RAM_AUTO_1R1W    |        1|  0|   0|    0|   256|   32|     1|         8192|
    |weight_16_U   |weight_RAM_AUTO_1R1W    |        1|  0|   0|    0|   256|   32|     1|         8192|
    |weight_17_U   |weight_RAM_AUTO_1R1W    |        1|  0|   0|    0|   256|   32|     1|         8192|
    |weight_18_U   |weight_RAM_AUTO_1R1W    |        1|  0|   0|    0|   256|   32|     1|         8192|
    |weight_19_U   |weight_RAM_AUTO_1R1W    |        1|  0|   0|    0|   256|   32|     1|         8192|
    |weight_20_U   |weight_RAM_AUTO_1R1W    |        1|  0|   0|    0|   256|   32|     1|         8192|
    |weight_21_U   |weight_RAM_AUTO_1R1W    |        1|  0|   0|    0|   256|   32|     1|         8192|
    |weight_22_U   |weight_RAM_AUTO_1R1W    |        1|  0|   0|    0|   256|   32|     1|         8192|
    |weight_23_U   |weight_RAM_AUTO_1R1W    |        1|  0|   0|    0|   256|   32|     1|         8192|
    |weight_24_U   |weight_RAM_AUTO_1R1W    |        1|  0|   0|    0|   256|   32|     1|         8192|
    |weight_25_U   |weight_RAM_AUTO_1R1W    |        1|  0|   0|    0|   256|   32|     1|         8192|
    |weight_26_U   |weight_RAM_AUTO_1R1W    |        1|  0|   0|    0|   256|   32|     1|         8192|
    |weight_27_U   |weight_RAM_AUTO_1R1W    |        1|  0|   0|    0|   256|   32|     1|         8192|
    |weight_28_U   |weight_RAM_AUTO_1R1W    |        1|  0|   0|    0|   256|   32|     1|         8192|
    |weight_29_U   |weight_RAM_AUTO_1R1W    |        1|  0|   0|    0|   256|   32|     1|         8192|
    |weight_30_U   |weight_RAM_AUTO_1R1W    |        1|  0|   0|    0|   256|   32|     1|         8192|
    |weight_31_U   |weight_RAM_AUTO_1R1W    |        1|  0|   0|    0|   256|   32|     1|         8192|
    |weight_32_U   |weight_RAM_AUTO_1R1W    |        1|  0|   0|    0|   256|   32|     1|         8192|
    |weight_33_U   |weight_RAM_AUTO_1R1W    |        1|  0|   0|    0|   256|   32|     1|         8192|
    |weight_34_U   |weight_RAM_AUTO_1R1W    |        1|  0|   0|    0|   256|   32|     1|         8192|
    |weight_35_U   |weight_RAM_AUTO_1R1W    |        1|  0|   0|    0|   256|   32|     1|         8192|
    |weight_36_U   |weight_RAM_AUTO_1R1W    |        1|  0|   0|    0|   256|   32|     1|         8192|
    |weight_37_U   |weight_RAM_AUTO_1R1W    |        1|  0|   0|    0|   256|   32|     1|         8192|
    |weight_38_U   |weight_RAM_AUTO_1R1W    |        1|  0|   0|    0|   256|   32|     1|         8192|
    |weight_39_U   |weight_RAM_AUTO_1R1W    |        1|  0|   0|    0|   256|   32|     1|         8192|
    |weight_40_U   |weight_RAM_AUTO_1R1W    |        1|  0|   0|    0|   256|   32|     1|         8192|
    |weight_41_U   |weight_RAM_AUTO_1R1W    |        1|  0|   0|    0|   256|   32|     1|         8192|
    |weight_42_U   |weight_RAM_AUTO_1R1W    |        1|  0|   0|    0|   256|   32|     1|         8192|
    |weight_43_U   |weight_RAM_AUTO_1R1W    |        1|  0|   0|    0|   256|   32|     1|         8192|
    |weight_44_U   |weight_RAM_AUTO_1R1W    |        1|  0|   0|    0|   256|   32|     1|         8192|
    |weight_45_U   |weight_RAM_AUTO_1R1W    |        1|  0|   0|    0|   256|   32|     1|         8192|
    |weight_46_U   |weight_RAM_AUTO_1R1W    |        1|  0|   0|    0|   256|   32|     1|         8192|
    |weight_47_U   |weight_RAM_AUTO_1R1W    |        1|  0|   0|    0|   256|   32|     1|         8192|
    |weight_48_U   |weight_RAM_AUTO_1R1W    |        1|  0|   0|    0|   256|   32|     1|         8192|
    |weight_49_U   |weight_RAM_AUTO_1R1W    |        1|  0|   0|    0|   256|   32|     1|         8192|
    |weight_50_U   |weight_RAM_AUTO_1R1W    |        1|  0|   0|    0|   256|   32|     1|         8192|
    |weight_51_U   |weight_RAM_AUTO_1R1W    |        1|  0|   0|    0|   256|   32|     1|         8192|
    |weight_52_U   |weight_RAM_AUTO_1R1W    |        1|  0|   0|    0|   256|   32|     1|         8192|
    |weight_53_U   |weight_RAM_AUTO_1R1W    |        1|  0|   0|    0|   256|   32|     1|         8192|
    |weight_54_U   |weight_RAM_AUTO_1R1W    |        1|  0|   0|    0|   256|   32|     1|         8192|
    |weight_55_U   |weight_RAM_AUTO_1R1W    |        1|  0|   0|    0|   256|   32|     1|         8192|
    |weight_56_U   |weight_RAM_AUTO_1R1W    |        1|  0|   0|    0|   256|   32|     1|         8192|
    |weight_57_U   |weight_RAM_AUTO_1R1W    |        1|  0|   0|    0|   256|   32|     1|         8192|
    |weight_58_U   |weight_RAM_AUTO_1R1W    |        1|  0|   0|    0|   256|   32|     1|         8192|
    |weight_59_U   |weight_RAM_AUTO_1R1W    |        1|  0|   0|    0|   256|   32|     1|         8192|
    |weight_60_U   |weight_RAM_AUTO_1R1W    |        1|  0|   0|    0|   256|   32|     1|         8192|
    |weight_61_U   |weight_RAM_AUTO_1R1W    |        1|  0|   0|    0|   256|   32|     1|         8192|
    |weight_62_U   |weight_RAM_AUTO_1R1W    |        1|  0|   0|    0|   256|   32|     1|         8192|
    |weight_63_U   |weight_RAM_AUTO_1R1W    |        1|  0|   0|    0|   256|   32|     1|         8192|
    |weight_64_U   |weight_RAM_AUTO_1R1W    |        1|  0|   0|    0|   256|   32|     1|         8192|
    |weight_65_U   |weight_RAM_AUTO_1R1W    |        1|  0|   0|    0|   256|   32|     1|         8192|
    |weight_66_U   |weight_RAM_AUTO_1R1W    |        1|  0|   0|    0|   256|   32|     1|         8192|
    |weight_67_U   |weight_RAM_AUTO_1R1W    |        1|  0|   0|    0|   256|   32|     1|         8192|
    |weight_68_U   |weight_RAM_AUTO_1R1W    |        1|  0|   0|    0|   256|   32|     1|         8192|
    |weight_69_U   |weight_RAM_AUTO_1R1W    |        1|  0|   0|    0|   256|   32|     1|         8192|
    |weight_70_U   |weight_RAM_AUTO_1R1W    |        1|  0|   0|    0|   256|   32|     1|         8192|
    |weight_71_U   |weight_RAM_AUTO_1R1W    |        1|  0|   0|    0|   256|   32|     1|         8192|
    |weight_72_U   |weight_RAM_AUTO_1R1W    |        1|  0|   0|    0|   256|   32|     1|         8192|
    |weight_73_U   |weight_RAM_AUTO_1R1W    |        1|  0|   0|    0|   256|   32|     1|         8192|
    |weight_74_U   |weight_RAM_AUTO_1R1W    |        1|  0|   0|    0|   256|   32|     1|         8192|
    |weight_75_U   |weight_RAM_AUTO_1R1W    |        1|  0|   0|    0|   256|   32|     1|         8192|
    |weight_76_U   |weight_RAM_AUTO_1R1W    |        1|  0|   0|    0|   256|   32|     1|         8192|
    |weight_77_U   |weight_RAM_AUTO_1R1W    |        1|  0|   0|    0|   256|   32|     1|         8192|
    |weight_78_U   |weight_RAM_AUTO_1R1W    |        1|  0|   0|    0|   256|   32|     1|         8192|
    |weight_79_U   |weight_RAM_AUTO_1R1W    |        1|  0|   0|    0|   256|   32|     1|         8192|
    |weight_80_U   |weight_RAM_AUTO_1R1W    |        1|  0|   0|    0|   256|   32|     1|         8192|
    |weight_81_U   |weight_RAM_AUTO_1R1W    |        1|  0|   0|    0|   256|   32|     1|         8192|
    |weight_82_U   |weight_RAM_AUTO_1R1W    |        1|  0|   0|    0|   256|   32|     1|         8192|
    |weight_83_U   |weight_RAM_AUTO_1R1W    |        1|  0|   0|    0|   256|   32|     1|         8192|
    |weight_84_U   |weight_RAM_AUTO_1R1W    |        1|  0|   0|    0|   256|   32|     1|         8192|
    |weight_85_U   |weight_RAM_AUTO_1R1W    |        1|  0|   0|    0|   256|   32|     1|         8192|
    |weight_86_U   |weight_RAM_AUTO_1R1W    |        1|  0|   0|    0|   256|   32|     1|         8192|
    |weight_87_U   |weight_RAM_AUTO_1R1W    |        1|  0|   0|    0|   256|   32|     1|         8192|
    |weight_88_U   |weight_RAM_AUTO_1R1W    |        1|  0|   0|    0|   256|   32|     1|         8192|
    |weight_89_U   |weight_RAM_AUTO_1R1W    |        1|  0|   0|    0|   256|   32|     1|         8192|
    |weight_90_U   |weight_RAM_AUTO_1R1W    |        1|  0|   0|    0|   256|   32|     1|         8192|
    |weight_91_U   |weight_RAM_AUTO_1R1W    |        1|  0|   0|    0|   256|   32|     1|         8192|
    |weight_92_U   |weight_RAM_AUTO_1R1W    |        1|  0|   0|    0|   256|   32|     1|         8192|
    |weight_93_U   |weight_RAM_AUTO_1R1W    |        1|  0|   0|    0|   256|   32|     1|         8192|
    |weight_94_U   |weight_RAM_AUTO_1R1W    |        1|  0|   0|    0|   256|   32|     1|         8192|
    |weight_95_U   |weight_RAM_AUTO_1R1W    |        1|  0|   0|    0|   256|   32|     1|         8192|
    |weight_96_U   |weight_RAM_AUTO_1R1W    |        1|  0|   0|    0|   256|   32|     1|         8192|
    |weight_97_U   |weight_RAM_AUTO_1R1W    |        1|  0|   0|    0|   256|   32|     1|         8192|
    |weight_98_U   |weight_RAM_AUTO_1R1W    |        1|  0|   0|    0|   256|   32|     1|         8192|
    |weight_99_U   |weight_RAM_AUTO_1R1W    |        1|  0|   0|    0|   256|   32|     1|         8192|
    |weight_100_U  |weight_RAM_AUTO_1R1W    |        1|  0|   0|    0|   256|   32|     1|         8192|
    |weight_101_U  |weight_RAM_AUTO_1R1W    |        1|  0|   0|    0|   256|   32|     1|         8192|
    |weight_102_U  |weight_RAM_AUTO_1R1W    |        1|  0|   0|    0|   256|   32|     1|         8192|
    |weight_103_U  |weight_RAM_AUTO_1R1W    |        1|  0|   0|    0|   256|   32|     1|         8192|
    |weight_104_U  |weight_RAM_AUTO_1R1W    |        1|  0|   0|    0|   256|   32|     1|         8192|
    |weight_105_U  |weight_RAM_AUTO_1R1W    |        1|  0|   0|    0|   256|   32|     1|         8192|
    |weight_106_U  |weight_RAM_AUTO_1R1W    |        1|  0|   0|    0|   256|   32|     1|         8192|
    |weight_107_U  |weight_RAM_AUTO_1R1W    |        1|  0|   0|    0|   256|   32|     1|         8192|
    |weight_108_U  |weight_RAM_AUTO_1R1W    |        1|  0|   0|    0|   256|   32|     1|         8192|
    |weight_109_U  |weight_RAM_AUTO_1R1W    |        1|  0|   0|    0|   256|   32|     1|         8192|
    |weight_110_U  |weight_RAM_AUTO_1R1W    |        1|  0|   0|    0|   256|   32|     1|         8192|
    |weight_111_U  |weight_RAM_AUTO_1R1W    |        1|  0|   0|    0|   256|   32|     1|         8192|
    |weight_112_U  |weight_RAM_AUTO_1R1W    |        1|  0|   0|    0|   256|   32|     1|         8192|
    |weight_113_U  |weight_RAM_AUTO_1R1W    |        1|  0|   0|    0|   256|   32|     1|         8192|
    |weight_114_U  |weight_RAM_AUTO_1R1W    |        1|  0|   0|    0|   256|   32|     1|         8192|
    |weight_115_U  |weight_RAM_AUTO_1R1W    |        1|  0|   0|    0|   256|   32|     1|         8192|
    |weight_116_U  |weight_RAM_AUTO_1R1W    |        1|  0|   0|    0|   256|   32|     1|         8192|
    |weight_117_U  |weight_RAM_AUTO_1R1W    |        1|  0|   0|    0|   256|   32|     1|         8192|
    |weight_118_U  |weight_RAM_AUTO_1R1W    |        1|  0|   0|    0|   256|   32|     1|         8192|
    |weight_119_U  |weight_RAM_AUTO_1R1W    |        1|  0|   0|    0|   256|   32|     1|         8192|
    |weight_120_U  |weight_RAM_AUTO_1R1W    |        1|  0|   0|    0|   256|   32|     1|         8192|
    |weight_121_U  |weight_RAM_AUTO_1R1W    |        1|  0|   0|    0|   256|   32|     1|         8192|
    |weight_122_U  |weight_RAM_AUTO_1R1W    |        1|  0|   0|    0|   256|   32|     1|         8192|
    |weight_123_U  |weight_RAM_AUTO_1R1W    |        1|  0|   0|    0|   256|   32|     1|         8192|
    |weight_124_U  |weight_RAM_AUTO_1R1W    |        1|  0|   0|    0|   256|   32|     1|         8192|
    |weight_125_U  |weight_RAM_AUTO_1R1W    |        1|  0|   0|    0|   256|   32|     1|         8192|
    |weight_126_U  |weight_RAM_AUTO_1R1W    |        1|  0|   0|    0|   256|   32|     1|         8192|
    |weight_127_U  |weight_RAM_AUTO_1R1W    |        1|  0|   0|    0|   256|   32|     1|         8192|
    |weight_128_U  |weight_RAM_AUTO_1R1W    |        1|  0|   0|    0|   256|   32|     1|         8192|
    |weight_129_U  |weight_RAM_AUTO_1R1W    |        1|  0|   0|    0|   256|   32|     1|         8192|
    |weight_130_U  |weight_RAM_AUTO_1R1W    |        1|  0|   0|    0|   256|   32|     1|         8192|
    |weight_131_U  |weight_RAM_AUTO_1R1W    |        1|  0|   0|    0|   256|   32|     1|         8192|
    |weight_132_U  |weight_RAM_AUTO_1R1W    |        1|  0|   0|    0|   256|   32|     1|         8192|
    |weight_133_U  |weight_RAM_AUTO_1R1W    |        1|  0|   0|    0|   256|   32|     1|         8192|
    |weight_134_U  |weight_RAM_AUTO_1R1W    |        1|  0|   0|    0|   256|   32|     1|         8192|
    |weight_135_U  |weight_RAM_AUTO_1R1W    |        1|  0|   0|    0|   256|   32|     1|         8192|
    |weight_136_U  |weight_RAM_AUTO_1R1W    |        1|  0|   0|    0|   256|   32|     1|         8192|
    |weight_137_U  |weight_RAM_AUTO_1R1W    |        1|  0|   0|    0|   256|   32|     1|         8192|
    |weight_138_U  |weight_RAM_AUTO_1R1W    |        1|  0|   0|    0|   256|   32|     1|         8192|
    |weight_139_U  |weight_RAM_AUTO_1R1W    |        1|  0|   0|    0|   256|   32|     1|         8192|
    |weight_140_U  |weight_RAM_AUTO_1R1W    |        1|  0|   0|    0|   256|   32|     1|         8192|
    |weight_141_U  |weight_RAM_AUTO_1R1W    |        1|  0|   0|    0|   256|   32|     1|         8192|
    |weight_142_U  |weight_RAM_AUTO_1R1W    |        1|  0|   0|    0|   256|   32|     1|         8192|
    |weight_143_U  |weight_RAM_AUTO_1R1W    |        1|  0|   0|    0|   256|   32|     1|         8192|
    |weight_144_U  |weight_RAM_AUTO_1R1W    |        1|  0|   0|    0|   256|   32|     1|         8192|
    |weight_145_U  |weight_RAM_AUTO_1R1W    |        1|  0|   0|    0|   256|   32|     1|         8192|
    |weight_146_U  |weight_RAM_AUTO_1R1W    |        1|  0|   0|    0|   256|   32|     1|         8192|
    |weight_147_U  |weight_RAM_AUTO_1R1W    |        1|  0|   0|    0|   256|   32|     1|         8192|
    |weight_148_U  |weight_RAM_AUTO_1R1W    |        1|  0|   0|    0|   256|   32|     1|         8192|
    |weight_149_U  |weight_RAM_AUTO_1R1W    |        1|  0|   0|    0|   256|   32|     1|         8192|
    |weight_150_U  |weight_RAM_AUTO_1R1W    |        1|  0|   0|    0|   256|   32|     1|         8192|
    |weight_151_U  |weight_RAM_AUTO_1R1W    |        1|  0|   0|    0|   256|   32|     1|         8192|
    |weight_152_U  |weight_RAM_AUTO_1R1W    |        1|  0|   0|    0|   256|   32|     1|         8192|
    |weight_153_U  |weight_RAM_AUTO_1R1W    |        1|  0|   0|    0|   256|   32|     1|         8192|
    |weight_154_U  |weight_RAM_AUTO_1R1W    |        1|  0|   0|    0|   256|   32|     1|         8192|
    |weight_155_U  |weight_RAM_AUTO_1R1W    |        1|  0|   0|    0|   256|   32|     1|         8192|
    |weight_156_U  |weight_RAM_AUTO_1R1W    |        1|  0|   0|    0|   256|   32|     1|         8192|
    |weight_157_U  |weight_RAM_AUTO_1R1W    |        1|  0|   0|    0|   256|   32|     1|         8192|
    |weight_158_U  |weight_RAM_AUTO_1R1W    |        1|  0|   0|    0|   256|   32|     1|         8192|
    |weight_159_U  |weight_RAM_AUTO_1R1W    |        1|  0|   0|    0|   256|   32|     1|         8192|
    |weight_160_U  |weight_RAM_AUTO_1R1W    |        1|  0|   0|    0|   256|   32|     1|         8192|
    |weight_161_U  |weight_RAM_AUTO_1R1W    |        1|  0|   0|    0|   256|   32|     1|         8192|
    |weight_162_U  |weight_RAM_AUTO_1R1W    |        1|  0|   0|    0|   256|   32|     1|         8192|
    |weight_163_U  |weight_RAM_AUTO_1R1W    |        1|  0|   0|    0|   256|   32|     1|         8192|
    |weight_164_U  |weight_RAM_AUTO_1R1W    |        1|  0|   0|    0|   256|   32|     1|         8192|
    |weight_165_U  |weight_RAM_AUTO_1R1W    |        1|  0|   0|    0|   256|   32|     1|         8192|
    |weight_166_U  |weight_RAM_AUTO_1R1W    |        1|  0|   0|    0|   256|   32|     1|         8192|
    |weight_167_U  |weight_RAM_AUTO_1R1W    |        1|  0|   0|    0|   256|   32|     1|         8192|
    |weight_168_U  |weight_RAM_AUTO_1R1W    |        1|  0|   0|    0|   256|   32|     1|         8192|
    |weight_169_U  |weight_RAM_AUTO_1R1W    |        1|  0|   0|    0|   256|   32|     1|         8192|
    |weight_170_U  |weight_RAM_AUTO_1R1W    |        1|  0|   0|    0|   256|   32|     1|         8192|
    |weight_171_U  |weight_RAM_AUTO_1R1W    |        1|  0|   0|    0|   256|   32|     1|         8192|
    |weight_172_U  |weight_RAM_AUTO_1R1W    |        1|  0|   0|    0|   256|   32|     1|         8192|
    |weight_173_U  |weight_RAM_AUTO_1R1W    |        1|  0|   0|    0|   256|   32|     1|         8192|
    |weight_174_U  |weight_RAM_AUTO_1R1W    |        1|  0|   0|    0|   256|   32|     1|         8192|
    |weight_175_U  |weight_RAM_AUTO_1R1W    |        1|  0|   0|    0|   256|   32|     1|         8192|
    |weight_176_U  |weight_RAM_AUTO_1R1W    |        1|  0|   0|    0|   256|   32|     1|         8192|
    |weight_177_U  |weight_RAM_AUTO_1R1W    |        1|  0|   0|    0|   256|   32|     1|         8192|
    |weight_178_U  |weight_RAM_AUTO_1R1W    |        1|  0|   0|    0|   256|   32|     1|         8192|
    |weight_179_U  |weight_RAM_AUTO_1R1W    |        1|  0|   0|    0|   256|   32|     1|         8192|
    |weight_180_U  |weight_RAM_AUTO_1R1W    |        1|  0|   0|    0|   256|   32|     1|         8192|
    |weight_181_U  |weight_RAM_AUTO_1R1W    |        1|  0|   0|    0|   256|   32|     1|         8192|
    |weight_182_U  |weight_RAM_AUTO_1R1W    |        1|  0|   0|    0|   256|   32|     1|         8192|
    |weight_183_U  |weight_RAM_AUTO_1R1W    |        1|  0|   0|    0|   256|   32|     1|         8192|
    |weight_184_U  |weight_RAM_AUTO_1R1W    |        1|  0|   0|    0|   256|   32|     1|         8192|
    |weight_185_U  |weight_RAM_AUTO_1R1W    |        1|  0|   0|    0|   256|   32|     1|         8192|
    |weight_186_U  |weight_RAM_AUTO_1R1W    |        1|  0|   0|    0|   256|   32|     1|         8192|
    |weight_187_U  |weight_RAM_AUTO_1R1W    |        1|  0|   0|    0|   256|   32|     1|         8192|
    |weight_188_U  |weight_RAM_AUTO_1R1W    |        1|  0|   0|    0|   256|   32|     1|         8192|
    |weight_189_U  |weight_RAM_AUTO_1R1W    |        1|  0|   0|    0|   256|   32|     1|         8192|
    |weight_190_U  |weight_RAM_AUTO_1R1W    |        1|  0|   0|    0|   256|   32|     1|         8192|
    |weight_191_U  |weight_RAM_AUTO_1R1W    |        1|  0|   0|    0|   256|   32|     1|         8192|
    |weight_192_U  |weight_RAM_AUTO_1R1W    |        1|  0|   0|    0|   256|   32|     1|         8192|
    |weight_193_U  |weight_RAM_AUTO_1R1W    |        1|  0|   0|    0|   256|   32|     1|         8192|
    |weight_194_U  |weight_RAM_AUTO_1R1W    |        1|  0|   0|    0|   256|   32|     1|         8192|
    |weight_195_U  |weight_RAM_AUTO_1R1W    |        1|  0|   0|    0|   256|   32|     1|         8192|
    |weight_196_U  |weight_RAM_AUTO_1R1W    |        1|  0|   0|    0|   256|   32|     1|         8192|
    |weight_197_U  |weight_RAM_AUTO_1R1W    |        1|  0|   0|    0|   256|   32|     1|         8192|
    |weight_198_U  |weight_RAM_AUTO_1R1W    |        1|  0|   0|    0|   256|   32|     1|         8192|
    |weight_199_U  |weight_RAM_AUTO_1R1W    |        1|  0|   0|    0|   256|   32|     1|         8192|
    |weight_200_U  |weight_RAM_AUTO_1R1W    |        1|  0|   0|    0|   256|   32|     1|         8192|
    |weight_201_U  |weight_RAM_AUTO_1R1W    |        1|  0|   0|    0|   256|   32|     1|         8192|
    |weight_202_U  |weight_RAM_AUTO_1R1W    |        1|  0|   0|    0|   256|   32|     1|         8192|
    |weight_203_U  |weight_RAM_AUTO_1R1W    |        1|  0|   0|    0|   256|   32|     1|         8192|
    |weight_204_U  |weight_RAM_AUTO_1R1W    |        1|  0|   0|    0|   256|   32|     1|         8192|
    |weight_205_U  |weight_RAM_AUTO_1R1W    |        1|  0|   0|    0|   256|   32|     1|         8192|
    |weight_206_U  |weight_RAM_AUTO_1R1W    |        1|  0|   0|    0|   256|   32|     1|         8192|
    |weight_207_U  |weight_RAM_AUTO_1R1W    |        1|  0|   0|    0|   256|   32|     1|         8192|
    |weight_208_U  |weight_RAM_AUTO_1R1W    |        1|  0|   0|    0|   256|   32|     1|         8192|
    |weight_209_U  |weight_RAM_AUTO_1R1W    |        1|  0|   0|    0|   256|   32|     1|         8192|
    |weight_210_U  |weight_RAM_AUTO_1R1W    |        1|  0|   0|    0|   256|   32|     1|         8192|
    |weight_211_U  |weight_RAM_AUTO_1R1W    |        1|  0|   0|    0|   256|   32|     1|         8192|
    |weight_212_U  |weight_RAM_AUTO_1R1W    |        1|  0|   0|    0|   256|   32|     1|         8192|
    |weight_213_U  |weight_RAM_AUTO_1R1W    |        1|  0|   0|    0|   256|   32|     1|         8192|
    |weight_214_U  |weight_RAM_AUTO_1R1W    |        1|  0|   0|    0|   256|   32|     1|         8192|
    |weight_215_U  |weight_RAM_AUTO_1R1W    |        1|  0|   0|    0|   256|   32|     1|         8192|
    |weight_216_U  |weight_RAM_AUTO_1R1W    |        1|  0|   0|    0|   256|   32|     1|         8192|
    |weight_217_U  |weight_RAM_AUTO_1R1W    |        1|  0|   0|    0|   256|   32|     1|         8192|
    |weight_218_U  |weight_RAM_AUTO_1R1W    |        1|  0|   0|    0|   256|   32|     1|         8192|
    |weight_219_U  |weight_RAM_AUTO_1R1W    |        1|  0|   0|    0|   256|   32|     1|         8192|
    |weight_220_U  |weight_RAM_AUTO_1R1W    |        1|  0|   0|    0|   256|   32|     1|         8192|
    |weight_221_U  |weight_RAM_AUTO_1R1W    |        1|  0|   0|    0|   256|   32|     1|         8192|
    |weight_222_U  |weight_RAM_AUTO_1R1W    |        1|  0|   0|    0|   256|   32|     1|         8192|
    |weight_223_U  |weight_RAM_AUTO_1R1W    |        1|  0|   0|    0|   256|   32|     1|         8192|
    |weight_224_U  |weight_RAM_AUTO_1R1W    |        1|  0|   0|    0|   256|   32|     1|         8192|
    |weight_225_U  |weight_RAM_AUTO_1R1W    |        1|  0|   0|    0|   256|   32|     1|         8192|
    |weight_226_U  |weight_RAM_AUTO_1R1W    |        1|  0|   0|    0|   256|   32|     1|         8192|
    |weight_227_U  |weight_RAM_AUTO_1R1W    |        1|  0|   0|    0|   256|   32|     1|         8192|
    |weight_228_U  |weight_RAM_AUTO_1R1W    |        1|  0|   0|    0|   256|   32|     1|         8192|
    |weight_229_U  |weight_RAM_AUTO_1R1W    |        1|  0|   0|    0|   256|   32|     1|         8192|
    |weight_230_U  |weight_RAM_AUTO_1R1W    |        1|  0|   0|    0|   256|   32|     1|         8192|
    |weight_231_U  |weight_RAM_AUTO_1R1W    |        1|  0|   0|    0|   256|   32|     1|         8192|
    |weight_232_U  |weight_RAM_AUTO_1R1W    |        1|  0|   0|    0|   256|   32|     1|         8192|
    |weight_233_U  |weight_RAM_AUTO_1R1W    |        1|  0|   0|    0|   256|   32|     1|         8192|
    |weight_234_U  |weight_RAM_AUTO_1R1W    |        1|  0|   0|    0|   256|   32|     1|         8192|
    |weight_235_U  |weight_RAM_AUTO_1R1W    |        1|  0|   0|    0|   256|   32|     1|         8192|
    |weight_236_U  |weight_RAM_AUTO_1R1W    |        1|  0|   0|    0|   256|   32|     1|         8192|
    |weight_237_U  |weight_RAM_AUTO_1R1W    |        1|  0|   0|    0|   256|   32|     1|         8192|
    |weight_238_U  |weight_RAM_AUTO_1R1W    |        1|  0|   0|    0|   256|   32|     1|         8192|
    |weight_239_U  |weight_RAM_AUTO_1R1W    |        1|  0|   0|    0|   256|   32|     1|         8192|
    |weight_240_U  |weight_RAM_AUTO_1R1W    |        1|  0|   0|    0|   256|   32|     1|         8192|
    |weight_241_U  |weight_RAM_AUTO_1R1W    |        1|  0|   0|    0|   256|   32|     1|         8192|
    |weight_242_U  |weight_RAM_AUTO_1R1W    |        1|  0|   0|    0|   256|   32|     1|         8192|
    |weight_243_U  |weight_RAM_AUTO_1R1W    |        1|  0|   0|    0|   256|   32|     1|         8192|
    |weight_244_U  |weight_RAM_AUTO_1R1W    |        1|  0|   0|    0|   256|   32|     1|         8192|
    |weight_245_U  |weight_RAM_AUTO_1R1W    |        1|  0|   0|    0|   256|   32|     1|         8192|
    |weight_246_U  |weight_RAM_AUTO_1R1W    |        1|  0|   0|    0|   256|   32|     1|         8192|
    |weight_247_U  |weight_RAM_AUTO_1R1W    |        1|  0|   0|    0|   256|   32|     1|         8192|
    |weight_248_U  |weight_RAM_AUTO_1R1W    |        1|  0|   0|    0|   256|   32|     1|         8192|
    |weight_249_U  |weight_RAM_AUTO_1R1W    |        1|  0|   0|    0|   256|   32|     1|         8192|
    |weight_250_U  |weight_RAM_AUTO_1R1W    |        1|  0|   0|    0|   256|   32|     1|         8192|
    |weight_251_U  |weight_RAM_AUTO_1R1W    |        1|  0|   0|    0|   256|   32|     1|         8192|
    |weight_252_U  |weight_RAM_AUTO_1R1W    |        1|  0|   0|    0|   256|   32|     1|         8192|
    |weight_253_U  |weight_RAM_AUTO_1R1W    |        1|  0|   0|    0|   256|   32|     1|         8192|
    |weight_254_U  |weight_RAM_AUTO_1R1W    |        1|  0|   0|    0|   256|   32|     1|         8192|
    |weight_255_U  |weight_RAM_AUTO_1R1W    |        1|  0|   0|    0|   256|   32|     1|         8192|
    |weight_256_U  |weight_RAM_AUTO_1R1W    |        1|  0|   0|    0|   256|   32|     1|         8192|
    |weight_257_U  |weight_RAM_AUTO_1R1W    |        1|  0|   0|    0|   256|   32|     1|         8192|
    |weight_258_U  |weight_RAM_AUTO_1R1W    |        1|  0|   0|    0|   256|   32|     1|         8192|
    |weight_259_U  |weight_RAM_AUTO_1R1W    |        1|  0|   0|    0|   256|   32|     1|         8192|
    |weight_260_U  |weight_RAM_AUTO_1R1W    |        1|  0|   0|    0|   256|   32|     1|         8192|
    |weight_261_U  |weight_RAM_AUTO_1R1W    |        1|  0|   0|    0|   256|   32|     1|         8192|
    |weight_262_U  |weight_RAM_AUTO_1R1W    |        1|  0|   0|    0|   256|   32|     1|         8192|
    |weight_263_U  |weight_RAM_AUTO_1R1W    |        1|  0|   0|    0|   256|   32|     1|         8192|
    |weight_264_U  |weight_RAM_AUTO_1R1W    |        1|  0|   0|    0|   256|   32|     1|         8192|
    |weight_265_U  |weight_RAM_AUTO_1R1W    |        1|  0|   0|    0|   256|   32|     1|         8192|
    |weight_266_U  |weight_RAM_AUTO_1R1W    |        1|  0|   0|    0|   256|   32|     1|         8192|
    |weight_267_U  |weight_RAM_AUTO_1R1W    |        1|  0|   0|    0|   256|   32|     1|         8192|
    |weight_268_U  |weight_RAM_AUTO_1R1W    |        1|  0|   0|    0|   256|   32|     1|         8192|
    |weight_269_U  |weight_RAM_AUTO_1R1W    |        1|  0|   0|    0|   256|   32|     1|         8192|
    |weight_270_U  |weight_RAM_AUTO_1R1W    |        1|  0|   0|    0|   256|   32|     1|         8192|
    |weight_271_U  |weight_RAM_AUTO_1R1W    |        1|  0|   0|    0|   256|   32|     1|         8192|
    |weight_272_U  |weight_RAM_AUTO_1R1W    |        1|  0|   0|    0|   256|   32|     1|         8192|
    |weight_273_U  |weight_RAM_AUTO_1R1W    |        1|  0|   0|    0|   256|   32|     1|         8192|
    |weight_274_U  |weight_RAM_AUTO_1R1W    |        1|  0|   0|    0|   256|   32|     1|         8192|
    |weight_275_U  |weight_RAM_AUTO_1R1W    |        1|  0|   0|    0|   256|   32|     1|         8192|
    |weight_276_U  |weight_RAM_AUTO_1R1W    |        1|  0|   0|    0|   256|   32|     1|         8192|
    |weight_277_U  |weight_RAM_AUTO_1R1W    |        1|  0|   0|    0|   256|   32|     1|         8192|
    |weight_278_U  |weight_RAM_AUTO_1R1W    |        1|  0|   0|    0|   256|   32|     1|         8192|
    |weight_279_U  |weight_RAM_AUTO_1R1W    |        1|  0|   0|    0|   256|   32|     1|         8192|
    |weight_280_U  |weight_RAM_AUTO_1R1W    |        1|  0|   0|    0|   256|   32|     1|         8192|
    |weight_281_U  |weight_RAM_AUTO_1R1W    |        1|  0|   0|    0|   256|   32|     1|         8192|
    |weight_282_U  |weight_RAM_AUTO_1R1W    |        1|  0|   0|    0|   256|   32|     1|         8192|
    |weight_283_U  |weight_RAM_AUTO_1R1W    |        1|  0|   0|    0|   256|   32|     1|         8192|
    |weight_284_U  |weight_RAM_AUTO_1R1W    |        1|  0|   0|    0|   256|   32|     1|         8192|
    |weight_285_U  |weight_RAM_AUTO_1R1W    |        1|  0|   0|    0|   256|   32|     1|         8192|
    |weight_286_U  |weight_RAM_AUTO_1R1W    |        1|  0|   0|    0|   256|   32|     1|         8192|
    |weight_287_U  |weight_RAM_AUTO_1R1W    |        1|  0|   0|    0|   256|   32|     1|         8192|
    |weight_288_U  |weight_RAM_AUTO_1R1W    |        1|  0|   0|    0|   256|   32|     1|         8192|
    |weight_289_U  |weight_RAM_AUTO_1R1W    |        1|  0|   0|    0|   256|   32|     1|         8192|
    |weight_290_U  |weight_RAM_AUTO_1R1W    |        1|  0|   0|    0|   256|   32|     1|         8192|
    |weight_291_U  |weight_RAM_AUTO_1R1W    |        1|  0|   0|    0|   256|   32|     1|         8192|
    |weight_292_U  |weight_RAM_AUTO_1R1W    |        1|  0|   0|    0|   256|   32|     1|         8192|
    |weight_293_U  |weight_RAM_AUTO_1R1W    |        1|  0|   0|    0|   256|   32|     1|         8192|
    |weight_294_U  |weight_RAM_AUTO_1R1W    |        1|  0|   0|    0|   256|   32|     1|         8192|
    |weight_295_U  |weight_RAM_AUTO_1R1W    |        1|  0|   0|    0|   256|   32|     1|         8192|
    |weight_296_U  |weight_RAM_AUTO_1R1W    |        1|  0|   0|    0|   256|   32|     1|         8192|
    |weight_297_U  |weight_RAM_AUTO_1R1W    |        1|  0|   0|    0|   256|   32|     1|         8192|
    |weight_298_U  |weight_RAM_AUTO_1R1W    |        1|  0|   0|    0|   256|   32|     1|         8192|
    |weight_299_U  |weight_RAM_AUTO_1R1W    |        1|  0|   0|    0|   256|   32|     1|         8192|
    |weight_300_U  |weight_RAM_AUTO_1R1W    |        1|  0|   0|    0|   256|   32|     1|         8192|
    |weight_301_U  |weight_RAM_AUTO_1R1W    |        1|  0|   0|    0|   256|   32|     1|         8192|
    |weight_302_U  |weight_RAM_AUTO_1R1W    |        1|  0|   0|    0|   256|   32|     1|         8192|
    |weight_303_U  |weight_RAM_AUTO_1R1W    |        1|  0|   0|    0|   256|   32|     1|         8192|
    |weight_304_U  |weight_RAM_AUTO_1R1W    |        1|  0|   0|    0|   256|   32|     1|         8192|
    |weight_305_U  |weight_RAM_AUTO_1R1W    |        1|  0|   0|    0|   256|   32|     1|         8192|
    |weight_306_U  |weight_RAM_AUTO_1R1W    |        1|  0|   0|    0|   256|   32|     1|         8192|
    |weight_307_U  |weight_RAM_AUTO_1R1W    |        1|  0|   0|    0|   256|   32|     1|         8192|
    |weight_308_U  |weight_RAM_AUTO_1R1W    |        1|  0|   0|    0|   256|   32|     1|         8192|
    |weight_309_U  |weight_RAM_AUTO_1R1W    |        1|  0|   0|    0|   256|   32|     1|         8192|
    |weight_310_U  |weight_RAM_AUTO_1R1W    |        1|  0|   0|    0|   256|   32|     1|         8192|
    |weight_311_U  |weight_RAM_AUTO_1R1W    |        1|  0|   0|    0|   256|   32|     1|         8192|
    |weight_312_U  |weight_RAM_AUTO_1R1W    |        1|  0|   0|    0|   256|   32|     1|         8192|
    |weight_313_U  |weight_RAM_AUTO_1R1W    |        1|  0|   0|    0|   256|   32|     1|         8192|
    |weight_314_U  |weight_RAM_AUTO_1R1W    |        1|  0|   0|    0|   256|   32|     1|         8192|
    |weight_315_U  |weight_RAM_AUTO_1R1W    |        1|  0|   0|    0|   256|   32|     1|         8192|
    |weight_316_U  |weight_RAM_AUTO_1R1W    |        1|  0|   0|    0|   256|   32|     1|         8192|
    |weight_317_U  |weight_RAM_AUTO_1R1W    |        1|  0|   0|    0|   256|   32|     1|         8192|
    |weight_318_U  |weight_RAM_AUTO_1R1W    |        1|  0|   0|    0|   256|   32|     1|         8192|
    |weight_319_U  |weight_RAM_AUTO_1R1W    |        1|  0|   0|    0|   256|   32|     1|         8192|
    |weight_320_U  |weight_RAM_AUTO_1R1W    |        1|  0|   0|    0|   256|   32|     1|         8192|
    |weight_321_U  |weight_RAM_AUTO_1R1W    |        1|  0|   0|    0|   256|   32|     1|         8192|
    |weight_322_U  |weight_RAM_AUTO_1R1W    |        1|  0|   0|    0|   256|   32|     1|         8192|
    |weight_323_U  |weight_RAM_AUTO_1R1W    |        1|  0|   0|    0|   256|   32|     1|         8192|
    |weight_324_U  |weight_RAM_AUTO_1R1W    |        1|  0|   0|    0|   256|   32|     1|         8192|
    |weight_325_U  |weight_RAM_AUTO_1R1W    |        1|  0|   0|    0|   256|   32|     1|         8192|
    |weight_326_U  |weight_RAM_AUTO_1R1W    |        1|  0|   0|    0|   256|   32|     1|         8192|
    |weight_327_U  |weight_RAM_AUTO_1R1W    |        1|  0|   0|    0|   256|   32|     1|         8192|
    |weight_328_U  |weight_RAM_AUTO_1R1W    |        1|  0|   0|    0|   256|   32|     1|         8192|
    |weight_329_U  |weight_RAM_AUTO_1R1W    |        1|  0|   0|    0|   256|   32|     1|         8192|
    |weight_330_U  |weight_RAM_AUTO_1R1W    |        1|  0|   0|    0|   256|   32|     1|         8192|
    |weight_331_U  |weight_RAM_AUTO_1R1W    |        1|  0|   0|    0|   256|   32|     1|         8192|
    |weight_332_U  |weight_RAM_AUTO_1R1W    |        1|  0|   0|    0|   256|   32|     1|         8192|
    |weight_333_U  |weight_RAM_AUTO_1R1W    |        1|  0|   0|    0|   256|   32|     1|         8192|
    |weight_334_U  |weight_RAM_AUTO_1R1W    |        1|  0|   0|    0|   256|   32|     1|         8192|
    |weight_335_U  |weight_RAM_AUTO_1R1W    |        1|  0|   0|    0|   256|   32|     1|         8192|
    |weight_336_U  |weight_RAM_AUTO_1R1W    |        1|  0|   0|    0|   256|   32|     1|         8192|
    |weight_337_U  |weight_RAM_AUTO_1R1W    |        1|  0|   0|    0|   256|   32|     1|         8192|
    |weight_338_U  |weight_RAM_AUTO_1R1W    |        1|  0|   0|    0|   256|   32|     1|         8192|
    |weight_339_U  |weight_RAM_AUTO_1R1W    |        1|  0|   0|    0|   256|   32|     1|         8192|
    |weight_340_U  |weight_RAM_AUTO_1R1W    |        1|  0|   0|    0|   256|   32|     1|         8192|
    |weight_341_U  |weight_RAM_AUTO_1R1W    |        1|  0|   0|    0|   256|   32|     1|         8192|
    |weight_342_U  |weight_RAM_AUTO_1R1W    |        1|  0|   0|    0|   256|   32|     1|         8192|
    |weight_343_U  |weight_RAM_AUTO_1R1W    |        1|  0|   0|    0|   256|   32|     1|         8192|
    |weight_344_U  |weight_RAM_AUTO_1R1W    |        1|  0|   0|    0|   256|   32|     1|         8192|
    |weight_345_U  |weight_RAM_AUTO_1R1W    |        1|  0|   0|    0|   256|   32|     1|         8192|
    |weight_346_U  |weight_RAM_AUTO_1R1W    |        1|  0|   0|    0|   256|   32|     1|         8192|
    |weight_347_U  |weight_RAM_AUTO_1R1W    |        1|  0|   0|    0|   256|   32|     1|         8192|
    |weight_348_U  |weight_RAM_AUTO_1R1W    |        1|  0|   0|    0|   256|   32|     1|         8192|
    |weight_349_U  |weight_RAM_AUTO_1R1W    |        1|  0|   0|    0|   256|   32|     1|         8192|
    |weight_350_U  |weight_RAM_AUTO_1R1W    |        1|  0|   0|    0|   256|   32|     1|         8192|
    |weight_351_U  |weight_RAM_AUTO_1R1W    |        1|  0|   0|    0|   256|   32|     1|         8192|
    |weight_352_U  |weight_RAM_AUTO_1R1W    |        1|  0|   0|    0|   256|   32|     1|         8192|
    |weight_353_U  |weight_RAM_AUTO_1R1W    |        1|  0|   0|    0|   256|   32|     1|         8192|
    |weight_354_U  |weight_RAM_AUTO_1R1W    |        1|  0|   0|    0|   256|   32|     1|         8192|
    |weight_355_U  |weight_RAM_AUTO_1R1W    |        1|  0|   0|    0|   256|   32|     1|         8192|
    |weight_356_U  |weight_RAM_AUTO_1R1W    |        1|  0|   0|    0|   256|   32|     1|         8192|
    |weight_357_U  |weight_RAM_AUTO_1R1W    |        1|  0|   0|    0|   256|   32|     1|         8192|
    |weight_358_U  |weight_RAM_AUTO_1R1W    |        1|  0|   0|    0|   256|   32|     1|         8192|
    |weight_359_U  |weight_RAM_AUTO_1R1W    |        1|  0|   0|    0|   256|   32|     1|         8192|
    |weight_360_U  |weight_RAM_AUTO_1R1W    |        1|  0|   0|    0|   256|   32|     1|         8192|
    |weight_361_U  |weight_RAM_AUTO_1R1W    |        1|  0|   0|    0|   256|   32|     1|         8192|
    |weight_362_U  |weight_RAM_AUTO_1R1W    |        1|  0|   0|    0|   256|   32|     1|         8192|
    |weight_363_U  |weight_RAM_AUTO_1R1W    |        1|  0|   0|    0|   256|   32|     1|         8192|
    |weight_364_U  |weight_RAM_AUTO_1R1W    |        1|  0|   0|    0|   256|   32|     1|         8192|
    |weight_365_U  |weight_RAM_AUTO_1R1W    |        1|  0|   0|    0|   256|   32|     1|         8192|
    |weight_366_U  |weight_RAM_AUTO_1R1W    |        1|  0|   0|    0|   256|   32|     1|         8192|
    |weight_367_U  |weight_RAM_AUTO_1R1W    |        1|  0|   0|    0|   256|   32|     1|         8192|
    |weight_368_U  |weight_RAM_AUTO_1R1W    |        1|  0|   0|    0|   256|   32|     1|         8192|
    |weight_369_U  |weight_RAM_AUTO_1R1W    |        1|  0|   0|    0|   256|   32|     1|         8192|
    |weight_370_U  |weight_RAM_AUTO_1R1W    |        1|  0|   0|    0|   256|   32|     1|         8192|
    |weight_371_U  |weight_RAM_AUTO_1R1W    |        1|  0|   0|    0|   256|   32|     1|         8192|
    |weight_372_U  |weight_RAM_AUTO_1R1W    |        1|  0|   0|    0|   256|   32|     1|         8192|
    |weight_373_U  |weight_RAM_AUTO_1R1W    |        1|  0|   0|    0|   256|   32|     1|         8192|
    |weight_374_U  |weight_RAM_AUTO_1R1W    |        1|  0|   0|    0|   256|   32|     1|         8192|
    |weight_375_U  |weight_RAM_AUTO_1R1W    |        1|  0|   0|    0|   256|   32|     1|         8192|
    |weight_376_U  |weight_RAM_AUTO_1R1W    |        1|  0|   0|    0|   256|   32|     1|         8192|
    |weight_377_U  |weight_RAM_AUTO_1R1W    |        1|  0|   0|    0|   256|   32|     1|         8192|
    |weight_378_U  |weight_RAM_AUTO_1R1W    |        1|  0|   0|    0|   256|   32|     1|         8192|
    |weight_379_U  |weight_RAM_AUTO_1R1W    |        1|  0|   0|    0|   256|   32|     1|         8192|
    |weight_380_U  |weight_RAM_AUTO_1R1W    |        1|  0|   0|    0|   256|   32|     1|         8192|
    |weight_381_U  |weight_RAM_AUTO_1R1W    |        1|  0|   0|    0|   256|   32|     1|         8192|
    |weight_382_U  |weight_RAM_AUTO_1R1W    |        1|  0|   0|    0|   256|   32|     1|         8192|
    |weight_383_U  |weight_RAM_AUTO_1R1W    |        1|  0|   0|    0|   256|   32|     1|         8192|
    |weight_384_U  |weight_RAM_AUTO_1R1W    |        1|  0|   0|    0|   256|   32|     1|         8192|
    |weight_385_U  |weight_RAM_AUTO_1R1W    |        1|  0|   0|    0|   256|   32|     1|         8192|
    |weight_386_U  |weight_RAM_AUTO_1R1W    |        1|  0|   0|    0|   256|   32|     1|         8192|
    |weight_387_U  |weight_RAM_AUTO_1R1W    |        1|  0|   0|    0|   256|   32|     1|         8192|
    |weight_388_U  |weight_RAM_AUTO_1R1W    |        1|  0|   0|    0|   256|   32|     1|         8192|
    |weight_389_U  |weight_RAM_AUTO_1R1W    |        1|  0|   0|    0|   256|   32|     1|         8192|
    |weight_390_U  |weight_RAM_AUTO_1R1W    |        1|  0|   0|    0|   256|   32|     1|         8192|
    |weight_391_U  |weight_RAM_AUTO_1R1W    |        1|  0|   0|    0|   256|   32|     1|         8192|
    |weight_392_U  |weight_RAM_AUTO_1R1W    |        1|  0|   0|    0|   256|   32|     1|         8192|
    |weight_393_U  |weight_RAM_AUTO_1R1W    |        1|  0|   0|    0|   256|   32|     1|         8192|
    |weight_394_U  |weight_RAM_AUTO_1R1W    |        1|  0|   0|    0|   256|   32|     1|         8192|
    |weight_395_U  |weight_RAM_AUTO_1R1W    |        1|  0|   0|    0|   256|   32|     1|         8192|
    |weight_396_U  |weight_RAM_AUTO_1R1W    |        1|  0|   0|    0|   256|   32|     1|         8192|
    |weight_397_U  |weight_RAM_AUTO_1R1W    |        1|  0|   0|    0|   256|   32|     1|         8192|
    |weight_398_U  |weight_RAM_AUTO_1R1W    |        1|  0|   0|    0|   256|   32|     1|         8192|
    |weight_399_U  |weight_RAM_AUTO_1R1W    |        1|  0|   0|    0|   256|   32|     1|         8192|
    +--------------+------------------------+---------+---+----+-----+------+-----+------+-------------+
    |Total         |                        |      544|  0|   0|  256|957200|22144|   692|     30630400|
    +--------------+------------------------+---------+---+----+-----+------+-----+------+-------------+

    * FIFO: 
    N/A

    * Expression: 
    +----------------------------------+----------+----+---+----+------------+------------+
    |           Variable Name          | Operation| DSP| FF| LUT| Bitwidth P0| Bitwidth P1|
    +----------------------------------+----------+----+---+----+------------+------------+
    |ap_block_state1                   |        or|   0|  0|   2|           1|           1|
    |ap_sync_grp_cnn_fu_2848_ap_done   |        or|   0|  0|   2|           1|           1|
    |ap_sync_grp_cnn_fu_2848_ap_ready  |        or|   0|  0|   2|           1|           1|
    +----------------------------------+----------+----+---+----+------------+------------+
    |Total                             |          |   0|  0|   6|           3|           3|
    +----------------------------------+----------+----+---+----+------------+------------+

    * Multiplexer: 
    +-----------------------+----+-----------+-----+-----------+
    |          Name         | LUT| Input Size| Bits| Total Bits|
    +-----------------------+----+-----------+-----+-----------+
    |ap_NS_fsm              |  14|          3|    1|          3|
    |ap_done                |   9|          2|    1|          2|
    |kernel_input_ARVALID   |   9|          2|    1|          2|
    |kernel_input_RREADY    |   9|          2|    1|          2|
    |kernel_output_ARVALID  |   9|          2|    1|          2|
    |kernel_output_AWVALID  |   9|          2|    1|          2|
    |kernel_output_BREADY   |   9|          2|    1|          2|
    |kernel_output_RREADY   |   9|          2|    1|          2|
    |kernel_output_WVALID   |   9|          2|    1|          2|
    |kernel_weight_ARVALID  |   9|          2|    1|          2|
    |kernel_weight_RREADY   |   9|          2|    1|          2|
    +-----------------------+----+-----------+-----+-----------+
    |Total                  | 104|         23|   11|         23|
    +-----------------------+----+-----------+-----+-----------+

    * Register: 
    +--------------------------------------+----+----+-----+-----------+
    |                 Name                 | FF | LUT| Bits| Const Bits|
    +--------------------------------------+----+----+-----+-----------+
    |ap_CS_fsm                             |   2|   0|    2|          0|
    |ap_done_reg                           |   1|   0|    1|          0|
    |ap_rst_n_inv                          |   1|   0|    1|          0|
    |ap_rst_reg_1                          |   1|   0|    1|          0|
    |ap_rst_reg_2                          |   1|   0|    1|          0|
    |ap_sync_reg_grp_cnn_fu_2848_ap_done   |   1|   0|    1|          0|
    |ap_sync_reg_grp_cnn_fu_2848_ap_ready  |   1|   0|    1|          0|
    |grp_cnn_fu_2848_ap_start_reg          |   1|   0|    1|          0|
    |vinput_read_reg_4258                  |  64|   0|   64|          0|
    |voutput_read_reg_4248                 |  64|   0|   64|          0|
    |vweight_read_reg_4253                 |  64|   0|   64|          0|
    +--------------------------------------+----+----+-----+-----------+
    |Total                                 | 201|   0|  201|          0|
    +--------------------------------------+----+----+-----+-----------+



================================================================
== Interface
================================================================
* Summary: 
+------------------------------+-----+-----+---------------+---------------+--------------+
|           RTL Ports          | Dir | Bits|    Protocol   | Source Object |    C Type    |
+------------------------------+-----+-----+---------------+---------------+--------------+
|s_axi_control_AWVALID         |   in|    1|          s_axi|        control|        scalar|
|s_axi_control_AWREADY         |  out|    1|          s_axi|        control|        scalar|
|s_axi_control_AWADDR          |   in|    6|          s_axi|        control|        scalar|
|s_axi_control_WVALID          |   in|    1|          s_axi|        control|        scalar|
|s_axi_control_WREADY          |  out|    1|          s_axi|        control|        scalar|
|s_axi_control_WDATA           |   in|   32|          s_axi|        control|        scalar|
|s_axi_control_WSTRB           |   in|    4|          s_axi|        control|        scalar|
|s_axi_control_ARVALID         |   in|    1|          s_axi|        control|        scalar|
|s_axi_control_ARREADY         |  out|    1|          s_axi|        control|        scalar|
|s_axi_control_ARADDR          |   in|    6|          s_axi|        control|        scalar|
|s_axi_control_RVALID          |  out|    1|          s_axi|        control|        scalar|
|s_axi_control_RREADY          |   in|    1|          s_axi|        control|        scalar|
|s_axi_control_RDATA           |  out|   32|          s_axi|        control|        scalar|
|s_axi_control_RRESP           |  out|    2|          s_axi|        control|        scalar|
|s_axi_control_BVALID          |  out|    1|          s_axi|        control|        scalar|
|s_axi_control_BREADY          |   in|    1|          s_axi|        control|        scalar|
|s_axi_control_BRESP           |  out|    2|          s_axi|        control|        scalar|
|ap_clk                        |   in|    1|  ap_ctrl_chain|     kernel_cnn|  return value|
|ap_rst_n                      |   in|    1|  ap_ctrl_chain|     kernel_cnn|  return value|
|interrupt                     |  out|    1|  ap_ctrl_chain|     kernel_cnn|  return value|
|m_axi_kernel_input_AWVALID    |  out|    1|          m_axi|   kernel_input|       pointer|
|m_axi_kernel_input_AWREADY    |   in|    1|          m_axi|   kernel_input|       pointer|
|m_axi_kernel_input_AWADDR     |  out|   64|          m_axi|   kernel_input|       pointer|
|m_axi_kernel_input_AWID       |  out|    1|          m_axi|   kernel_input|       pointer|
|m_axi_kernel_input_AWLEN      |  out|    8|          m_axi|   kernel_input|       pointer|
|m_axi_kernel_input_AWSIZE     |  out|    3|          m_axi|   kernel_input|       pointer|
|m_axi_kernel_input_AWBURST    |  out|    2|          m_axi|   kernel_input|       pointer|
|m_axi_kernel_input_AWLOCK     |  out|    2|          m_axi|   kernel_input|       pointer|
|m_axi_kernel_input_AWCACHE    |  out|    4|          m_axi|   kernel_input|       pointer|
|m_axi_kernel_input_AWPROT     |  out|    3|          m_axi|   kernel_input|       pointer|
|m_axi_kernel_input_AWQOS      |  out|    4|          m_axi|   kernel_input|       pointer|
|m_axi_kernel_input_AWREGION   |  out|    4|          m_axi|   kernel_input|       pointer|
|m_axi_kernel_input_AWUSER     |  out|    1|          m_axi|   kernel_input|       pointer|
|m_axi_kernel_input_WVALID     |  out|    1|          m_axi|   kernel_input|       pointer|
|m_axi_kernel_input_WREADY     |   in|    1|          m_axi|   kernel_input|       pointer|
|m_axi_kernel_input_WDATA      |  out|  128|          m_axi|   kernel_input|       pointer|
|m_axi_kernel_input_WSTRB      |  out|   16|          m_axi|   kernel_input|       pointer|
|m_axi_kernel_input_WLAST      |  out|    1|          m_axi|   kernel_input|       pointer|
|m_axi_kernel_input_WID        |  out|    1|          m_axi|   kernel_input|       pointer|
|m_axi_kernel_input_WUSER      |  out|    1|          m_axi|   kernel_input|       pointer|
|m_axi_kernel_input_ARVALID    |  out|    1|          m_axi|   kernel_input|       pointer|
|m_axi_kernel_input_ARREADY    |   in|    1|          m_axi|   kernel_input|       pointer|
|m_axi_kernel_input_ARADDR     |  out|   64|          m_axi|   kernel_input|       pointer|
|m_axi_kernel_input_ARID       |  out|    1|          m_axi|   kernel_input|       pointer|
|m_axi_kernel_input_ARLEN      |  out|    8|          m_axi|   kernel_input|       pointer|
|m_axi_kernel_input_ARSIZE     |  out|    3|          m_axi|   kernel_input|       pointer|
|m_axi_kernel_input_ARBURST    |  out|    2|          m_axi|   kernel_input|       pointer|
|m_axi_kernel_input_ARLOCK     |  out|    2|          m_axi|   kernel_input|       pointer|
|m_axi_kernel_input_ARCACHE    |  out|    4|          m_axi|   kernel_input|       pointer|
|m_axi_kernel_input_ARPROT     |  out|    3|          m_axi|   kernel_input|       pointer|
|m_axi_kernel_input_ARQOS      |  out|    4|          m_axi|   kernel_input|       pointer|
|m_axi_kernel_input_ARREGION   |  out|    4|          m_axi|   kernel_input|       pointer|
|m_axi_kernel_input_ARUSER     |  out|    1|          m_axi|   kernel_input|       pointer|
|m_axi_kernel_input_RVALID     |   in|    1|          m_axi|   kernel_input|       pointer|
|m_axi_kernel_input_RREADY     |  out|    1|          m_axi|   kernel_input|       pointer|
|m_axi_kernel_input_RDATA      |   in|  128|          m_axi|   kernel_input|       pointer|
|m_axi_kernel_input_RLAST      |   in|    1|          m_axi|   kernel_input|       pointer|
|m_axi_kernel_input_RID        |   in|    1|          m_axi|   kernel_input|       pointer|
|m_axi_kernel_input_RUSER      |   in|    1|          m_axi|   kernel_input|       pointer|
|m_axi_kernel_input_RRESP      |   in|    2|          m_axi|   kernel_input|       pointer|
|m_axi_kernel_input_BVALID     |   in|    1|          m_axi|   kernel_input|       pointer|
|m_axi_kernel_input_BREADY     |  out|    1|          m_axi|   kernel_input|       pointer|
|m_axi_kernel_input_BRESP      |   in|    2|          m_axi|   kernel_input|       pointer|
|m_axi_kernel_input_BID        |   in|    1|          m_axi|   kernel_input|       pointer|
|m_axi_kernel_input_BUSER      |   in|    1|          m_axi|   kernel_input|       pointer|
|m_axi_kernel_weight_AWVALID   |  out|    1|          m_axi|  kernel_weight|       pointer|
|m_axi_kernel_weight_AWREADY   |   in|    1|          m_axi|  kernel_weight|       pointer|
|m_axi_kernel_weight_AWADDR    |  out|   64|          m_axi|  kernel_weight|       pointer|
|m_axi_kernel_weight_AWID      |  out|    1|          m_axi|  kernel_weight|       pointer|
|m_axi_kernel_weight_AWLEN     |  out|    8|          m_axi|  kernel_weight|       pointer|
|m_axi_kernel_weight_AWSIZE    |  out|    3|          m_axi|  kernel_weight|       pointer|
|m_axi_kernel_weight_AWBURST   |  out|    2|          m_axi|  kernel_weight|       pointer|
|m_axi_kernel_weight_AWLOCK    |  out|    2|          m_axi|  kernel_weight|       pointer|
|m_axi_kernel_weight_AWCACHE   |  out|    4|          m_axi|  kernel_weight|       pointer|
|m_axi_kernel_weight_AWPROT    |  out|    3|          m_axi|  kernel_weight|       pointer|
|m_axi_kernel_weight_AWQOS     |  out|    4|          m_axi|  kernel_weight|       pointer|
|m_axi_kernel_weight_AWREGION  |  out|    4|          m_axi|  kernel_weight|       pointer|
|m_axi_kernel_weight_AWUSER    |  out|    1|          m_axi|  kernel_weight|       pointer|
|m_axi_kernel_weight_WVALID    |  out|    1|          m_axi|  kernel_weight|       pointer|
|m_axi_kernel_weight_WREADY    |   in|    1|          m_axi|  kernel_weight|       pointer|
|m_axi_kernel_weight_WDATA     |  out|   32|          m_axi|  kernel_weight|       pointer|
|m_axi_kernel_weight_WSTRB     |  out|    4|          m_axi|  kernel_weight|       pointer|
|m_axi_kernel_weight_WLAST     |  out|    1|          m_axi|  kernel_weight|       pointer|
|m_axi_kernel_weight_WID       |  out|    1|          m_axi|  kernel_weight|       pointer|
|m_axi_kernel_weight_WUSER     |  out|    1|          m_axi|  kernel_weight|       pointer|
|m_axi_kernel_weight_ARVALID   |  out|    1|          m_axi|  kernel_weight|       pointer|
|m_axi_kernel_weight_ARREADY   |   in|    1|          m_axi|  kernel_weight|       pointer|
|m_axi_kernel_weight_ARADDR    |  out|   64|          m_axi|  kernel_weight|       pointer|
|m_axi_kernel_weight_ARID      |  out|    1|          m_axi|  kernel_weight|       pointer|
|m_axi_kernel_weight_ARLEN     |  out|    8|          m_axi|  kernel_weight|       pointer|
|m_axi_kernel_weight_ARSIZE    |  out|    3|          m_axi|  kernel_weight|       pointer|
|m_axi_kernel_weight_ARBURST   |  out|    2|          m_axi|  kernel_weight|       pointer|
|m_axi_kernel_weight_ARLOCK    |  out|    2|          m_axi|  kernel_weight|       pointer|
|m_axi_kernel_weight_ARCACHE   |  out|    4|          m_axi|  kernel_weight|       pointer|
|m_axi_kernel_weight_ARPROT    |  out|    3|          m_axi|  kernel_weight|       pointer|
|m_axi_kernel_weight_ARQOS     |  out|    4|          m_axi|  kernel_weight|       pointer|
|m_axi_kernel_weight_ARREGION  |  out|    4|          m_axi|  kernel_weight|       pointer|
|m_axi_kernel_weight_ARUSER    |  out|    1|          m_axi|  kernel_weight|       pointer|
|m_axi_kernel_weight_RVALID    |   in|    1|          m_axi|  kernel_weight|       pointer|
|m_axi_kernel_weight_RREADY    |  out|    1|          m_axi|  kernel_weight|       pointer|
|m_axi_kernel_weight_RDATA     |   in|   32|          m_axi|  kernel_weight|       pointer|
|m_axi_kernel_weight_RLAST     |   in|    1|          m_axi|  kernel_weight|       pointer|
|m_axi_kernel_weight_RID       |   in|    1|          m_axi|  kernel_weight|       pointer|
|m_axi_kernel_weight_RUSER     |   in|    1|          m_axi|  kernel_weight|       pointer|
|m_axi_kernel_weight_RRESP     |   in|    2|          m_axi|  kernel_weight|       pointer|
|m_axi_kernel_weight_BVALID    |   in|    1|          m_axi|  kernel_weight|       pointer|
|m_axi_kernel_weight_BREADY    |  out|    1|          m_axi|  kernel_weight|       pointer|
|m_axi_kernel_weight_BRESP     |   in|    2|          m_axi|  kernel_weight|       pointer|
|m_axi_kernel_weight_BID       |   in|    1|          m_axi|  kernel_weight|       pointer|
|m_axi_kernel_weight_BUSER     |   in|    1|          m_axi|  kernel_weight|       pointer|
|m_axi_kernel_output_AWVALID   |  out|    1|          m_axi|  kernel_output|       pointer|
|m_axi_kernel_output_AWREADY   |   in|    1|          m_axi|  kernel_output|       pointer|
|m_axi_kernel_output_AWADDR    |  out|   64|          m_axi|  kernel_output|       pointer|
|m_axi_kernel_output_AWID      |  out|    1|          m_axi|  kernel_output|       pointer|
|m_axi_kernel_output_AWLEN     |  out|    8|          m_axi|  kernel_output|       pointer|
|m_axi_kernel_output_AWSIZE    |  out|    3|          m_axi|  kernel_output|       pointer|
|m_axi_kernel_output_AWBURST   |  out|    2|          m_axi|  kernel_output|       pointer|
|m_axi_kernel_output_AWLOCK    |  out|    2|          m_axi|  kernel_output|       pointer|
|m_axi_kernel_output_AWCACHE   |  out|    4|          m_axi|  kernel_output|       pointer|
|m_axi_kernel_output_AWPROT    |  out|    3|          m_axi|  kernel_output|       pointer|
|m_axi_kernel_output_AWQOS     |  out|    4|          m_axi|  kernel_output|       pointer|
|m_axi_kernel_output_AWREGION  |  out|    4|          m_axi|  kernel_output|       pointer|
|m_axi_kernel_output_AWUSER    |  out|    1|          m_axi|  kernel_output|       pointer|
|m_axi_kernel_output_WVALID    |  out|    1|          m_axi|  kernel_output|       pointer|
|m_axi_kernel_output_WREADY    |   in|    1|          m_axi|  kernel_output|       pointer|
|m_axi_kernel_output_WDATA     |  out|  512|          m_axi|  kernel_output|       pointer|
|m_axi_kernel_output_WSTRB     |  out|   64|          m_axi|  kernel_output|       pointer|
|m_axi_kernel_output_WLAST     |  out|    1|          m_axi|  kernel_output|       pointer|
|m_axi_kernel_output_WID       |  out|    1|          m_axi|  kernel_output|       pointer|
|m_axi_kernel_output_WUSER     |  out|    1|          m_axi|  kernel_output|       pointer|
|m_axi_kernel_output_ARVALID   |  out|    1|          m_axi|  kernel_output|       pointer|
|m_axi_kernel_output_ARREADY   |   in|    1|          m_axi|  kernel_output|       pointer|
|m_axi_kernel_output_ARADDR    |  out|   64|          m_axi|  kernel_output|       pointer|
|m_axi_kernel_output_ARID      |  out|    1|          m_axi|  kernel_output|       pointer|
|m_axi_kernel_output_ARLEN     |  out|    8|          m_axi|  kernel_output|       pointer|
|m_axi_kernel_output_ARSIZE    |  out|    3|          m_axi|  kernel_output|       pointer|
|m_axi_kernel_output_ARBURST   |  out|    2|          m_axi|  kernel_output|       pointer|
|m_axi_kernel_output_ARLOCK    |  out|    2|          m_axi|  kernel_output|       pointer|
|m_axi_kernel_output_ARCACHE   |  out|    4|          m_axi|  kernel_output|       pointer|
|m_axi_kernel_output_ARPROT    |  out|    3|          m_axi|  kernel_output|       pointer|
|m_axi_kernel_output_ARQOS     |  out|    4|          m_axi|  kernel_output|       pointer|
|m_axi_kernel_output_ARREGION  |  out|    4|          m_axi|  kernel_output|       pointer|
|m_axi_kernel_output_ARUSER    |  out|    1|          m_axi|  kernel_output|       pointer|
|m_axi_kernel_output_RVALID    |   in|    1|          m_axi|  kernel_output|       pointer|
|m_axi_kernel_output_RREADY    |  out|    1|          m_axi|  kernel_output|       pointer|
|m_axi_kernel_output_RDATA     |   in|  512|          m_axi|  kernel_output|       pointer|
|m_axi_kernel_output_RLAST     |   in|    1|          m_axi|  kernel_output|       pointer|
|m_axi_kernel_output_RID       |   in|    1|          m_axi|  kernel_output|       pointer|
|m_axi_kernel_output_RUSER     |   in|    1|          m_axi|  kernel_output|       pointer|
|m_axi_kernel_output_RRESP     |   in|    2|          m_axi|  kernel_output|       pointer|
|m_axi_kernel_output_BVALID    |   in|    1|          m_axi|  kernel_output|       pointer|
|m_axi_kernel_output_BREADY    |  out|    1|          m_axi|  kernel_output|       pointer|
|m_axi_kernel_output_BRESP     |   in|    2|          m_axi|  kernel_output|       pointer|
|m_axi_kernel_output_BID       |   in|    1|          m_axi|  kernel_output|       pointer|
|m_axi_kernel_output_BUSER     |   in|    1|          m_axi|  kernel_output|       pointer|
+------------------------------+-----+-----+---------------+---------------+--------------+

