

================================================================
== Vitis HLS Report for 'load_output_S0_Pipeline_VITIS_LOOP_117_1_VITIS_LOOP_118_2_VITIS_LOOP_119_3'
================================================================
* Date:           Tue May 27 03:08:12 2025

* Version:        2023.2 (Build 4023990 on Oct 11 2023)
* Project:        cnn.prj
* Solution:       solution (Vitis Kernel Flow Target)
* Product family: virtexuplus
* Target device:  xcu200-fsgd2104-2-e


================================================================
== Performance Estimates
================================================================
+ Timing: 
    * Summary: 
    +--------+---------+----------+------------+
    |  Clock |  Target | Estimated| Uncertainty|
    +--------+---------+----------+------------+
    |ap_clk  |  4.00 ns|  2.920 ns|     1.08 ns|
    +--------+---------+----------+------------+

+ Latency: 
    * Summary: 
    +---------+---------+----------+----------+-------+-------+---------+
    |  Latency (cycles) |  Latency (absolute) |    Interval   | Pipeline|
    |   min   |   max   |    min   |    max   |  min  |  max  |   Type  |
    +---------+---------+----------+----------+-------+-------+---------+
    |    50179|    50179|  0.201 ms|  0.201 ms|  50179|  50179|       no|
    +---------+---------+----------+----------+-------+-------+---------+

    + Detail: 
        * Instance: 
        N/A

        * Loop: 
        +------------------------------------------------------+---------+---------+----------+-----------+-----------+-------+----------+
        |                                                      |  Latency (cycles) | Iteration|  Initiation Interval  |  Trip |          |
        |                       Loop Name                      |   min   |   max   |  Latency |  achieved |   target  | Count | Pipelined|
        +------------------------------------------------------+---------+---------+----------+-----------+-----------+-------+----------+
        |- VITIS_LOOP_117_1_VITIS_LOOP_118_2_VITIS_LOOP_119_3  |    50177|    50177|         3|          1|          1|  50176|       yes|
        +------------------------------------------------------+---------+---------+----------+-----------+-----------+-------+----------+



================================================================
== Utilization Estimates
================================================================
* Summary: 
+---------------------+---------+------+---------+---------+-----+
|         Name        | BRAM_18K|  DSP |    FF   |   LUT   | URAM|
+---------------------+---------+------+---------+---------+-----+
|DSP                  |        -|     -|        -|        -|    -|
|Expression           |        -|     -|        0|      280|    -|
|FIFO                 |        -|     -|        -|        -|    -|
|Instance             |        -|     -|        -|        -|    -|
|Memory               |        -|     -|        -|        -|    -|
|Multiplexer          |        -|     -|        -|       90|    -|
|Register             |        -|     -|      593|        -|    -|
+---------------------+---------+------+---------+---------+-----+
|Total                |        0|     0|      593|      370|    0|
+---------------------+---------+------+---------+---------+-----+
|Available SLR        |     1440|  2280|   788160|   394080|  320|
+---------------------+---------+------+---------+---------+-----+
|Utilization SLR (%)  |        0|     0|       ~0|       ~0|    0|
+---------------------+---------+------+---------+---------+-----+
|Available            |     4320|  6840|  2364480|  1182240|  960|
+---------------------+---------+------+---------+---------+-----+
|Utilization (%)      |        0|     0|       ~0|       ~0|    0|
+---------------------+---------+------+---------+---------+-----+

+ Detail: 
    * Instance: 
    N/A

    * DSP: 
    N/A

    * Memory: 
    N/A

    * FIFO: 
    N/A

    * Expression: 
    +---------------------------+----------+----+---+----+------------+------------+
    |       Variable Name       | Operation| DSP| FF| LUT| Bitwidth P0| Bitwidth P1|
    +---------------------------+----------+----+---+----+------------+------------+
    |add_ln117_1_fu_476_p2      |         +|   0|  0|  12|           5|           1|
    |add_ln117_fu_464_p2        |         +|   0|  0|  23|          16|           1|
    |add_ln118_1_fu_496_p2      |         +|   0|  0|  19|          12|           1|
    |add_ln118_fu_564_p2        |         +|   0|  0|  15|           8|           1|
    |add_ln119_1_fu_839_p2      |         +|   0|  0|  12|           4|           1|
    |add_ln119_fu_833_p2        |         +|   0|  0|  15|           8|           5|
    |add_ln138_1_fu_673_p2      |         +|   0|  0|  16|          16|          16|
    |add_ln138_fu_627_p2        |         +|   0|  0|  22|          15|          15|
    |sub_ln138_1_fu_653_p2      |         -|   0|  0|  16|          16|          16|
    |sub_ln138_fu_613_p2        |         -|   0|  0|  21|          14|          14|
    |and_ln117_fu_558_p2        |       and|   0|  0|   2|           1|           1|
    |ap_block_pp0_stage0_11001  |       and|   0|  0|   2|           1|           1|
    |icmp_ln117_fu_458_p2       |      icmp|   0|  0|  23|          16|          15|
    |icmp_ln118_fu_482_p2       |      icmp|   0|  0|  19|          12|          11|
    |icmp_ln119_fu_552_p2       |      icmp|   0|  0|  12|           4|           3|
    |or_ln118_fu_570_p2         |        or|   0|  0|   2|           1|           1|
    |select_ln117_1_fu_488_p3   |    select|   0|  0|   5|           1|           5|
    |select_ln117_fu_540_p3     |    select|   0|  0|   8|           1|           1|
    |select_ln118_1_fu_583_p3   |    select|   0|  0|   8|           1|           8|
    |select_ln118_2_fu_502_p3   |    select|   0|  0|  12|           1|           1|
    |select_ln118_fu_575_p3     |    select|   0|  0|   8|           1|           1|
    |select_ln119_fu_845_p3     |    select|   0|  0|   4|           1|           1|
    |ap_enable_pp0              |       xor|   0|  0|   2|           1|           2|
    |xor_ln117_fu_547_p2        |       xor|   0|  0|   2|           1|           2|
    +---------------------------+----------+----+---+----+------------+------------+
    |Total                      |          |   0|  0| 280|         157|         124|
    +---------------------------+----------+----+---+----+------------+------------+

    * Multiplexer: 
    +-------------------------+----+-----------+-----+-----------+
    |           Name          | LUT| Input Size| Bits| Total Bits|
    +-------------------------+----+-----------+-----+-----------+
    |ap_done_int              |   9|          2|    1|          2|
    |ap_enable_reg_pp0_iter1  |   9|          2|    1|          2|
    |ap_enable_reg_pp0_iter2  |   9|          2|    1|          2|
    |i0_fu_194                |   9|          2|    5|         10|
    |i1_fu_186                |   9|          2|    8|         16|
    |i2_fu_178                |   9|          2|    8|         16|
    |indvar_flatten13_fu_198  |   9|          2|   16|         32|
    |indvar_flatten_fu_190    |   9|          2|   12|         24|
    |indvar_fu_182            |   9|          2|    4|          8|
    |kernel_output_blk_n_R    |   9|          2|    1|          2|
    +-------------------------+----+-----------+-----+-----------+
    |Total                    |  90|         20|   57|        114|
    +-------------------------+----+-----------+-----+-----------+

    * Register: 
    +----------------------------------+----+----+-----+-----------+
    |               Name               | FF | LUT| Bits| Const Bits|
    +----------------------------------+----+----+-----+-----------+
    |add_ln138_1_reg_1015              |  16|   0|   16|          0|
    |ap_CS_fsm                         |   1|   0|    1|          0|
    |ap_done_reg                       |   1|   0|    1|          0|
    |ap_enable_reg_pp0_iter1           |   1|   0|    1|          0|
    |ap_enable_reg_pp0_iter2           |   1|   0|    1|          0|
    |ap_enable_reg_pp0_iter3           |   1|   0|    1|          0|
    |ap_loop_exit_ready_pp0_iter2_reg  |   1|   0|    1|          0|
    |i0_fu_194                         |   5|   0|    5|          0|
    |i1_fu_186                         |   8|   0|    8|          0|
    |i2_fu_178                         |   8|   0|    8|          0|
    |icmp_ln118_reg_1002               |   1|   0|    1|          0|
    |indvar_flatten13_fu_198           |  16|   0|   16|          0|
    |indvar_flatten_fu_190             |  12|   0|   12|          0|
    |indvar_fu_182                     |   4|   0|    4|          0|
    |select_ln117_1_reg_1009           |   5|   0|    5|          0|
    |trunc_ln131_10_reg_1075           |  32|   0|   32|          0|
    |trunc_ln131_11_reg_1080           |  32|   0|   32|          0|
    |trunc_ln131_12_reg_1085           |  32|   0|   32|          0|
    |trunc_ln131_13_reg_1090           |  32|   0|   32|          0|
    |trunc_ln131_14_reg_1095           |  32|   0|   32|          0|
    |trunc_ln131_1_reg_1025            |  32|   0|   32|          0|
    |trunc_ln131_2_reg_1030            |  32|   0|   32|          0|
    |trunc_ln131_3_reg_1035            |  32|   0|   32|          0|
    |trunc_ln131_4_reg_1040            |  32|   0|   32|          0|
    |trunc_ln131_5_reg_1045            |  32|   0|   32|          0|
    |trunc_ln131_6_reg_1050            |  32|   0|   32|          0|
    |trunc_ln131_7_reg_1055            |  32|   0|   32|          0|
    |trunc_ln131_8_reg_1060            |  32|   0|   32|          0|
    |trunc_ln131_9_reg_1065            |  32|   0|   32|          0|
    |trunc_ln131_reg_1020              |  32|   0|   32|          0|
    |trunc_ln131_s_reg_1070            |  32|   0|   32|          0|
    +----------------------------------+----+----+-----+-----------+
    |Total                             | 593|   0|  593|          0|
    +----------------------------------+----+----+-----+-----------+



================================================================
== Interface
================================================================
* Summary: 
+------------------------------+-----+-----+------------+----------------------------------------------------------------------------+--------------+
|           RTL Ports          | Dir | Bits|  Protocol  |                                Source Object                               |    C Type    |
+------------------------------+-----+-----+------------+----------------------------------------------------------------------------+--------------+
|ap_clk                        |   in|    1|  ap_ctrl_hs|  load_output_S0_Pipeline_VITIS_LOOP_117_1_VITIS_LOOP_118_2_VITIS_LOOP_119_3|  return value|
|ap_rst                        |   in|    1|  ap_ctrl_hs|  load_output_S0_Pipeline_VITIS_LOOP_117_1_VITIS_LOOP_118_2_VITIS_LOOP_119_3|  return value|
|ap_start                      |   in|    1|  ap_ctrl_hs|  load_output_S0_Pipeline_VITIS_LOOP_117_1_VITIS_LOOP_118_2_VITIS_LOOP_119_3|  return value|
|ap_done                       |  out|    1|  ap_ctrl_hs|  load_output_S0_Pipeline_VITIS_LOOP_117_1_VITIS_LOOP_118_2_VITIS_LOOP_119_3|  return value|
|ap_idle                       |  out|    1|  ap_ctrl_hs|  load_output_S0_Pipeline_VITIS_LOOP_117_1_VITIS_LOOP_118_2_VITIS_LOOP_119_3|  return value|
|ap_ready                      |  out|    1|  ap_ctrl_hs|  load_output_S0_Pipeline_VITIS_LOOP_117_1_VITIS_LOOP_118_2_VITIS_LOOP_119_3|  return value|
|m_axi_kernel_output_AWVALID   |  out|    1|       m_axi|                                                               kernel_output|       pointer|
|m_axi_kernel_output_AWREADY   |   in|    1|       m_axi|                                                               kernel_output|       pointer|
|m_axi_kernel_output_AWADDR    |  out|   64|       m_axi|                                                               kernel_output|       pointer|
|m_axi_kernel_output_AWID      |  out|    1|       m_axi|                                                               kernel_output|       pointer|
|m_axi_kernel_output_AWLEN     |  out|   32|       m_axi|                                                               kernel_output|       pointer|
|m_axi_kernel_output_AWSIZE    |  out|    3|       m_axi|                                                               kernel_output|       pointer|
|m_axi_kernel_output_AWBURST   |  out|    2|       m_axi|                                                               kernel_output|       pointer|
|m_axi_kernel_output_AWLOCK    |  out|    2|       m_axi|                                                               kernel_output|       pointer|
|m_axi_kernel_output_AWCACHE   |  out|    4|       m_axi|                                                               kernel_output|       pointer|
|m_axi_kernel_output_AWPROT    |  out|    3|       m_axi|                                                               kernel_output|       pointer|
|m_axi_kernel_output_AWQOS     |  out|    4|       m_axi|                                                               kernel_output|       pointer|
|m_axi_kernel_output_AWREGION  |  out|    4|       m_axi|                                                               kernel_output|       pointer|
|m_axi_kernel_output_AWUSER    |  out|    1|       m_axi|                                                               kernel_output|       pointer|
|m_axi_kernel_output_WVALID    |  out|    1|       m_axi|                                                               kernel_output|       pointer|
|m_axi_kernel_output_WREADY    |   in|    1|       m_axi|                                                               kernel_output|       pointer|
|m_axi_kernel_output_WDATA     |  out|  512|       m_axi|                                                               kernel_output|       pointer|
|m_axi_kernel_output_WSTRB     |  out|   64|       m_axi|                                                               kernel_output|       pointer|
|m_axi_kernel_output_WLAST     |  out|    1|       m_axi|                                                               kernel_output|       pointer|
|m_axi_kernel_output_WID       |  out|    1|       m_axi|                                                               kernel_output|       pointer|
|m_axi_kernel_output_WUSER     |  out|    1|       m_axi|                                                               kernel_output|       pointer|
|m_axi_kernel_output_ARVALID   |  out|    1|       m_axi|                                                               kernel_output|       pointer|
|m_axi_kernel_output_ARREADY   |   in|    1|       m_axi|                                                               kernel_output|       pointer|
|m_axi_kernel_output_ARADDR    |  out|   64|       m_axi|                                                               kernel_output|       pointer|
|m_axi_kernel_output_ARID      |  out|    1|       m_axi|                                                               kernel_output|       pointer|
|m_axi_kernel_output_ARLEN     |  out|   32|       m_axi|                                                               kernel_output|       pointer|
|m_axi_kernel_output_ARSIZE    |  out|    3|       m_axi|                                                               kernel_output|       pointer|
|m_axi_kernel_output_ARBURST   |  out|    2|       m_axi|                                                               kernel_output|       pointer|
|m_axi_kernel_output_ARLOCK    |  out|    2|       m_axi|                                                               kernel_output|       pointer|
|m_axi_kernel_output_ARCACHE   |  out|    4|       m_axi|                                                               kernel_output|       pointer|
|m_axi_kernel_output_ARPROT    |  out|    3|       m_axi|                                                               kernel_output|       pointer|
|m_axi_kernel_output_ARQOS     |  out|    4|       m_axi|                                                               kernel_output|       pointer|
|m_axi_kernel_output_ARREGION  |  out|    4|       m_axi|                                                               kernel_output|       pointer|
|m_axi_kernel_output_ARUSER    |  out|    1|       m_axi|                                                               kernel_output|       pointer|
|m_axi_kernel_output_RVALID    |   in|    1|       m_axi|                                                               kernel_output|       pointer|
|m_axi_kernel_output_RREADY    |  out|    1|       m_axi|                                                               kernel_output|       pointer|
|m_axi_kernel_output_RDATA     |   in|  512|       m_axi|                                                               kernel_output|       pointer|
|m_axi_kernel_output_RLAST     |   in|    1|       m_axi|                                                               kernel_output|       pointer|
|m_axi_kernel_output_RID       |   in|    1|       m_axi|                                                               kernel_output|       pointer|
|m_axi_kernel_output_RFIFONUM  |   in|    9|       m_axi|                                                               kernel_output|       pointer|
|m_axi_kernel_output_RUSER     |   in|    1|       m_axi|                                                               kernel_output|       pointer|
|m_axi_kernel_output_RRESP     |   in|    2|       m_axi|                                                               kernel_output|       pointer|
|m_axi_kernel_output_BVALID    |   in|    1|       m_axi|                                                               kernel_output|       pointer|
|m_axi_kernel_output_BREADY    |  out|    1|       m_axi|                                                               kernel_output|       pointer|
|m_axi_kernel_output_BRESP     |   in|    2|       m_axi|                                                               kernel_output|       pointer|
|m_axi_kernel_output_BID       |   in|    1|       m_axi|                                                               kernel_output|       pointer|
|m_axi_kernel_output_BUSER     |   in|    1|       m_axi|                                                               kernel_output|       pointer|
|sext_ln117                    |   in|   58|     ap_none|                                                                  sext_ln117|        scalar|
|output_0_address0             |  out|   16|   ap_memory|                                                                    output_0|         array|
|output_0_ce0                  |  out|    1|   ap_memory|                                                                    output_0|         array|
|output_0_we0                  |  out|    1|   ap_memory|                                                                    output_0|         array|
|output_0_d0                   |  out|   32|   ap_memory|                                                                    output_0|         array|
|output_1_address0             |  out|   16|   ap_memory|                                                                    output_1|         array|
|output_1_ce0                  |  out|    1|   ap_memory|                                                                    output_1|         array|
|output_1_we0                  |  out|    1|   ap_memory|                                                                    output_1|         array|
|output_1_d0                   |  out|   32|   ap_memory|                                                                    output_1|         array|
|output_2_address0             |  out|   16|   ap_memory|                                                                    output_2|         array|
|output_2_ce0                  |  out|    1|   ap_memory|                                                                    output_2|         array|
|output_2_we0                  |  out|    1|   ap_memory|                                                                    output_2|         array|
|output_2_d0                   |  out|   32|   ap_memory|                                                                    output_2|         array|
|output_3_address0             |  out|   16|   ap_memory|                                                                    output_3|         array|
|output_3_ce0                  |  out|    1|   ap_memory|                                                                    output_3|         array|
|output_3_we0                  |  out|    1|   ap_memory|                                                                    output_3|         array|
|output_3_d0                   |  out|   32|   ap_memory|                                                                    output_3|         array|
|output_4_address0             |  out|   16|   ap_memory|                                                                    output_4|         array|
|output_4_ce0                  |  out|    1|   ap_memory|                                                                    output_4|         array|
|output_4_we0                  |  out|    1|   ap_memory|                                                                    output_4|         array|
|output_4_d0                   |  out|   32|   ap_memory|                                                                    output_4|         array|
|output_5_address0             |  out|   16|   ap_memory|                                                                    output_5|         array|
|output_5_ce0                  |  out|    1|   ap_memory|                                                                    output_5|         array|
|output_5_we0                  |  out|    1|   ap_memory|                                                                    output_5|         array|
|output_5_d0                   |  out|   32|   ap_memory|                                                                    output_5|         array|
|output_6_address0             |  out|   16|   ap_memory|                                                                    output_6|         array|
|output_6_ce0                  |  out|    1|   ap_memory|                                                                    output_6|         array|
|output_6_we0                  |  out|    1|   ap_memory|                                                                    output_6|         array|
|output_6_d0                   |  out|   32|   ap_memory|                                                                    output_6|         array|
|output_7_address0             |  out|   16|   ap_memory|                                                                    output_7|         array|
|output_7_ce0                  |  out|    1|   ap_memory|                                                                    output_7|         array|
|output_7_we0                  |  out|    1|   ap_memory|                                                                    output_7|         array|
|output_7_d0                   |  out|   32|   ap_memory|                                                                    output_7|         array|
|output_8_address0             |  out|   16|   ap_memory|                                                                    output_8|         array|
|output_8_ce0                  |  out|    1|   ap_memory|                                                                    output_8|         array|
|output_8_we0                  |  out|    1|   ap_memory|                                                                    output_8|         array|
|output_8_d0                   |  out|   32|   ap_memory|                                                                    output_8|         array|
|output_9_address0             |  out|   16|   ap_memory|                                                                    output_9|         array|
|output_9_ce0                  |  out|    1|   ap_memory|                                                                    output_9|         array|
|output_9_we0                  |  out|    1|   ap_memory|                                                                    output_9|         array|
|output_9_d0                   |  out|   32|   ap_memory|                                                                    output_9|         array|
|output_10_address0            |  out|   16|   ap_memory|                                                                   output_10|         array|
|output_10_ce0                 |  out|    1|   ap_memory|                                                                   output_10|         array|
|output_10_we0                 |  out|    1|   ap_memory|                                                                   output_10|         array|
|output_10_d0                  |  out|   32|   ap_memory|                                                                   output_10|         array|
|output_11_address0            |  out|   16|   ap_memory|                                                                   output_11|         array|
|output_11_ce0                 |  out|    1|   ap_memory|                                                                   output_11|         array|
|output_11_we0                 |  out|    1|   ap_memory|                                                                   output_11|         array|
|output_11_d0                  |  out|   32|   ap_memory|                                                                   output_11|         array|
|output_12_address0            |  out|   16|   ap_memory|                                                                   output_12|         array|
|output_12_ce0                 |  out|    1|   ap_memory|                                                                   output_12|         array|
|output_12_we0                 |  out|    1|   ap_memory|                                                                   output_12|         array|
|output_12_d0                  |  out|   32|   ap_memory|                                                                   output_12|         array|
|output_13_address0            |  out|   16|   ap_memory|                                                                   output_13|         array|
|output_13_ce0                 |  out|    1|   ap_memory|                                                                   output_13|         array|
|output_13_we0                 |  out|    1|   ap_memory|                                                                   output_13|         array|
|output_13_d0                  |  out|   32|   ap_memory|                                                                   output_13|         array|
|output_14_address0            |  out|   16|   ap_memory|                                                                   output_14|         array|
|output_14_ce0                 |  out|    1|   ap_memory|                                                                   output_14|         array|
|output_14_we0                 |  out|    1|   ap_memory|                                                                   output_14|         array|
|output_14_d0                  |  out|   32|   ap_memory|                                                                   output_14|         array|
|output_15_address0            |  out|   16|   ap_memory|                                                                   output_15|         array|
|output_15_ce0                 |  out|    1|   ap_memory|                                                                   output_15|         array|
|output_15_we0                 |  out|    1|   ap_memory|                                                                   output_15|         array|
|output_15_d0                  |  out|   32|   ap_memory|                                                                   output_15|         array|
+------------------------------+-----+-----+------------+----------------------------------------------------------------------------+--------------+

