/home/ubuntu/lab4/cnn.prj/solution/.autopilot/db/cnn.pp.0.cpp:1315:7: warning: Added loop label VITIS_LOOP_1207_1:   [xilinx-label-all-loops]
      for (i = 0; i < __N - 1; ++i) {
      ^~~
      VITIS_LOOP_1207_1: 
/home/ubuntu/lab4/cnn.prj/solution/.autopilot/db/cnn.pp.0.cpp:1315:7: note: FIX-IT applied suggested code changes
/home/ubuntu/lab4/cnn.prj/solution/.autopilot/db/cnn.pp.0.cpp:2289:5: warning: Added loop label VITIS_LOOP_676_1:   [xilinx-label-all-loops]
    for (unsigned i = low; i != high; ++i) {
    ^~~
    VITIS_LOOP_676_1: 
/home/ubuntu/lab4/cnn.prj/solution/.autopilot/db/cnn.pp.0.cpp:2289:5: note: FIX-IT applied suggested code changes
/home/ubuntu/lab4/cnn.prj/solution/.autopilot/db/cnn.pp.0.cpp:2303:5: warning: Added loop label VITIS_LOOP_690_1:   [xilinx-label-all-loops]
    for (unsigned i = low; i != high; ++i) {
    ^~~
    VITIS_LOOP_690_1: 
/home/ubuntu/lab4/cnn.prj/solution/.autopilot/db/cnn.pp.0.cpp:2303:5: note: FIX-IT applied suggested code changes
/home/ubuntu/lab4/cnn.prj/solution/.autopilot/db/cnn.pp.0.cpp:2317:5: warning: Added loop label VITIS_LOOP_704_1:   [xilinx-label-all-loops]
    for (unsigned i = low; i != high; ++i) {
    ^~~
    VITIS_LOOP_704_1: 
/home/ubuntu/lab4/cnn.prj/solution/.autopilot/db/cnn.pp.0.cpp:2317:5: note: FIX-IT applied suggested code changes
/home/ubuntu/lab4/cnn.prj/solution/.autopilot/db/cnn.pp.0.cpp:3946:7: warning: Added loop label VITIS_LOOP_1247_1:   [xilinx-label-all-loops]
      for (i = 0; i < __N - 1; ++i) {
      ^~~
      VITIS_LOOP_1247_1: 
/home/ubuntu/lab4/cnn.prj/solution/.autopilot/db/cnn.pp.0.cpp:3946:7: note: FIX-IT applied suggested code changes
/home/ubuntu/lab4/cnn.prj/solution/.autopilot/db/cnn.pp.0.cpp:26640:5: warning: Added loop label VITIS_LOOP_127_1:   [xilinx-label-all-loops]
    for (size_t i = 0; i < N; ++i) {
    ^~~
    VITIS_LOOP_127_1: 
/home/ubuntu/lab4/cnn.prj/solution/.autopilot/db/cnn.pp.0.cpp:26640:5: note: FIX-IT applied suggested code changes
/home/ubuntu/lab4/cnn.prj/solution/.autopilot/db/cnn.pp.0.cpp:26656:5: warning: Added loop label VITIS_LOOP_143_1:   [xilinx-label-all-loops]
    for (size_t i = 0; i < N; ++i) {
    ^~~
    VITIS_LOOP_143_1: 
/home/ubuntu/lab4/cnn.prj/solution/.autopilot/db/cnn.pp.0.cpp:26656:5: note: FIX-IT applied suggested code changes
/home/ubuntu/lab4/cnn.prj/solution/.autopilot/db/cnn.pp.0.cpp:26672:75: warning: Added loop label VITIS_LOOP_169_1:   [xilinx-label-all-loops]
  inline __attribute__((always_inline)) vector &operator ++() { pragma(); for (size_t i = 0; i < N; ++i) {
                                                                          ^~~
                                                                          VITIS_LOOP_169_1: 
/home/ubuntu/lab4/cnn.prj/solution/.autopilot/db/cnn.pp.0.cpp:26672:75: note: FIX-IT applied suggested code changes
/home/ubuntu/lab4/cnn.prj/solution/.autopilot/db/cnn.pp.0.cpp:26677:75: warning: Added loop label VITIS_LOOP_170_1:   [xilinx-label-all-loops]
  inline __attribute__((always_inline)) vector &operator --() { pragma(); for (size_t i = 0; i < N; ++i) {
                                                                          ^~~
                                                                          VITIS_LOOP_170_1: 
/home/ubuntu/lab4/cnn.prj/solution/.autopilot/db/cnn.pp.0.cpp:26677:75: note: FIX-IT applied suggested code changes
/home/ubuntu/lab4/cnn.prj/solution/.autopilot/db/cnn.pp.0.cpp:26686:106: warning: Added loop label VITIS_LOOP_198_1:   [xilinx-label-all-loops]
  inline __attribute__((always_inline)) vector &operator +=(const vector &rhs) { pragma(); rhs.pragma(); for (size_t i = 0; i < N; ++i) {
                                                                                                         ^~~
                                                                                                         VITIS_LOOP_198_1: 
/home/ubuntu/lab4/cnn.prj/solution/.autopilot/db/cnn.pp.0.cpp:26686:106: note: FIX-IT applied suggested code changes
/home/ubuntu/lab4/cnn.prj/solution/.autopilot/db/cnn.pp.0.cpp:26691:106: warning: Added loop label VITIS_LOOP_199_1:   [xilinx-label-all-loops]
  inline __attribute__((always_inline)) vector &operator -=(const vector &rhs) { pragma(); rhs.pragma(); for (size_t i = 0; i < N; ++i) {
                                                                                                         ^~~
                                                                                                         VITIS_LOOP_199_1: 
/home/ubuntu/lab4/cnn.prj/solution/.autopilot/db/cnn.pp.0.cpp:26691:106: note: FIX-IT applied suggested code changes
/home/ubuntu/lab4/cnn.prj/solution/.autopilot/db/cnn.pp.0.cpp:26696:106: warning: Added loop label VITIS_LOOP_200_1:   [xilinx-label-all-loops]
  inline __attribute__((always_inline)) vector &operator *=(const vector &rhs) { pragma(); rhs.pragma(); for (size_t i = 0; i < N; ++i) {
                                                                                                         ^~~
                                                                                                         VITIS_LOOP_200_1: 
/home/ubuntu/lab4/cnn.prj/solution/.autopilot/db/cnn.pp.0.cpp:26696:106: note: FIX-IT applied suggested code changes
/home/ubuntu/lab4/cnn.prj/solution/.autopilot/db/cnn.pp.0.cpp:26701:106: warning: Added loop label VITIS_LOOP_201_1:   [xilinx-label-all-loops]
  inline __attribute__((always_inline)) vector &operator /=(const vector &rhs) { pragma(); rhs.pragma(); for (size_t i = 0; i < N; ++i) {
                                                                                                         ^~~
                                                                                                         VITIS_LOOP_201_1: 
/home/ubuntu/lab4/cnn.prj/solution/.autopilot/db/cnn.pp.0.cpp:26701:106: note: FIX-IT applied suggested code changes
/home/ubuntu/lab4/cnn.prj/solution/.autopilot/db/cnn.pp.0.cpp:26706:106: warning: Added loop label VITIS_LOOP_202_1:   [xilinx-label-all-loops]
  inline __attribute__((always_inline)) vector &operator %=(const vector &rhs) { pragma(); rhs.pragma(); for (size_t i = 0; i < N; ++i) {
                                                                                                         ^~~
                                                                                                         VITIS_LOOP_202_1: 
/home/ubuntu/lab4/cnn.prj/solution/.autopilot/db/cnn.pp.0.cpp:26706:106: note: FIX-IT applied suggested code changes
/home/ubuntu/lab4/cnn.prj/solution/.autopilot/db/cnn.pp.0.cpp:26711:106: warning: Added loop label VITIS_LOOP_203_1:   [xilinx-label-all-loops]
  inline __attribute__((always_inline)) vector &operator &=(const vector &rhs) { pragma(); rhs.pragma(); for (size_t i = 0; i < N; ++i) {
                                                                                                         ^~~
                                                                                                         VITIS_LOOP_203_1: 
/home/ubuntu/lab4/cnn.prj/solution/.autopilot/db/cnn.pp.0.cpp:26711:106: note: FIX-IT applied suggested code changes
/home/ubuntu/lab4/cnn.prj/solution/.autopilot/db/cnn.pp.0.cpp:26716:106: warning: Added loop label VITIS_LOOP_204_1:   [xilinx-label-all-loops]
  inline __attribute__((always_inline)) vector &operator |=(const vector &rhs) { pragma(); rhs.pragma(); for (size_t i = 0; i < N; ++i) {
                                                                                                         ^~~
                                                                                                         VITIS_LOOP_204_1: 
/home/ubuntu/lab4/cnn.prj/solution/.autopilot/db/cnn.pp.0.cpp:26716:106: note: FIX-IT applied suggested code changes
/home/ubuntu/lab4/cnn.prj/solution/.autopilot/db/cnn.pp.0.cpp:26721:106: warning: Added loop label VITIS_LOOP_205_1:   [xilinx-label-all-loops]
  inline __attribute__((always_inline)) vector &operator ^=(const vector &rhs) { pragma(); rhs.pragma(); for (size_t i = 0; i < N; ++i) {
                                                                                                         ^~~
                                                                                                         VITIS_LOOP_205_1: 
/home/ubuntu/lab4/cnn.prj/solution/.autopilot/db/cnn.pp.0.cpp:26721:106: note: FIX-IT applied suggested code changes
/home/ubuntu/lab4/cnn.prj/solution/.autopilot/db/cnn.pp.0.cpp:26726:107: warning: Added loop label VITIS_LOOP_206_1:   [xilinx-label-all-loops]
  inline __attribute__((always_inline)) vector &operator <<=(const vector &rhs) { pragma(); rhs.pragma(); for (size_t i = 0; i < N; ++i) {
                                                                                                          ^~~
                                                                                                          VITIS_LOOP_206_1: 
/home/ubuntu/lab4/cnn.prj/solution/.autopilot/db/cnn.pp.0.cpp:26726:107: note: FIX-IT applied suggested code changes
/home/ubuntu/lab4/cnn.prj/solution/.autopilot/db/cnn.pp.0.cpp:26731:107: warning: Added loop label VITIS_LOOP_207_1:   [xilinx-label-all-loops]
  inline __attribute__((always_inline)) vector &operator >>=(const vector &rhs) { pragma(); rhs.pragma(); for (size_t i = 0; i < N; ++i) {
                                                                                                          ^~~
                                                                                                          VITIS_LOOP_207_1: 
/home/ubuntu/lab4/cnn.prj/solution/.autopilot/db/cnn.pp.0.cpp:26731:107: note: FIX-IT applied suggested code changes
/home/ubuntu/lab4/cnn.prj/solution/.autopilot/db/cnn.pp.0.cpp:26737:91: warning: Added loop label VITIS_LOOP_222_1:   [xilinx-label-all-loops]
  inline __attribute__((always_inline)) T reduce_add() const { pragma(); T res = data[0]; for (size_t i = 1; i < N; ++i) {
                                                                                          ^~~
                                                                                          VITIS_LOOP_222_1: 
/home/ubuntu/lab4/cnn.prj/solution/.autopilot/db/cnn.pp.0.cpp:26737:91: note: FIX-IT applied suggested code changes
/home/ubuntu/lab4/cnn.prj/solution/.autopilot/db/cnn.pp.0.cpp:26742:92: warning: Added loop label VITIS_LOOP_223_1:   [xilinx-label-all-loops]
  inline __attribute__((always_inline)) T reduce_mult() const { pragma(); T res = data[0]; for (size_t i = 1; i < N; ++i) {
                                                                                           ^~~
                                                                                           VITIS_LOOP_223_1: 
/home/ubuntu/lab4/cnn.prj/solution/.autopilot/db/cnn.pp.0.cpp:26742:92: note: FIX-IT applied suggested code changes
/home/ubuntu/lab4/cnn.prj/solution/.autopilot/db/cnn.pp.0.cpp:26747:91: warning: Added loop label VITIS_LOOP_224_1:   [xilinx-label-all-loops]
  inline __attribute__((always_inline)) T reduce_and() const { pragma(); T res = data[0]; for (size_t i = 1; i < N; ++i) {
                                                                                          ^~~
                                                                                          VITIS_LOOP_224_1: 
/home/ubuntu/lab4/cnn.prj/solution/.autopilot/db/cnn.pp.0.cpp:26747:91: note: FIX-IT applied suggested code changes
/home/ubuntu/lab4/cnn.prj/solution/.autopilot/db/cnn.pp.0.cpp:26752:90: warning: Added loop label VITIS_LOOP_225_1:   [xilinx-label-all-loops]
  inline __attribute__((always_inline)) T reduce_or() const { pragma(); T res = data[0]; for (size_t i = 1; i < N; ++i) {
                                                                                         ^~~
                                                                                         VITIS_LOOP_225_1: 
/home/ubuntu/lab4/cnn.prj/solution/.autopilot/db/cnn.pp.0.cpp:26752:90: note: FIX-IT applied suggested code changes
/home/ubuntu/lab4/cnn.prj/solution/.autopilot/db/cnn.pp.0.cpp:26757:91: warning: Added loop label VITIS_LOOP_226_1:   [xilinx-label-all-loops]
  inline __attribute__((always_inline)) T reduce_xor() const { pragma(); T res = data[0]; for (size_t i = 1; i < N; ++i) {
                                                                                          ^~~
                                                                                          VITIS_LOOP_226_1: 
/home/ubuntu/lab4/cnn.prj/solution/.autopilot/db/cnn.pp.0.cpp:26757:91: note: FIX-IT applied suggested code changes
/home/ubuntu/lab4/cnn.prj/solution/.autopilot/db/cnn.pp.0.cpp:26763:132: warning: Added loop label VITIS_LOOP_256_1:   [xilinx-label-all-loops]
  inline __attribute__((always_inline)) friend bool operator <(const vector &lhs, const vector &rhs) { lhs.pragma(); rhs.pragma(); for (size_t i = 0; i < N; ++i) {
                                                                                                                                   ^~~
                                                                                                                                   VITIS_LOOP_256_1: 
/home/ubuntu/lab4/cnn.prj/solution/.autopilot/db/cnn.pp.0.cpp:26763:132: note: FIX-IT applied suggested code changes
/home/ubuntu/lab4/cnn.prj/solution/.autopilot/db/cnn.pp.0.cpp:26768:133: warning: Added loop label VITIS_LOOP_257_1:   [xilinx-label-all-loops]
  inline __attribute__((always_inline)) friend bool operator <=(const vector &lhs, const vector &rhs) { lhs.pragma(); rhs.pragma(); for (size_t i = 0; i < N; ++i) {
                                                                                                                                    ^~~
                                                                                                                                    VITIS_LOOP_257_1: 
/home/ubuntu/lab4/cnn.prj/solution/.autopilot/db/cnn.pp.0.cpp:26768:133: note: FIX-IT applied suggested code changes
/home/ubuntu/lab4/cnn.prj/solution/.autopilot/db/cnn.pp.0.cpp:26773:133: warning: Added loop label VITIS_LOOP_258_1:   [xilinx-label-all-loops]
  inline __attribute__((always_inline)) friend bool operator ==(const vector &lhs, const vector &rhs) { lhs.pragma(); rhs.pragma(); for (size_t i = 0; i < N; ++i) {
                                                                                                                                    ^~~
                                                                                                                                    VITIS_LOOP_258_1: 
/home/ubuntu/lab4/cnn.prj/solution/.autopilot/db/cnn.pp.0.cpp:26773:133: note: FIX-IT applied suggested code changes
/home/ubuntu/lab4/cnn.prj/solution/.autopilot/db/cnn.pp.0.cpp:26778:133: warning: Added loop label VITIS_LOOP_259_1:   [xilinx-label-all-loops]
  inline __attribute__((always_inline)) friend bool operator !=(const vector &lhs, const vector &rhs) { lhs.pragma(); rhs.pragma(); for (size_t i = 0; i < N; ++i) {
                                                                                                                                    ^~~
                                                                                                                                    VITIS_LOOP_259_1: 
/home/ubuntu/lab4/cnn.prj/solution/.autopilot/db/cnn.pp.0.cpp:26778:133: note: FIX-IT applied suggested code changes
/home/ubuntu/lab4/cnn.prj/solution/.autopilot/db/cnn.pp.0.cpp:26783:133: warning: Added loop label VITIS_LOOP_260_1:   [xilinx-label-all-loops]
  inline __attribute__((always_inline)) friend bool operator >=(const vector &lhs, const vector &rhs) { lhs.pragma(); rhs.pragma(); for (size_t i = 0; i < N; ++i) {
                                                                                                                                    ^~~
                                                                                                                                    VITIS_LOOP_260_1: 
/home/ubuntu/lab4/cnn.prj/solution/.autopilot/db/cnn.pp.0.cpp:26783:133: note: FIX-IT applied suggested code changes
/home/ubuntu/lab4/cnn.prj/solution/.autopilot/db/cnn.pp.0.cpp:26788:132: warning: Added loop label VITIS_LOOP_261_1:   [xilinx-label-all-loops]
  inline __attribute__((always_inline)) friend bool operator >(const vector &lhs, const vector &rhs) { lhs.pragma(); rhs.pragma(); for (size_t i = 0; i < N; ++i) {
                                                                                                                                   ^~~
                                                                                                                                   VITIS_LOOP_261_1: 
/home/ubuntu/lab4/cnn.prj/solution/.autopilot/db/cnn.pp.0.cpp:26788:132: note: FIX-IT applied suggested code changes
/home/ubuntu/lab4/cnn.prj/solution/.autopilot/db/cnn.pp.0.cpp:26836:2: warning: Added loop label VITIS_LOOP_626_1:   [xilinx-label-all-loops]
 for (int i0 = 0; i0 < 1; i0 += 1) {
 ^~~
 VITIS_LOOP_626_1: 
/home/ubuntu/lab4/cnn.prj/solution/.autopilot/db/cnn.pp.0.cpp:26836:2: note: FIX-IT applied suggested code changes
/home/ubuntu/lab4/cnn.prj/solution/.autopilot/db/cnn.pp.0.cpp:26837:5: warning: Added loop label VITIS_LOOP_627_2:   [xilinx-label-all-loops]
    for (int i1 = 0; i1 < 228; i1 += 1) {
    ^~~
    VITIS_LOOP_627_2: 
/home/ubuntu/lab4/cnn.prj/solution/.autopilot/db/cnn.pp.0.cpp:26837:5: note: FIX-IT applied suggested code changes
/home/ubuntu/lab4/cnn.prj/solution/.autopilot/db/cnn.pp.0.cpp:26838:7: warning: Added loop label VITIS_LOOP_628_3:   [xilinx-label-all-loops]
      for (int i2 = 0; i2 < 228; i2 += 4) {
      ^~~
      VITIS_LOOP_628_3: 
/home/ubuntu/lab4/cnn.prj/solution/.autopilot/db/cnn.pp.0.cpp:26838:7: note: FIX-IT applied suggested code changes
/home/ubuntu/lab4/cnn.prj/solution/.autopilot/db/cnn.pp.0.cpp:26876:2: warning: Added loop label VITIS_LOOP_681_1:   [xilinx-label-all-loops]
 for (int i0 = 0; i0 < 16; i0 += 1) {
 ^~~
 VITIS_LOOP_681_1: 
/home/ubuntu/lab4/cnn.prj/solution/.autopilot/db/cnn.pp.0.cpp:26876:2: note: FIX-IT applied suggested code changes
/home/ubuntu/lab4/cnn.prj/solution/.autopilot/db/cnn.pp.0.cpp:26877:5: warning: Added loop label VITIS_LOOP_682_2:   [xilinx-label-all-loops]
    for (int i1 = 0; i1 < 224; i1 += 1) {
    ^~~
    VITIS_LOOP_682_2: 
/home/ubuntu/lab4/cnn.prj/solution/.autopilot/db/cnn.pp.0.cpp:26877:5: note: FIX-IT applied suggested code changes
/home/ubuntu/lab4/cnn.prj/solution/.autopilot/db/cnn.pp.0.cpp:26878:7: warning: Added loop label VITIS_LOOP_683_3:   [xilinx-label-all-loops]
      for (int i2 = 0; i2 < 224; i2 += 16) {
      ^~~
      VITIS_LOOP_683_3: 
/home/ubuntu/lab4/cnn.prj/solution/.autopilot/db/cnn.pp.0.cpp:26878:7: note: FIX-IT applied suggested code changes
/home/ubuntu/lab4/cnn.prj/solution/.autopilot/db/cnn.pp.0.cpp:26923:2: warning: Added loop label VITIS_LOOP_750_1:   [xilinx-label-all-loops]
 for (int i0 = 0; i0 < 16; i0 += 1) {
 ^~~
 VITIS_LOOP_750_1: 
/home/ubuntu/lab4/cnn.prj/solution/.autopilot/db/cnn.pp.0.cpp:26923:2: note: FIX-IT applied suggested code changes
/home/ubuntu/lab4/cnn.prj/solution/.autopilot/db/cnn.pp.0.cpp:26924:5: warning: Added loop label VITIS_LOOP_751_2:   [xilinx-label-all-loops]
    for (int i1 = 0; i1 < 256; i1 += 1) {
    ^~~
    VITIS_LOOP_751_2: 
/home/ubuntu/lab4/cnn.prj/solution/.autopilot/db/cnn.pp.0.cpp:26924:5: note: FIX-IT applied suggested code changes
/home/ubuntu/lab4/cnn.prj/solution/.autopilot/db/cnn.pp.0.cpp:26925:7: warning: Added loop label VITIS_LOOP_752_3:   [xilinx-label-all-loops]
      for (int i2 = 0; i2 < 5; i2 += 1) {
      ^~~
      VITIS_LOOP_752_3: 
/home/ubuntu/lab4/cnn.prj/solution/.autopilot/db/cnn.pp.0.cpp:26925:7: note: FIX-IT applied suggested code changes
/home/ubuntu/lab4/cnn.prj/solution/.autopilot/db/cnn.pp.0.cpp:26926:9: warning: Added loop label VITIS_LOOP_753_4:   [xilinx-label-all-loops]
        for (int i3 = 0; i3 < 5; i3 += 1) {
        ^~~
        VITIS_LOOP_753_4: 
/home/ubuntu/lab4/cnn.prj/solution/.autopilot/db/cnn.pp.0.cpp:26926:9: note: FIX-IT applied suggested code changes
/home/ubuntu/lab4/cnn.prj/solution/.autopilot/db/cnn.pp.0.cpp:26964:2: warning: Added loop label VITIS_LOOP_804_1:   [xilinx-label-all-loops]
 for (int i0 = 0; i0 < 16; i0 += 1) {
 ^~~
 VITIS_LOOP_804_1: 
/home/ubuntu/lab4/cnn.prj/solution/.autopilot/db/cnn.pp.0.cpp:26964:2: note: FIX-IT applied suggested code changes
/home/ubuntu/lab4/cnn.prj/solution/.autopilot/db/cnn.pp.0.cpp:26965:5: warning: Added loop label VITIS_LOOP_805_2:   [xilinx-label-all-loops]
    for (int i1 = 0; i1 < 224; i1 += 1) {
    ^~~
    VITIS_LOOP_805_2: 
/home/ubuntu/lab4/cnn.prj/solution/.autopilot/db/cnn.pp.0.cpp:26965:5: note: FIX-IT applied suggested code changes
/home/ubuntu/lab4/cnn.prj/solution/.autopilot/db/cnn.pp.0.cpp:26966:7: warning: Added loop label VITIS_LOOP_806_3:   [xilinx-label-all-loops]
      for (int i2 = 0; i2 < 224; i2 += 16) {
      ^~~
      VITIS_LOOP_806_3: 
/home/ubuntu/lab4/cnn.prj/solution/.autopilot/db/cnn.pp.0.cpp:26966:7: note: FIX-IT applied suggested code changes
/home/ubuntu/lab4/cnn.prj/solution/.autopilot/db/cnn.pp.0.cpp:27015:2: warning: Added loop label VITIS_LOOP_873_1:   [xilinx-label-all-loops]
 for (int i0 = 0; i0 < 16; i0++) {
 ^~~
 VITIS_LOOP_873_1: 
/home/ubuntu/lab4/cnn.prj/solution/.autopilot/db/cnn.pp.0.cpp:27015:2: note: FIX-IT applied suggested code changes
/home/ubuntu/lab4/cnn.prj/solution/.autopilot/db/cnn.pp.0.cpp:27030:5: warning: Added loop label VITIS_LOOP_888_2:   [xilinx-label-all-loops]
    for (int j = 0; j < 256; j++) {
    ^~~
    VITIS_LOOP_888_2: 
/home/ubuntu/lab4/cnn.prj/solution/.autopilot/db/cnn.pp.0.cpp:27030:5: note: FIX-IT applied suggested code changes
/home/ubuntu/lab4/cnn.prj/solution/.autopilot/db/cnn.pp.0.cpp:27040:9: warning: Added loop label VITIS_LOOP_898_3:   [xilinx-label-all-loops]
        for (int h = 0; h < 16 * 14;
        ^~~
        VITIS_LOOP_898_3: 
/home/ubuntu/lab4/cnn.prj/solution/.autopilot/db/cnn.pp.0.cpp:27040:9: note: FIX-IT applied suggested code changes
/home/ubuntu/lab4/cnn.prj/solution/.autopilot/db/cnn.pp.0.cpp:27043:9: warning: Added loop label VITIS_LOOP_901_4:   [xilinx-label-all-loops]
        for (int p = 0; p < 5; p++) {
        ^~~
        VITIS_LOOP_901_4: 
/home/ubuntu/lab4/cnn.prj/solution/.autopilot/db/cnn.pp.0.cpp:27043:9: note: FIX-IT applied suggested code changes
/home/ubuntu/lab4/cnn.prj/solution/.autopilot/db/cnn.pp.0.cpp:27044:13: warning: Added loop label VITIS_LOOP_902_5:   [xilinx-label-all-loops]
            for (int q = 0; q < width; q++) {
            ^~~
            VITIS_LOOP_902_5: 
/home/ubuntu/lab4/cnn.prj/solution/.autopilot/db/cnn.pp.0.cpp:27044:13: note: FIX-IT applied suggested code changes
/home/ubuntu/lab4/cnn.prj/solution/.autopilot/db/cnn.pp.0.cpp:27052:9: warning: Added loop label VITIS_LOOP_910_6:   [xilinx-label-all-loops]
        for (int w = 0; w < 224; w++) {
        ^~~
        VITIS_LOOP_910_6: 
/home/ubuntu/lab4/cnn.prj/solution/.autopilot/db/cnn.pp.0.cpp:27052:9: note: FIX-IT applied suggested code changes
/home/ubuntu/lab4/cnn.prj/solution/.autopilot/db/cnn.pp.0.cpp:27063:2: warning: Added loop label VITIS_LOOP_921_7:   [xilinx-label-all-loops]
 for (int i1 = 0; i1 < 16; i1++) {
 ^~~
 VITIS_LOOP_921_7: 
/home/ubuntu/lab4/cnn.prj/solution/.autopilot/db/cnn.pp.0.cpp:27063:2: note: FIX-IT applied suggested code changes
/home/ubuntu/lab4/cnn.prj/solution/.autopilot/db/cnn.pp.0.cpp:27066:13: warning: Added loop label VITIS_LOOP_924_8:   [xilinx-label-all-loops]
            for (int p = 0; p < 5; p++) {
            ^~~
            VITIS_LOOP_924_8: 
/home/ubuntu/lab4/cnn.prj/solution/.autopilot/db/cnn.pp.0.cpp:27066:13: note: FIX-IT applied suggested code changes
/home/ubuntu/lab4/cnn.prj/solution/.autopilot/db/cnn.pp.0.cpp:27067:15: warning: Added loop label VITIS_LOOP_925_9:   [xilinx-label-all-loops]
              for (int q = 0; q < 5; q++) {
              ^~~
              VITIS_LOOP_925_9: 
/home/ubuntu/lab4/cnn.prj/solution/.autopilot/db/cnn.pp.0.cpp:27067:15: note: FIX-IT applied suggested code changes
/home/ubuntu/lab4/cnn.prj/solution/.autopilot/db/cnn.pp.0.cpp:27086:13: warning: Added loop label VITIS_LOOP_944_10:   [xilinx-label-all-loops]
            for (int p = 0; p < 5;p++) {
            ^~~
            VITIS_LOOP_944_10: 
/home/ubuntu/lab4/cnn.prj/solution/.autopilot/db/cnn.pp.0.cpp:27086:13: note: FIX-IT applied suggested code changes
/home/ubuntu/lab4/cnn.prj/solution/.autopilot/db/cnn.pp.0.cpp:27088:2: warning: Added loop label VITIS_LOOP_946_11:   [xilinx-label-all-loops]
 for (int q = 0; q < 4; q++) {
 ^~~
 VITIS_LOOP_946_11: 
/home/ubuntu/lab4/cnn.prj/solution/.autopilot/db/cnn.pp.0.cpp:27088:2: note: FIX-IT applied suggested code changes
/home/ubuntu/lab4/cnn.prj/solution/.autopilot/db/cnn.pp.0.cpp:27093:13: warning: Added loop label VITIS_LOOP_951_12:   [xilinx-label-all-loops]
            for (int p = 0; p < 5; p++) {
            ^~~
            VITIS_LOOP_951_12: 
/home/ubuntu/lab4/cnn.prj/solution/.autopilot/db/cnn.pp.0.cpp:27093:13: note: FIX-IT applied suggested code changes
/home/ubuntu/lab4/cnn.prj/solution/.autopilot/db/cnn.pp.0.cpp:27116:69: warning:  hls::vector type top function variable vinput requires aggregation [xilinx-aggregate-on-hls-vector]
__attribute__((sdx_kernel("kernel_cnn", 0))) void kernel_cnn(float4 vinput[3326976], float1 vweight[1638400],
                                                                    ^
/home/ubuntu/lab4/cnn.prj/solution/.autopilot/db/cnn.pp.0.cpp:27117:43: note: FIX-IT applied suggested code changes
                float16 voutput[802816]) {
                                          ^
/home/ubuntu/lab4/cnn.prj/solution/.autopilot/db/cnn.pp.0.cpp:27116:69: warning:  hls::vector type top function variable vinput requires align attribute [xilinx-aggregate-on-hls-vector]
__attribute__((sdx_kernel("kernel_cnn", 0))) void kernel_cnn(float4 vinput[3326976], float1 vweight[1638400],
                                                                    ^              ~
                                                                                    __attribute__((align_value(alignof(float4)))) 
/home/ubuntu/lab4/cnn.prj/solution/.autopilot/db/cnn.pp.0.cpp:27116:84: note: FIX-IT applied suggested code changes
__attribute__((sdx_kernel("kernel_cnn", 0))) void kernel_cnn(float4 vinput[3326976], float1 vweight[1638400],
                                                                                   ^
/home/ubuntu/lab4/cnn.prj/solution/.autopilot/db/cnn.pp.0.cpp:27116:93: warning:  hls::vector type top function variable vweight requires aggregation [xilinx-aggregate-on-hls-vector]
__attribute__((sdx_kernel("kernel_cnn", 0))) void kernel_cnn(float4 vinput[3326976], float1 vweight[1638400],
                                                                                            ^
/home/ubuntu/lab4/cnn.prj/solution/.autopilot/db/cnn.pp.0.cpp:27117:43: note: FIX-IT applied suggested code changes
                float16 voutput[802816]) {
                                          ^
/home/ubuntu/lab4/cnn.prj/solution/.autopilot/db/cnn.pp.0.cpp:27116:93: warning:  hls::vector type top function variable vweight requires align attribute [xilinx-aggregate-on-hls-vector]
__attribute__((sdx_kernel("kernel_cnn", 0))) void kernel_cnn(float4 vinput[3326976], float1 vweight[1638400],
                                                                                            ^               ~
                                                                                                             __attribute__((align_value(alignof(float1)))) 
/home/ubuntu/lab4/cnn.prj/solution/.autopilot/db/cnn.pp.0.cpp:27116:109: note: FIX-IT applied suggested code changes
__attribute__((sdx_kernel("kernel_cnn", 0))) void kernel_cnn(float4 vinput[3326976], float1 vweight[1638400],
                                                                                                            ^
/home/ubuntu/lab4/cnn.prj/solution/.autopilot/db/cnn.pp.0.cpp:27117:25: warning:  hls::vector type top function variable voutput requires aggregation [xilinx-aggregate-on-hls-vector]
                float16 voutput[802816]) {
                        ^
/home/ubuntu/lab4/cnn.prj/solution/.autopilot/db/cnn.pp.0.cpp:27117:43: note: FIX-IT applied suggested code changes
                float16 voutput[802816]) {
                                          ^
/home/ubuntu/lab4/cnn.prj/solution/.autopilot/db/cnn.pp.0.cpp:27117:25: warning:  hls::vector type top function variable voutput requires align attribute [xilinx-aggregate-on-hls-vector]
                float16 voutput[802816]) {
                        ^              ~
                                        __attribute__((align_value(alignof(float16)))) 
/home/ubuntu/lab4/cnn.prj/solution/.autopilot/db/cnn.pp.0.cpp:27117:40: note: FIX-IT applied suggested code changes
                float16 voutput[802816]) {
                                       ^
