

================================================================
== Vitis HLS Report for 'load_output_S0_Pipeline_VITIS_LOOP_117_1_VITIS_LOOP_118_2_VITIS_LOOP_119_3'
================================================================
* Date:           Tue May 27 03:03:25 2025

* Version:        2023.2 (Build 4023990 on Oct 11 2023)
* Project:        cnn.prj
* Solution:       solution (Vitis Kernel Flow Target)
* Product family: virtexuplus
* Target device:  xcu200-fsgd2104-2-e


================================================================
== Performance Estimates
================================================================
+ Timing: 
    * Summary: 
    +--------+---------+----------+------------+
    |  Clock |  Target | Estimated| Uncertainty|
    +--------+---------+----------+------------+
    |ap_clk  |  4.00 ns|  2.920 ns|     1.08 ns|
    +--------+---------+----------+------------+

+ Latency: 
    * Summary: 
    +---------+---------+----------+----------+-------+-------+---------+
    |  Latency (cycles) |  Latency (absolute) |    Interval   | Pipeline|
    |   min   |   max   |    min   |    max   |  min  |  max  |   Type  |
    +---------+---------+----------+----------+-------+-------+---------+
    |    50179|    50179|  0.201 ms|  0.201 ms|  50179|  50179|       no|
    +---------+---------+----------+----------+-------+-------+---------+

    + Detail: 
        * Instance: 
        N/A

        * Loop: 
        +------------------------------------------------------+---------+---------+----------+-----------+-----------+-------+----------+
        |                                                      |  Latency (cycles) | Iteration|  Initiation Interval  |  Trip |          |
        |                       Loop Name                      |   min   |   max   |  Latency |  achieved |   target  | Count | Pipelined|
        +------------------------------------------------------+---------+---------+----------+-----------+-----------+-------+----------+
        |- VITIS_LOOP_117_1_VITIS_LOOP_118_2_VITIS_LOOP_119_3  |    50177|    50177|         3|          1|          1|  50176|       yes|
        +------------------------------------------------------+---------+---------+----------+-----------+-----------+-------+----------+

============================================================
+ Verbose Summary: Synthesis Manager
============================================================
InlineROM: 1
ExposeGlobal: 0
============================================================
+ Verbose Summary: CDFG Model
============================================================
IsTopModel: 0
ResetActiveHigh: 1
IsCombinational: 0
IsDatapathOnly: 0
HasWiredReturn: 1
HasMFsm: 2
HasVarLatency: 1
IsPipeline: 0
IsRtlPipelined: 0
IsInstanceOverlapped: 0
IsDontTouch: 0
HasImplIP: 0
IsGatedGlobalClock: 0

+ Individual pipeline summary: 
  * Pipeline-0: initiation interval (II) = 1, depth = 4


============================================================
+ Verbose Summary: Schedule
============================================================
* Number of FSM states : 4
* Pipeline : 1
  Pipeline-0 : II = 1, D = 4, States = { 1 2 3 4 }
* Dataflow Pipeline: 0

* FSM state transitions: 
1 --> 2 
2 --> 3 
3 --> 4 
4 --> 

* FSM state operations: 

State 1 <SV = 0> <Delay = 0.38>
ST_1 : Operation 6 [1/1] (0.00ns)   --->   "%i2 = alloca i32 1" [cnn.cpp:119]   --->   Operation 6 'alloca' 'i2' <Predicate = true> <Delay = 0.00>
ST_1 : Operation 7 [1/1] (0.00ns)   --->   "%indvar = alloca i32 1"   --->   Operation 7 'alloca' 'indvar' <Predicate = true> <Delay = 0.00>
ST_1 : Operation 8 [1/1] (0.00ns)   --->   "%i1 = alloca i32 1" [cnn.cpp:118]   --->   Operation 8 'alloca' 'i1' <Predicate = true> <Delay = 0.00>
ST_1 : Operation 9 [1/1] (0.00ns)   --->   "%indvar_flatten = alloca i32 1"   --->   Operation 9 'alloca' 'indvar_flatten' <Predicate = true> <Delay = 0.00>
ST_1 : Operation 10 [1/1] (0.00ns)   --->   "%i0 = alloca i32 1" [cnn.cpp:117]   --->   Operation 10 'alloca' 'i0' <Predicate = true> <Delay = 0.00>
ST_1 : Operation 11 [1/1] (0.00ns)   --->   "%indvar_flatten13 = alloca i32 1"   --->   Operation 11 'alloca' 'indvar_flatten13' <Predicate = true> <Delay = 0.00>
ST_1 : Operation 12 [1/1] (0.00ns)   --->   "%sext_ln117_read = read i58 @_ssdm_op_Read.ap_auto.i58, i58 %sext_ln117"   --->   Operation 12 'read' 'sext_ln117_read' <Predicate = true> <Delay = 0.00>
ST_1 : Operation 13 [1/1] (0.00ns)   --->   "%sext_ln117_cast = sext i58 %sext_ln117_read"   --->   Operation 13 'sext' 'sext_ln117_cast' <Predicate = true> <Delay = 0.00>
ST_1 : Operation 14 [1/1] (0.00ns)   --->   "%specinterface_ln0 = specinterface void @_ssdm_op_SpecInterface, i512 %kernel_output, void @empty_16, i32 0, i32 0, void @empty_10, i32 64, i32 0, void @empty_9, void @empty_7, void @empty_10, i32 16, i32 16, i32 16, i32 16, void @empty_10, void @empty_10, i32 4294967295, i32 0"   --->   Operation 14 'specinterface' 'specinterface_ln0' <Predicate = true> <Delay = 0.00>
ST_1 : Operation 15 [1/1] (0.38ns)   --->   "%store_ln0 = store i16 0, i16 %indvar_flatten13"   --->   Operation 15 'store' 'store_ln0' <Predicate = true> <Delay = 0.38>
ST_1 : Operation 16 [1/1] (0.38ns)   --->   "%store_ln117 = store i5 0, i5 %i0" [cnn.cpp:117]   --->   Operation 16 'store' 'store_ln117' <Predicate = true> <Delay = 0.38>
ST_1 : Operation 17 [1/1] (0.38ns)   --->   "%store_ln0 = store i12 0, i12 %indvar_flatten"   --->   Operation 17 'store' 'store_ln0' <Predicate = true> <Delay = 0.38>
ST_1 : Operation 18 [1/1] (0.38ns)   --->   "%store_ln118 = store i8 0, i8 %i1" [cnn.cpp:118]   --->   Operation 18 'store' 'store_ln118' <Predicate = true> <Delay = 0.38>
ST_1 : Operation 19 [1/1] (0.38ns)   --->   "%store_ln0 = store i4 0, i4 %indvar"   --->   Operation 19 'store' 'store_ln0' <Predicate = true> <Delay = 0.38>
ST_1 : Operation 20 [1/1] (0.38ns)   --->   "%store_ln119 = store i8 0, i8 %i2" [cnn.cpp:119]   --->   Operation 20 'store' 'store_ln119' <Predicate = true> <Delay = 0.38>
ST_1 : Operation 21 [1/1] (0.00ns)   --->   "%br_ln0 = br void %for.inc"   --->   Operation 21 'br' 'br_ln0' <Predicate = true> <Delay = 0.00>

State 2 <SV = 1> <Delay = 1.43>
ST_2 : Operation 22 [1/1] (0.00ns)   --->   "%indvar_flatten13_load = load i16 %indvar_flatten13" [cnn.cpp:117]   --->   Operation 22 'load' 'indvar_flatten13_load' <Predicate = true> <Delay = 0.00>
ST_2 : Operation 23 [1/1] (0.78ns)   --->   "%icmp_ln117 = icmp_eq  i16 %indvar_flatten13_load, i16 50176" [cnn.cpp:117]   --->   Operation 23 'icmp' 'icmp_ln117' <Predicate = true> <Delay = 0.78> <CoreInst = "Cmp">   --->   Core 9 'Cmp' <Latency = 0> <II = 1> <Delay = 0.78> <FuncUnit> <Opcode : 'icmp'> <InPorts = 2> <OutPorts = 1>
ST_2 : Operation 24 [1/1] (0.78ns)   --->   "%add_ln117 = add i16 %indvar_flatten13_load, i16 1" [cnn.cpp:117]   --->   Operation 24 'add' 'add_ln117' <Predicate = true> <Delay = 0.78> <CoreInst = "Adder">   --->   Core 1 'Adder' <Latency = 0> <II = 1> <Delay = 0.78> <FuncUnit> <Opcode : 'add' 'sub'> <InPorts = 2> <OutPorts = 1>
ST_2 : Operation 25 [1/1] (0.00ns)   --->   "%br_ln117 = br i1 %icmp_ln117, void %for.inc144, void %for.end146.exitStub" [cnn.cpp:117]   --->   Operation 25 'br' 'br_ln117' <Predicate = true> <Delay = 0.00>
ST_2 : Operation 26 [1/1] (0.00ns)   --->   "%indvar_flatten_load = load i12 %indvar_flatten" [cnn.cpp:118]   --->   Operation 26 'load' 'indvar_flatten_load' <Predicate = (!icmp_ln117)> <Delay = 0.00>
ST_2 : Operation 27 [1/1] (0.00ns)   --->   "%i0_load = load i5 %i0" [cnn.cpp:117]   --->   Operation 27 'load' 'i0_load' <Predicate = (!icmp_ln117)> <Delay = 0.00>
ST_2 : Operation 28 [1/1] (0.70ns)   --->   "%add_ln117_1 = add i5 %i0_load, i5 1" [cnn.cpp:117]   --->   Operation 28 'add' 'add_ln117_1' <Predicate = (!icmp_ln117)> <Delay = 0.70> <CoreInst = "Adder">   --->   Core 1 'Adder' <Latency = 0> <II = 1> <Delay = 0.70> <FuncUnit> <Opcode : 'add' 'sub'> <InPorts = 2> <OutPorts = 1>
ST_2 : Operation 29 [1/1] (0.74ns)   --->   "%icmp_ln118 = icmp_eq  i12 %indvar_flatten_load, i12 3136" [cnn.cpp:118]   --->   Operation 29 'icmp' 'icmp_ln118' <Predicate = (!icmp_ln117)> <Delay = 0.74> <CoreInst = "Cmp">   --->   Core 9 'Cmp' <Latency = 0> <II = 1> <Delay = 0.74> <FuncUnit> <Opcode : 'icmp'> <InPorts = 2> <OutPorts = 1>
ST_2 : Operation 30 [1/1] (0.27ns)   --->   "%select_ln117_1 = select i1 %icmp_ln118, i5 %add_ln117_1, i5 %i0_load" [cnn.cpp:117]   --->   Operation 30 'select' 'select_ln117_1' <Predicate = (!icmp_ln117)> <Delay = 0.27> <CoreInst = "Sel">   --->   Core 73 'Sel' <Latency = 0> <II = 1> <Delay = 0.27> <FuncUnit> <Opcode : 'select'> <InPorts = 3> <OutPorts = 1>
ST_2 : Operation 31 [1/1] (0.74ns)   --->   "%add_ln118_1 = add i12 %indvar_flatten_load, i12 1" [cnn.cpp:118]   --->   Operation 31 'add' 'add_ln118_1' <Predicate = (!icmp_ln117)> <Delay = 0.74> <CoreInst = "Adder">   --->   Core 1 'Adder' <Latency = 0> <II = 1> <Delay = 0.74> <FuncUnit> <Opcode : 'add' 'sub'> <InPorts = 2> <OutPorts = 1>
ST_2 : Operation 32 [1/1] (0.29ns)   --->   "%select_ln118_2 = select i1 %icmp_ln118, i12 1, i12 %add_ln118_1" [cnn.cpp:118]   --->   Operation 32 'select' 'select_ln118_2' <Predicate = (!icmp_ln117)> <Delay = 0.29> <CoreInst = "Sel">   --->   Core 73 'Sel' <Latency = 0> <II = 1> <Delay = 0.29> <FuncUnit> <Opcode : 'select'> <InPorts = 3> <OutPorts = 1>
ST_2 : Operation 33 [1/1] (0.38ns)   --->   "%store_ln117 = store i16 %add_ln117, i16 %indvar_flatten13" [cnn.cpp:117]   --->   Operation 33 'store' 'store_ln117' <Predicate = (!icmp_ln117)> <Delay = 0.38>
ST_2 : Operation 34 [1/1] (0.38ns)   --->   "%store_ln117 = store i5 %select_ln117_1, i5 %i0" [cnn.cpp:117]   --->   Operation 34 'store' 'store_ln117' <Predicate = (!icmp_ln117)> <Delay = 0.38>
ST_2 : Operation 35 [1/1] (0.38ns)   --->   "%store_ln118 = store i12 %select_ln118_2, i12 %indvar_flatten" [cnn.cpp:118]   --->   Operation 35 'store' 'store_ln118' <Predicate = (!icmp_ln117)> <Delay = 0.38>

State 3 <SV = 2> <Delay = 2.92>
ST_3 : Operation 36 [1/1] (0.00ns)   --->   "%i2_load = load i8 %i2" [cnn.cpp:118]   --->   Operation 36 'load' 'i2_load' <Predicate = true> <Delay = 0.00>
ST_3 : Operation 37 [1/1] (0.00ns)   --->   "%indvar_load = load i4 %indvar" [cnn.cpp:119]   --->   Operation 37 'load' 'indvar_load' <Predicate = true> <Delay = 0.00>
ST_3 : Operation 38 [1/1] (0.00ns)   --->   "%i1_load = load i8 %i1" [cnn.cpp:117]   --->   Operation 38 'load' 'i1_load' <Predicate = (!icmp_ln118)> <Delay = 0.00>
ST_3 : Operation 39 [1/1] (0.00ns)   --->   "%kernel_output_addr = getelementptr i512 %kernel_output, i64 %sext_ln117_cast" [cnn.cpp:117]   --->   Operation 39 'getelementptr' 'kernel_output_addr' <Predicate = true> <Delay = 0.00>
ST_3 : Operation 40 [1/1] (0.30ns)   --->   "%select_ln117 = select i1 %icmp_ln118, i8 0, i8 %i1_load" [cnn.cpp:117]   --->   Operation 40 'select' 'select_ln117' <Predicate = true> <Delay = 0.30> <CoreInst = "Sel">   --->   Core 73 'Sel' <Latency = 0> <II = 1> <Delay = 0.30> <FuncUnit> <Opcode : 'select'> <InPorts = 3> <OutPorts = 1>
ST_3 : Operation 41 [1/1] (0.00ns) (grouped into LUT with out node and_ln117)   --->   "%xor_ln117 = xor i1 %icmp_ln118, i1 1" [cnn.cpp:117]   --->   Operation 41 'xor' 'xor_ln117' <Predicate = true> <Delay = 0.00> <CoreInst = "LogicGate">   --->   Core 74 'LogicGate' <Latency = 0> <II = 1> <Delay = 0.12> <FuncUnit> <Opcode : 'and' 'or' 'xor'> <InPorts = 2> <OutPorts = 1>
ST_3 : Operation 42 [1/1] (0.70ns)   --->   "%icmp_ln119 = icmp_eq  i4 %indvar_load, i4 14" [cnn.cpp:119]   --->   Operation 42 'icmp' 'icmp_ln119' <Predicate = true> <Delay = 0.70> <CoreInst = "Cmp">   --->   Core 9 'Cmp' <Latency = 0> <II = 1> <Delay = 0.70> <FuncUnit> <Opcode : 'icmp'> <InPorts = 2> <OutPorts = 1>
ST_3 : Operation 43 [1/1] (0.12ns) (out node of the LUT)   --->   "%and_ln117 = and i1 %icmp_ln119, i1 %xor_ln117" [cnn.cpp:117]   --->   Operation 43 'and' 'and_ln117' <Predicate = true> <Delay = 0.12> <CoreInst = "LogicGate">   --->   Core 74 'LogicGate' <Latency = 0> <II = 1> <Delay = 0.12> <FuncUnit> <Opcode : 'and' 'or' 'xor'> <InPorts = 2> <OutPorts = 1>
ST_3 : Operation 44 [1/1] (0.70ns)   --->   "%add_ln118 = add i8 %select_ln117, i8 1" [cnn.cpp:118]   --->   Operation 44 'add' 'add_ln118' <Predicate = true> <Delay = 0.70> <CoreInst = "Adder">   --->   Core 1 'Adder' <Latency = 0> <II = 1> <Delay = 0.70> <FuncUnit> <Opcode : 'add' 'sub'> <InPorts = 2> <OutPorts = 1>
ST_3 : Operation 45 [1/1] (0.12ns)   --->   "%or_ln118 = or i1 %and_ln117, i1 %icmp_ln118" [cnn.cpp:118]   --->   Operation 45 'or' 'or_ln118' <Predicate = true> <Delay = 0.12> <CoreInst = "LogicGate">   --->   Core 74 'LogicGate' <Latency = 0> <II = 1> <Delay = 0.12> <FuncUnit> <Opcode : 'and' 'or' 'xor'> <InPorts = 2> <OutPorts = 1>
ST_3 : Operation 46 [1/1] (0.30ns)   --->   "%select_ln118 = select i1 %or_ln118, i8 0, i8 %i2_load" [cnn.cpp:118]   --->   Operation 46 'select' 'select_ln118' <Predicate = true> <Delay = 0.30> <CoreInst = "Sel">   --->   Core 73 'Sel' <Latency = 0> <II = 1> <Delay = 0.30> <FuncUnit> <Opcode : 'select'> <InPorts = 3> <OutPorts = 1>
ST_3 : Operation 47 [1/1] (0.30ns)   --->   "%select_ln118_1 = select i1 %and_ln117, i8 %add_ln118, i8 %select_ln117" [cnn.cpp:118]   --->   Operation 47 'select' 'select_ln118_1' <Predicate = true> <Delay = 0.30> <CoreInst = "Sel">   --->   Core 73 'Sel' <Latency = 0> <II = 1> <Delay = 0.30> <FuncUnit> <Opcode : 'select'> <InPorts = 3> <OutPorts = 1>
ST_3 : Operation 48 [1/1] (0.00ns)   --->   "%tmp = bitconcatenate i13 @_ssdm_op_BitConcatenate.i13.i5.i8, i5 %select_ln117_1, i8 0" [cnn.cpp:138]   --->   Operation 48 'bitconcatenate' 'tmp' <Predicate = true> <Delay = 0.00>
ST_3 : Operation 49 [1/1] (0.00ns)   --->   "%zext_ln138 = zext i13 %tmp" [cnn.cpp:138]   --->   Operation 49 'zext' 'zext_ln138' <Predicate = true> <Delay = 0.00>
ST_3 : Operation 50 [1/1] (0.00ns)   --->   "%tmp_6 = bitconcatenate i10 @_ssdm_op_BitConcatenate.i10.i5.i5, i5 %select_ln117_1, i5 0" [cnn.cpp:138]   --->   Operation 50 'bitconcatenate' 'tmp_6' <Predicate = true> <Delay = 0.00>
ST_3 : Operation 51 [1/1] (0.00ns)   --->   "%zext_ln138_1 = zext i10 %tmp_6" [cnn.cpp:138]   --->   Operation 51 'zext' 'zext_ln138_1' <Predicate = true> <Delay = 0.00>
ST_3 : Operation 52 [1/1] (0.75ns)   --->   "%sub_ln138 = sub i14 %zext_ln138, i14 %zext_ln138_1" [cnn.cpp:138]   --->   Operation 52 'sub' 'sub_ln138' <Predicate = true> <Delay = 0.75> <CoreInst = "Adder">   --->   Core 1 'Adder' <Latency = 0> <II = 1> <Delay = 0.75> <FuncUnit> <Opcode : 'add' 'sub'> <InPorts = 2> <OutPorts = 1>
ST_3 : Operation 53 [1/1] (0.00ns)   --->   "%sext_ln118 = sext i14 %sub_ln138" [cnn.cpp:118]   --->   Operation 53 'sext' 'sext_ln118' <Predicate = true> <Delay = 0.00>
ST_3 : Operation 54 [1/1] (0.00ns)   --->   "%zext_ln138_2 = zext i8 %select_ln118_1" [cnn.cpp:138]   --->   Operation 54 'zext' 'zext_ln138_2' <Predicate = true> <Delay = 0.00>
ST_3 : Operation 55 [1/1] (0.76ns)   --->   "%add_ln138 = add i15 %sext_ln118, i15 %zext_ln138_2" [cnn.cpp:138]   --->   Operation 55 'add' 'add_ln138' <Predicate = true> <Delay = 0.76> <CoreInst = "Adder">   --->   Core 1 'Adder' <Latency = 0> <II = 1> <Delay = 0.76> <FuncUnit> <Opcode : 'add' 'sub'> <InPorts = 2> <OutPorts = 1>
ST_3 : Operation 56 [1/1] (0.00ns)   --->   "%trunc_ln138 = trunc i15 %add_ln138" [cnn.cpp:138]   --->   Operation 56 'trunc' 'trunc_ln138' <Predicate = true> <Delay = 0.00>
ST_3 : Operation 57 [1/1] (0.00ns)   --->   "%tmp_7 = bitconcatenate i16 @_ssdm_op_BitConcatenate.i16.i12.i4, i12 %trunc_ln138, i4 0" [cnn.cpp:138]   --->   Operation 57 'bitconcatenate' 'tmp_7' <Predicate = true> <Delay = 0.00>
ST_3 : Operation 58 [1/1] (0.00ns)   --->   "%tmp_8 = bitconcatenate i16 @_ssdm_op_BitConcatenate.i16.i15.i1, i15 %add_ln138, i1 0" [cnn.cpp:138]   --->   Operation 58 'bitconcatenate' 'tmp_8' <Predicate = true> <Delay = 0.00>
ST_3 : Operation 59 [1/1] (0.00ns) (grouped into TernaryAdder)   --->   "%sub_ln138_1 = sub i16 %tmp_7, i16 %tmp_8" [cnn.cpp:138]   --->   Operation 59 'sub' 'sub_ln138_1' <Predicate = true> <Delay = 0.00> <CoreInst = "TAddSub">   --->   Core 10 'TAddSub' <Latency = 0> <II = 1> <Delay = 0.33> <IPBlock> <Opcode : '' 'add' 'sub'> <InPorts = 3> <OutPorts = 1> <Sync> <CReg>
ST_3 : Operation 60 [1/1] (0.00ns)   --->   "%lshr_ln = partselect i4 @_ssdm_op_PartSelect.i4.i8.i32.i32, i8 %select_ln118, i32 4, i32 7" [cnn.cpp:119]   --->   Operation 60 'partselect' 'lshr_ln' <Predicate = true> <Delay = 0.00>
ST_3 : Operation 61 [1/1] (0.00ns)   --->   "%zext_ln138_3 = zext i4 %lshr_ln" [cnn.cpp:138]   --->   Operation 61 'zext' 'zext_ln138_3' <Predicate = true> <Delay = 0.00>
ST_3 : Operation 62 [1/1] (0.67ns) (root node of TernaryAdder)   --->   "%add_ln138_1 = add i16 %sub_ln138_1, i16 %zext_ln138_3" [cnn.cpp:138]   --->   Operation 62 'add' 'add_ln138_1' <Predicate = true> <Delay = 0.67> <CoreInst = "TAddSub">   --->   Core 10 'TAddSub' <Latency = 0> <II = 1> <Delay = 0.33> <IPBlock> <Opcode : '' 'add' 'sub'> <InPorts = 3> <OutPorts = 1> <Sync> <CReg>
ST_3 : Operation 63 [1/1] (2.92ns)   --->   "%kernel_output_addr_read = read i512 @_ssdm_op_Read.m_axi.p1i512, i512 %kernel_output_addr" [cnn.cpp:131]   --->   Operation 63 'read' 'kernel_output_addr_read' <Predicate = true> <Delay = 2.92> <CoreInst = "m_axi">   --->   Core 121 'm_axi' <Latency = 0> <II = 1> <Delay = 1.00> <Adapter> <Opcode : 'read' 'write' 'readreq' 'writereq' 'writeresp'>
ST_3 : Operation 64 [1/1] (0.00ns)   --->   "%trunc_ln131 = trunc i512 %kernel_output_addr_read" [cnn.cpp:131]   --->   Operation 64 'trunc' 'trunc_ln131' <Predicate = true> <Delay = 0.00>
ST_3 : Operation 65 [1/1] (0.00ns)   --->   "%trunc_ln131_1 = partselect i32 @_ssdm_op_PartSelect.i32.i512.i32.i32, i512 %kernel_output_addr_read, i32 32, i32 63" [cnn.cpp:131]   --->   Operation 65 'partselect' 'trunc_ln131_1' <Predicate = true> <Delay = 0.00>
ST_3 : Operation 66 [1/1] (0.00ns)   --->   "%trunc_ln131_2 = partselect i32 @_ssdm_op_PartSelect.i32.i512.i32.i32, i512 %kernel_output_addr_read, i32 64, i32 95" [cnn.cpp:131]   --->   Operation 66 'partselect' 'trunc_ln131_2' <Predicate = true> <Delay = 0.00>
ST_3 : Operation 67 [1/1] (0.00ns)   --->   "%trunc_ln131_3 = partselect i32 @_ssdm_op_PartSelect.i32.i512.i32.i32, i512 %kernel_output_addr_read, i32 96, i32 127" [cnn.cpp:131]   --->   Operation 67 'partselect' 'trunc_ln131_3' <Predicate = true> <Delay = 0.00>
ST_3 : Operation 68 [1/1] (0.00ns)   --->   "%trunc_ln131_4 = partselect i32 @_ssdm_op_PartSelect.i32.i512.i32.i32, i512 %kernel_output_addr_read, i32 128, i32 159" [cnn.cpp:131]   --->   Operation 68 'partselect' 'trunc_ln131_4' <Predicate = true> <Delay = 0.00>
ST_3 : Operation 69 [1/1] (0.00ns)   --->   "%trunc_ln131_5 = partselect i32 @_ssdm_op_PartSelect.i32.i512.i32.i32, i512 %kernel_output_addr_read, i32 160, i32 191" [cnn.cpp:131]   --->   Operation 69 'partselect' 'trunc_ln131_5' <Predicate = true> <Delay = 0.00>
ST_3 : Operation 70 [1/1] (0.00ns)   --->   "%trunc_ln131_6 = partselect i32 @_ssdm_op_PartSelect.i32.i512.i32.i32, i512 %kernel_output_addr_read, i32 192, i32 223" [cnn.cpp:131]   --->   Operation 70 'partselect' 'trunc_ln131_6' <Predicate = true> <Delay = 0.00>
ST_3 : Operation 71 [1/1] (0.00ns)   --->   "%trunc_ln131_7 = partselect i32 @_ssdm_op_PartSelect.i32.i512.i32.i32, i512 %kernel_output_addr_read, i32 224, i32 255" [cnn.cpp:131]   --->   Operation 71 'partselect' 'trunc_ln131_7' <Predicate = true> <Delay = 0.00>
ST_3 : Operation 72 [1/1] (0.00ns)   --->   "%trunc_ln131_8 = partselect i32 @_ssdm_op_PartSelect.i32.i512.i32.i32, i512 %kernel_output_addr_read, i32 256, i32 287" [cnn.cpp:131]   --->   Operation 72 'partselect' 'trunc_ln131_8' <Predicate = true> <Delay = 0.00>
ST_3 : Operation 73 [1/1] (0.00ns)   --->   "%trunc_ln131_9 = partselect i32 @_ssdm_op_PartSelect.i32.i512.i32.i32, i512 %kernel_output_addr_read, i32 288, i32 319" [cnn.cpp:131]   --->   Operation 73 'partselect' 'trunc_ln131_9' <Predicate = true> <Delay = 0.00>
ST_3 : Operation 74 [1/1] (0.00ns)   --->   "%trunc_ln131_s = partselect i32 @_ssdm_op_PartSelect.i32.i512.i32.i32, i512 %kernel_output_addr_read, i32 320, i32 351" [cnn.cpp:131]   --->   Operation 74 'partselect' 'trunc_ln131_s' <Predicate = true> <Delay = 0.00>
ST_3 : Operation 75 [1/1] (0.00ns)   --->   "%trunc_ln131_10 = partselect i32 @_ssdm_op_PartSelect.i32.i512.i32.i32, i512 %kernel_output_addr_read, i32 352, i32 383" [cnn.cpp:131]   --->   Operation 75 'partselect' 'trunc_ln131_10' <Predicate = true> <Delay = 0.00>
ST_3 : Operation 76 [1/1] (0.00ns)   --->   "%trunc_ln131_11 = partselect i32 @_ssdm_op_PartSelect.i32.i512.i32.i32, i512 %kernel_output_addr_read, i32 384, i32 415" [cnn.cpp:131]   --->   Operation 76 'partselect' 'trunc_ln131_11' <Predicate = true> <Delay = 0.00>
ST_3 : Operation 77 [1/1] (0.00ns)   --->   "%trunc_ln131_12 = partselect i32 @_ssdm_op_PartSelect.i32.i512.i32.i32, i512 %kernel_output_addr_read, i32 416, i32 447" [cnn.cpp:131]   --->   Operation 77 'partselect' 'trunc_ln131_12' <Predicate = true> <Delay = 0.00>
ST_3 : Operation 78 [1/1] (0.00ns)   --->   "%trunc_ln131_13 = partselect i32 @_ssdm_op_PartSelect.i32.i512.i32.i32, i512 %kernel_output_addr_read, i32 448, i32 479" [cnn.cpp:131]   --->   Operation 78 'partselect' 'trunc_ln131_13' <Predicate = true> <Delay = 0.00>
ST_3 : Operation 79 [1/1] (0.00ns)   --->   "%trunc_ln131_14 = partselect i32 @_ssdm_op_PartSelect.i32.i512.i32.i32, i512 %kernel_output_addr_read, i32 480, i32 511" [cnn.cpp:131]   --->   Operation 79 'partselect' 'trunc_ln131_14' <Predicate = true> <Delay = 0.00>
ST_3 : Operation 80 [1/1] (0.70ns)   --->   "%add_ln119 = add i8 %select_ln118, i8 16" [cnn.cpp:119]   --->   Operation 80 'add' 'add_ln119' <Predicate = true> <Delay = 0.70> <CoreInst = "Adder">   --->   Core 1 'Adder' <Latency = 0> <II = 1> <Delay = 0.70> <FuncUnit> <Opcode : 'add' 'sub'> <InPorts = 2> <OutPorts = 1>
ST_3 : Operation 81 [1/1] (0.70ns)   --->   "%add_ln119_1 = add i4 %indvar_load, i4 1" [cnn.cpp:119]   --->   Operation 81 'add' 'add_ln119_1' <Predicate = true> <Delay = 0.70> <CoreInst = "Adder">   --->   Core 1 'Adder' <Latency = 0> <II = 1> <Delay = 0.70> <FuncUnit> <Opcode : 'add' 'sub'> <InPorts = 2> <OutPorts = 1>
ST_3 : Operation 82 [1/1] (0.35ns)   --->   "%select_ln119 = select i1 %or_ln118, i4 1, i4 %add_ln119_1" [cnn.cpp:119]   --->   Operation 82 'select' 'select_ln119' <Predicate = true> <Delay = 0.35> <CoreInst = "Sel">   --->   Core 73 'Sel' <Latency = 0> <II = 1> <Delay = 0.35> <FuncUnit> <Opcode : 'select'> <InPorts = 3> <OutPorts = 1>
ST_3 : Operation 83 [1/1] (0.38ns)   --->   "%store_ln118 = store i8 %select_ln118_1, i8 %i1" [cnn.cpp:118]   --->   Operation 83 'store' 'store_ln118' <Predicate = true> <Delay = 0.38>
ST_3 : Operation 84 [1/1] (0.38ns)   --->   "%store_ln119 = store i4 %select_ln119, i4 %indvar" [cnn.cpp:119]   --->   Operation 84 'store' 'store_ln119' <Predicate = true> <Delay = 0.38>
ST_3 : Operation 85 [1/1] (0.38ns)   --->   "%store_ln119 = store i8 %add_ln119, i8 %i2" [cnn.cpp:119]   --->   Operation 85 'store' 'store_ln119' <Predicate = true> <Delay = 0.38>
ST_3 : Operation 139 [1/1] (0.00ns)   --->   "%ret_ln0 = ret"   --->   Operation 139 'ret' 'ret_ln0' <Predicate = (icmp_ln117)> <Delay = 0.00>

State 4 <SV = 3> <Delay = 1.24>
ST_4 : Operation 86 [1/1] (0.00ns)   --->   "%specloopname_ln0 = specloopname void @_ssdm_op_SpecLoopName, void @VITIS_LOOP_117_1_VITIS_LOOP_118_2_VITIS_LOOP_119_3_str"   --->   Operation 86 'specloopname' 'specloopname_ln0' <Predicate = true> <Delay = 0.00>
ST_4 : Operation 87 [1/1] (0.00ns)   --->   "%speclooptripcount_ln0 = speclooptripcount void @_ssdm_op_SpecLoopTripCount, i64 50176, i64 50176, i64 50176"   --->   Operation 87 'speclooptripcount' 'speclooptripcount_ln0' <Predicate = true> <Delay = 0.00>
ST_4 : Operation 88 [1/1] (0.00ns)   --->   "%specpipeline_ln125 = specpipeline void @_ssdm_op_SpecPipeline, i32 1, i32 0, i32 0, i32 0, void @empty_10" [cnn.cpp:125]   --->   Operation 88 'specpipeline' 'specpipeline_ln125' <Predicate = true> <Delay = 0.00>
ST_4 : Operation 89 [1/1] (0.00ns)   --->   "%zext_ln138_4 = zext i16 %add_ln138_1" [cnn.cpp:138]   --->   Operation 89 'zext' 'zext_ln138_4' <Predicate = true> <Delay = 0.00>
ST_4 : Operation 90 [1/1] (0.00ns)   --->   "%output_0_addr = getelementptr i32 %output_0, i64 0, i64 %zext_ln138_4" [cnn.cpp:138]   --->   Operation 90 'getelementptr' 'output_0_addr' <Predicate = true> <Delay = 0.00>
ST_4 : Operation 91 [1/1] (0.00ns)   --->   "%output_1_addr = getelementptr i32 %output_1, i64 0, i64 %zext_ln138_4" [cnn.cpp:139]   --->   Operation 91 'getelementptr' 'output_1_addr' <Predicate = true> <Delay = 0.00>
ST_4 : Operation 92 [1/1] (0.00ns)   --->   "%output_2_addr = getelementptr i32 %output_2, i64 0, i64 %zext_ln138_4" [cnn.cpp:140]   --->   Operation 92 'getelementptr' 'output_2_addr' <Predicate = true> <Delay = 0.00>
ST_4 : Operation 93 [1/1] (0.00ns)   --->   "%output_3_addr = getelementptr i32 %output_3, i64 0, i64 %zext_ln138_4" [cnn.cpp:141]   --->   Operation 93 'getelementptr' 'output_3_addr' <Predicate = true> <Delay = 0.00>
ST_4 : Operation 94 [1/1] (0.00ns)   --->   "%output_4_addr = getelementptr i32 %output_4, i64 0, i64 %zext_ln138_4" [cnn.cpp:142]   --->   Operation 94 'getelementptr' 'output_4_addr' <Predicate = true> <Delay = 0.00>
ST_4 : Operation 95 [1/1] (0.00ns)   --->   "%output_5_addr = getelementptr i32 %output_5, i64 0, i64 %zext_ln138_4" [cnn.cpp:143]   --->   Operation 95 'getelementptr' 'output_5_addr' <Predicate = true> <Delay = 0.00>
ST_4 : Operation 96 [1/1] (0.00ns)   --->   "%output_6_addr = getelementptr i32 %output_6, i64 0, i64 %zext_ln138_4" [cnn.cpp:144]   --->   Operation 96 'getelementptr' 'output_6_addr' <Predicate = true> <Delay = 0.00>
ST_4 : Operation 97 [1/1] (0.00ns)   --->   "%output_7_addr = getelementptr i32 %output_7, i64 0, i64 %zext_ln138_4" [cnn.cpp:145]   --->   Operation 97 'getelementptr' 'output_7_addr' <Predicate = true> <Delay = 0.00>
ST_4 : Operation 98 [1/1] (0.00ns)   --->   "%output_8_addr = getelementptr i32 %output_8, i64 0, i64 %zext_ln138_4" [cnn.cpp:146]   --->   Operation 98 'getelementptr' 'output_8_addr' <Predicate = true> <Delay = 0.00>
ST_4 : Operation 99 [1/1] (0.00ns)   --->   "%output_9_addr = getelementptr i32 %output_9, i64 0, i64 %zext_ln138_4" [cnn.cpp:147]   --->   Operation 99 'getelementptr' 'output_9_addr' <Predicate = true> <Delay = 0.00>
ST_4 : Operation 100 [1/1] (0.00ns)   --->   "%output_10_addr = getelementptr i32 %output_10, i64 0, i64 %zext_ln138_4" [cnn.cpp:148]   --->   Operation 100 'getelementptr' 'output_10_addr' <Predicate = true> <Delay = 0.00>
ST_4 : Operation 101 [1/1] (0.00ns)   --->   "%output_11_addr = getelementptr i32 %output_11, i64 0, i64 %zext_ln138_4" [cnn.cpp:149]   --->   Operation 101 'getelementptr' 'output_11_addr' <Predicate = true> <Delay = 0.00>
ST_4 : Operation 102 [1/1] (0.00ns)   --->   "%output_12_addr = getelementptr i32 %output_12, i64 0, i64 %zext_ln138_4" [cnn.cpp:150]   --->   Operation 102 'getelementptr' 'output_12_addr' <Predicate = true> <Delay = 0.00>
ST_4 : Operation 103 [1/1] (0.00ns)   --->   "%output_13_addr = getelementptr i32 %output_13, i64 0, i64 %zext_ln138_4" [cnn.cpp:151]   --->   Operation 103 'getelementptr' 'output_13_addr' <Predicate = true> <Delay = 0.00>
ST_4 : Operation 104 [1/1] (0.00ns)   --->   "%output_14_addr = getelementptr i32 %output_14, i64 0, i64 %zext_ln138_4" [cnn.cpp:152]   --->   Operation 104 'getelementptr' 'output_14_addr' <Predicate = true> <Delay = 0.00>
ST_4 : Operation 105 [1/1] (0.00ns)   --->   "%output_15_addr = getelementptr i32 %output_15, i64 0, i64 %zext_ln138_4" [cnn.cpp:153]   --->   Operation 105 'getelementptr' 'output_15_addr' <Predicate = true> <Delay = 0.00>
ST_4 : Operation 106 [1/1] (0.00ns)   --->   "%bitcast_ln131 = bitcast i32 %trunc_ln131" [cnn.cpp:131]   --->   Operation 106 'bitcast' 'bitcast_ln131' <Predicate = true> <Delay = 0.00>
ST_4 : Operation 107 [1/1] (0.00ns)   --->   "%bitcast_ln131_1 = bitcast i32 %trunc_ln131_1" [cnn.cpp:131]   --->   Operation 107 'bitcast' 'bitcast_ln131_1' <Predicate = true> <Delay = 0.00>
ST_4 : Operation 108 [1/1] (0.00ns)   --->   "%bitcast_ln131_2 = bitcast i32 %trunc_ln131_2" [cnn.cpp:131]   --->   Operation 108 'bitcast' 'bitcast_ln131_2' <Predicate = true> <Delay = 0.00>
ST_4 : Operation 109 [1/1] (0.00ns)   --->   "%bitcast_ln131_3 = bitcast i32 %trunc_ln131_3" [cnn.cpp:131]   --->   Operation 109 'bitcast' 'bitcast_ln131_3' <Predicate = true> <Delay = 0.00>
ST_4 : Operation 110 [1/1] (0.00ns)   --->   "%bitcast_ln131_4 = bitcast i32 %trunc_ln131_4" [cnn.cpp:131]   --->   Operation 110 'bitcast' 'bitcast_ln131_4' <Predicate = true> <Delay = 0.00>
ST_4 : Operation 111 [1/1] (0.00ns)   --->   "%bitcast_ln131_5 = bitcast i32 %trunc_ln131_5" [cnn.cpp:131]   --->   Operation 111 'bitcast' 'bitcast_ln131_5' <Predicate = true> <Delay = 0.00>
ST_4 : Operation 112 [1/1] (0.00ns)   --->   "%bitcast_ln131_6 = bitcast i32 %trunc_ln131_6" [cnn.cpp:131]   --->   Operation 112 'bitcast' 'bitcast_ln131_6' <Predicate = true> <Delay = 0.00>
ST_4 : Operation 113 [1/1] (0.00ns)   --->   "%bitcast_ln131_7 = bitcast i32 %trunc_ln131_7" [cnn.cpp:131]   --->   Operation 113 'bitcast' 'bitcast_ln131_7' <Predicate = true> <Delay = 0.00>
ST_4 : Operation 114 [1/1] (0.00ns)   --->   "%bitcast_ln131_8 = bitcast i32 %trunc_ln131_8" [cnn.cpp:131]   --->   Operation 114 'bitcast' 'bitcast_ln131_8' <Predicate = true> <Delay = 0.00>
ST_4 : Operation 115 [1/1] (0.00ns)   --->   "%bitcast_ln131_9 = bitcast i32 %trunc_ln131_9" [cnn.cpp:131]   --->   Operation 115 'bitcast' 'bitcast_ln131_9' <Predicate = true> <Delay = 0.00>
ST_4 : Operation 116 [1/1] (0.00ns)   --->   "%bitcast_ln131_10 = bitcast i32 %trunc_ln131_s" [cnn.cpp:131]   --->   Operation 116 'bitcast' 'bitcast_ln131_10' <Predicate = true> <Delay = 0.00>
ST_4 : Operation 117 [1/1] (0.00ns)   --->   "%bitcast_ln131_11 = bitcast i32 %trunc_ln131_10" [cnn.cpp:131]   --->   Operation 117 'bitcast' 'bitcast_ln131_11' <Predicate = true> <Delay = 0.00>
ST_4 : Operation 118 [1/1] (0.00ns)   --->   "%bitcast_ln131_12 = bitcast i32 %trunc_ln131_11" [cnn.cpp:131]   --->   Operation 118 'bitcast' 'bitcast_ln131_12' <Predicate = true> <Delay = 0.00>
ST_4 : Operation 119 [1/1] (0.00ns)   --->   "%bitcast_ln131_13 = bitcast i32 %trunc_ln131_12" [cnn.cpp:131]   --->   Operation 119 'bitcast' 'bitcast_ln131_13' <Predicate = true> <Delay = 0.00>
ST_4 : Operation 120 [1/1] (0.00ns)   --->   "%bitcast_ln131_14 = bitcast i32 %trunc_ln131_13" [cnn.cpp:131]   --->   Operation 120 'bitcast' 'bitcast_ln131_14' <Predicate = true> <Delay = 0.00>
ST_4 : Operation 121 [1/1] (0.00ns)   --->   "%bitcast_ln131_15 = bitcast i32 %trunc_ln131_14" [cnn.cpp:131]   --->   Operation 121 'bitcast' 'bitcast_ln131_15' <Predicate = true> <Delay = 0.00>
ST_4 : Operation 122 [1/1] (1.24ns)   --->   "%store_ln138 = store i32 %bitcast_ln131, i16 %output_0_addr" [cnn.cpp:138]   --->   Operation 122 'store' 'store_ln138' <Predicate = true> <Delay = 1.24> <CoreInst = "RAM">   --->   Core 83 'RAM' <Latency = 1> <II = 1> <Delay = 1.24> <Storage> <Opcode : 'load' 'store'> <Ports = 2> <Width = 32> <Depth = 50176> <RAM>
ST_4 : Operation 123 [1/1] (1.24ns)   --->   "%store_ln139 = store i32 %bitcast_ln131_1, i16 %output_1_addr" [cnn.cpp:139]   --->   Operation 123 'store' 'store_ln139' <Predicate = true> <Delay = 1.24> <CoreInst = "RAM">   --->   Core 83 'RAM' <Latency = 1> <II = 1> <Delay = 1.24> <Storage> <Opcode : 'load' 'store'> <Ports = 2> <Width = 32> <Depth = 50176> <RAM>
ST_4 : Operation 124 [1/1] (1.24ns)   --->   "%store_ln140 = store i32 %bitcast_ln131_2, i16 %output_2_addr" [cnn.cpp:140]   --->   Operation 124 'store' 'store_ln140' <Predicate = true> <Delay = 1.24> <CoreInst = "RAM">   --->   Core 83 'RAM' <Latency = 1> <II = 1> <Delay = 1.24> <Storage> <Opcode : 'load' 'store'> <Ports = 2> <Width = 32> <Depth = 50176> <RAM>
ST_4 : Operation 125 [1/1] (1.24ns)   --->   "%store_ln141 = store i32 %bitcast_ln131_3, i16 %output_3_addr" [cnn.cpp:141]   --->   Operation 125 'store' 'store_ln141' <Predicate = true> <Delay = 1.24> <CoreInst = "RAM">   --->   Core 83 'RAM' <Latency = 1> <II = 1> <Delay = 1.24> <Storage> <Opcode : 'load' 'store'> <Ports = 2> <Width = 32> <Depth = 50176> <RAM>
ST_4 : Operation 126 [1/1] (1.24ns)   --->   "%store_ln142 = store i32 %bitcast_ln131_4, i16 %output_4_addr" [cnn.cpp:142]   --->   Operation 126 'store' 'store_ln142' <Predicate = true> <Delay = 1.24> <CoreInst = "RAM">   --->   Core 83 'RAM' <Latency = 1> <II = 1> <Delay = 1.24> <Storage> <Opcode : 'load' 'store'> <Ports = 2> <Width = 32> <Depth = 50176> <RAM>
ST_4 : Operation 127 [1/1] (1.24ns)   --->   "%store_ln143 = store i32 %bitcast_ln131_5, i16 %output_5_addr" [cnn.cpp:143]   --->   Operation 127 'store' 'store_ln143' <Predicate = true> <Delay = 1.24> <CoreInst = "RAM">   --->   Core 83 'RAM' <Latency = 1> <II = 1> <Delay = 1.24> <Storage> <Opcode : 'load' 'store'> <Ports = 2> <Width = 32> <Depth = 50176> <RAM>
ST_4 : Operation 128 [1/1] (1.24ns)   --->   "%store_ln144 = store i32 %bitcast_ln131_6, i16 %output_6_addr" [cnn.cpp:144]   --->   Operation 128 'store' 'store_ln144' <Predicate = true> <Delay = 1.24> <CoreInst = "RAM">   --->   Core 83 'RAM' <Latency = 1> <II = 1> <Delay = 1.24> <Storage> <Opcode : 'load' 'store'> <Ports = 2> <Width = 32> <Depth = 50176> <RAM>
ST_4 : Operation 129 [1/1] (1.24ns)   --->   "%store_ln145 = store i32 %bitcast_ln131_7, i16 %output_7_addr" [cnn.cpp:145]   --->   Operation 129 'store' 'store_ln145' <Predicate = true> <Delay = 1.24> <CoreInst = "RAM">   --->   Core 83 'RAM' <Latency = 1> <II = 1> <Delay = 1.24> <Storage> <Opcode : 'load' 'store'> <Ports = 2> <Width = 32> <Depth = 50176> <RAM>
ST_4 : Operation 130 [1/1] (1.24ns)   --->   "%store_ln146 = store i32 %bitcast_ln131_8, i16 %output_8_addr" [cnn.cpp:146]   --->   Operation 130 'store' 'store_ln146' <Predicate = true> <Delay = 1.24> <CoreInst = "RAM">   --->   Core 83 'RAM' <Latency = 1> <II = 1> <Delay = 1.24> <Storage> <Opcode : 'load' 'store'> <Ports = 2> <Width = 32> <Depth = 50176> <RAM>
ST_4 : Operation 131 [1/1] (1.24ns)   --->   "%store_ln147 = store i32 %bitcast_ln131_9, i16 %output_9_addr" [cnn.cpp:147]   --->   Operation 131 'store' 'store_ln147' <Predicate = true> <Delay = 1.24> <CoreInst = "RAM">   --->   Core 83 'RAM' <Latency = 1> <II = 1> <Delay = 1.24> <Storage> <Opcode : 'load' 'store'> <Ports = 2> <Width = 32> <Depth = 50176> <RAM>
ST_4 : Operation 132 [1/1] (1.24ns)   --->   "%store_ln148 = store i32 %bitcast_ln131_10, i16 %output_10_addr" [cnn.cpp:148]   --->   Operation 132 'store' 'store_ln148' <Predicate = true> <Delay = 1.24> <CoreInst = "RAM">   --->   Core 83 'RAM' <Latency = 1> <II = 1> <Delay = 1.24> <Storage> <Opcode : 'load' 'store'> <Ports = 2> <Width = 32> <Depth = 50176> <RAM>
ST_4 : Operation 133 [1/1] (1.24ns)   --->   "%store_ln149 = store i32 %bitcast_ln131_11, i16 %output_11_addr" [cnn.cpp:149]   --->   Operation 133 'store' 'store_ln149' <Predicate = true> <Delay = 1.24> <CoreInst = "RAM">   --->   Core 83 'RAM' <Latency = 1> <II = 1> <Delay = 1.24> <Storage> <Opcode : 'load' 'store'> <Ports = 2> <Width = 32> <Depth = 50176> <RAM>
ST_4 : Operation 134 [1/1] (1.24ns)   --->   "%store_ln150 = store i32 %bitcast_ln131_12, i16 %output_12_addr" [cnn.cpp:150]   --->   Operation 134 'store' 'store_ln150' <Predicate = true> <Delay = 1.24> <CoreInst = "RAM">   --->   Core 83 'RAM' <Latency = 1> <II = 1> <Delay = 1.24> <Storage> <Opcode : 'load' 'store'> <Ports = 2> <Width = 32> <Depth = 50176> <RAM>
ST_4 : Operation 135 [1/1] (1.24ns)   --->   "%store_ln151 = store i32 %bitcast_ln131_13, i16 %output_13_addr" [cnn.cpp:151]   --->   Operation 135 'store' 'store_ln151' <Predicate = true> <Delay = 1.24> <CoreInst = "RAM">   --->   Core 83 'RAM' <Latency = 1> <II = 1> <Delay = 1.24> <Storage> <Opcode : 'load' 'store'> <Ports = 2> <Width = 32> <Depth = 50176> <RAM>
ST_4 : Operation 136 [1/1] (1.24ns)   --->   "%store_ln152 = store i32 %bitcast_ln131_14, i16 %output_14_addr" [cnn.cpp:152]   --->   Operation 136 'store' 'store_ln152' <Predicate = true> <Delay = 1.24> <CoreInst = "RAM">   --->   Core 83 'RAM' <Latency = 1> <II = 1> <Delay = 1.24> <Storage> <Opcode : 'load' 'store'> <Ports = 2> <Width = 32> <Depth = 50176> <RAM>
ST_4 : Operation 137 [1/1] (1.24ns)   --->   "%store_ln153 = store i32 %bitcast_ln131_15, i16 %output_15_addr" [cnn.cpp:153]   --->   Operation 137 'store' 'store_ln153' <Predicate = true> <Delay = 1.24> <CoreInst = "RAM">   --->   Core 83 'RAM' <Latency = 1> <II = 1> <Delay = 1.24> <Storage> <Opcode : 'load' 'store'> <Ports = 2> <Width = 32> <Depth = 50176> <RAM>
ST_4 : Operation 138 [1/1] (0.00ns)   --->   "%br_ln119 = br void %for.inc" [cnn.cpp:119]   --->   Operation 138 'br' 'br_ln119' <Predicate = true> <Delay = 0.00>


============================================================
+ Verbose Summary: Timing violations
============================================================
Target clock period: 4.000ns, clock uncertainty: 1.080ns.

 <State 1>: 0.387ns
The critical path consists of the following:
	'alloca' operation 16 bit ('indvar_flatten13') [24]  (0.000 ns)
	'store' operation 0 bit ('store_ln0') of constant 0 on local variable 'indvar_flatten13' [28]  (0.387 ns)

 <State 2>: 1.431ns
The critical path consists of the following:
	'load' operation 12 bit ('indvar_flatten_load', cnn.cpp:118) on local variable 'indvar_flatten' [44]  (0.000 ns)
	'icmp' operation 1 bit ('icmp_ln118', cnn.cpp:118) [50]  (0.745 ns)
	'select' operation 12 bit ('select_ln118_2', cnn.cpp:118) [146]  (0.299 ns)
	'store' operation 0 bit ('store_ln118', cnn.cpp:118) of variable 'select_ln118_2', cnn.cpp:118 on local variable 'indvar_flatten' [149]  (0.387 ns)

 <State 3>: 2.920ns
The critical path consists of the following:
	'getelementptr' operation 512 bit ('kernel_output_addr', cnn.cpp:117) [46]  (0.000 ns)
	bus read operation ('kernel_output_addr_read', cnn.cpp:131) on port 'kernel_output' (cnn.cpp:131) [93]  (2.920 ns)

 <State 4>: 1.248ns
The critical path consists of the following:
	'getelementptr' operation 16 bit ('output_0_addr', cnn.cpp:138) [77]  (0.000 ns)
	'store' operation 0 bit ('store_ln138', cnn.cpp:138) of variable 'bitcast_ln131', cnn.cpp:131 on array 'output_0' [126]  (1.248 ns)


============================================================
+ Verbose Summary: Binding
============================================================
N/A
* FSMD analyzer results:
  - Output states:
 - Input state : 
  - Chain level:
	State 1
	State 2
	State 3
	State 4


============================================================
+ Verbose Summary: Datapath Resource usage 
============================================================
N/A
