

================================================================
== Vitis HLS Report for 'store_output_S0'
================================================================
* Date:           Tue May 27 03:08:34 2025

* Version:        2023.2 (Build 4023990 on Oct 11 2023)
* Project:        cnn.prj
* Solution:       solution (Vitis Kernel Flow Target)
* Product family: virtexuplus
* Target device:  xcu200-fsgd2104-2-e


================================================================
== Performance Estimates
================================================================
+ Timing: 
    * Summary: 
    +--------+---------+----------+------------+
    |  Clock |  Target | Estimated| Uncertainty|
    +--------+---------+----------+------------+
    |ap_clk  |  4.00 ns|  2.920 ns|     1.08 ns|
    +--------+---------+----------+------------+

+ Latency: 
    * Summary: 
    +---------+---------+----------+----------+-------+-------+---------+
    |  Latency (cycles) |  Latency (absolute) |    Interval   | Pipeline|
    |   min   |   max   |    min   |    max   |  min  |  max  |   Type  |
    +---------+---------+----------+----------+-------+-------+---------+
    |    50252|    50252|  0.201 ms|  0.201 ms|  50252|  50252|       no|
    +---------+---------+----------+----------+-------+-------+---------+

    + Detail: 
        * Instance: 
        +----------------------------------------------------------------------------------------+-----------------------------------------------------------------------------+---------+---------+----------+----------+-------+-------+---------+
        |                                                                                        |                                                                             |  Latency (cycles) |  Latency (absolute) |    Interval   | Pipeline|
        |                                        Instance                                        |                                    Module                                   |   min   |   max   |    min   |    max   |  min  |  max  |   Type  |
        +----------------------------------------------------------------------------------------+-----------------------------------------------------------------------------+---------+---------+----------+----------+-------+-------+---------+
        |grp_store_output_S0_Pipeline_VITIS_LOOP_240_1_VITIS_LOOP_241_2_VITIS_LOOP_242_3_fu_100  |store_output_S0_Pipeline_VITIS_LOOP_240_1_VITIS_LOOP_241_2_VITIS_LOOP_242_3  |    50180|    50180|  0.201 ms|  0.201 ms|  50180|  50180|       no|
        +----------------------------------------------------------------------------------------+-----------------------------------------------------------------------------+---------+---------+----------+----------+-------+-------+---------+

        * Loop: 
        N/A



================================================================
== Utilization Estimates
================================================================
* Summary: 
+---------------------+---------+------+---------+---------+-----+
|         Name        | BRAM_18K|  DSP |    FF   |   LUT   | URAM|
+---------------------+---------+------+---------+---------+-----+
|DSP                  |        -|     -|        -|        -|    -|
|Expression           |        -|     -|        0|       71|    -|
|FIFO                 |        -|     -|        -|        -|    -|
|Instance             |        -|     1|      591|      376|    -|
|Memory               |        -|     -|        -|        -|    -|
|Multiplexer          |        -|     -|        -|      502|    -|
|Register             |        -|     -|      158|        -|    -|
+---------------------+---------+------+---------+---------+-----+
|Total                |        0|     1|      749|      949|    0|
+---------------------+---------+------+---------+---------+-----+
|Available SLR        |     1440|  2280|   788160|   394080|  320|
+---------------------+---------+------+---------+---------+-----+
|Utilization SLR (%)  |        0|    ~0|       ~0|       ~0|    0|
+---------------------+---------+------+---------+---------+-----+
|Available            |     4320|  6840|  2364480|  1182240|  960|
+---------------------+---------+------+---------+---------+-----+
|Utilization (%)      |        0|    ~0|       ~0|       ~0|    0|
+---------------------+---------+------+---------+---------+-----+

+ Detail: 
    * Instance: 
    +----------------------------------------------------------------------------------------+-----------------------------------------------------------------------------+---------+----+-----+-----+-----+
    |                                        Instance                                        |                                    Module                                   | BRAM_18K| DSP|  FF | LUT | URAM|
    +----------------------------------------------------------------------------------------+-----------------------------------------------------------------------------+---------+----+-----+-----+-----+
    |mul_8ns_19ns_26_1_1_U797                                                                |mul_8ns_19ns_26_1_1                                                          |        0|   1|    0|    6|    0|
    |grp_store_output_S0_Pipeline_VITIS_LOOP_240_1_VITIS_LOOP_241_2_VITIS_LOOP_242_3_fu_100  |store_output_S0_Pipeline_VITIS_LOOP_240_1_VITIS_LOOP_241_2_VITIS_LOOP_242_3  |        0|   0|  591|  370|    0|
    +----------------------------------------------------------------------------------------+-----------------------------------------------------------------------------+---------+----+-----+-----+-----+
    |Total                                                                                   |                                                                             |        0|   1|  591|  376|    0|
    +----------------------------------------------------------------------------------------+-----------------------------------------------------------------------------+---------+----+-----+-----+-----+

    * DSP: 
    N/A

    * Memory: 
    N/A

    * FIFO: 
    N/A

    * Expression: 
    +---------------------+----------+----+---+----+------------+------------+
    |    Variable Name    | Operation| DSP| FF| LUT| Bitwidth P0| Bitwidth P1|
    +---------------------+----------+----+---+----+------------+------------+
    |add_ln240_fu_160_p2  |         +|   0|  0|  71|          64|          64|
    +---------------------+----------+----+---+----+------------+------------+
    |Total                |          |   0|  0|  71|          64|          64|
    +---------------------+----------+----+---+----+------------+------------+

    * Multiplexer: 
    +------------------------------+-----+-----------+-----+-----------+
    |             Name             | LUT | Input Size| Bits| Total Bits|
    +------------------------------+-----+-----------+-----+-----------+
    |ap_NS_fsm                     |  338|         74|    1|         74|
    |kernel_output_blk_n_AW        |    9|          2|    1|          2|
    |kernel_output_blk_n_B         |    9|          2|    1|          2|
    |m_axi_kernel_output_AWADDR    |   14|          3|   64|        192|
    |m_axi_kernel_output_AWBURST   |    9|          2|    2|          4|
    |m_axi_kernel_output_AWCACHE   |    9|          2|    4|          8|
    |m_axi_kernel_output_AWID      |    9|          2|    1|          2|
    |m_axi_kernel_output_AWLEN     |   14|          3|   32|         96|
    |m_axi_kernel_output_AWLOCK    |    9|          2|    2|          4|
    |m_axi_kernel_output_AWPROT    |    9|          2|    3|          6|
    |m_axi_kernel_output_AWQOS     |    9|          2|    4|          8|
    |m_axi_kernel_output_AWREGION  |    9|          2|    4|          8|
    |m_axi_kernel_output_AWSIZE    |    9|          2|    3|          6|
    |m_axi_kernel_output_AWUSER    |    9|          2|    1|          2|
    |m_axi_kernel_output_AWVALID   |   14|          3|    1|          3|
    |m_axi_kernel_output_BREADY    |   14|          3|    1|          3|
    |m_axi_kernel_output_WVALID    |    9|          2|    1|          2|
    +------------------------------+-----+-----------+-----+-----------+
    |Total                         |  502|        110|  126|        422|
    +------------------------------+-----+-----------+-----+-----------+

    * Register: 
    +-----------------------------------------------------------------------------------------------------+----+----+-----+-----------+
    |                                                 Name                                                | FF | LUT| Bits| Const Bits|
    +-----------------------------------------------------------------------------------------------------+----+----+-----+-----------+
    |ap_CS_fsm                                                                                            |  73|   0|   73|          0|
    |grp_store_output_S0_Pipeline_VITIS_LOOP_240_1_VITIS_LOOP_241_2_VITIS_LOOP_242_3_fu_100_ap_start_reg  |   1|   0|    1|          0|
    |mul_ln240_reg_186                                                                                    |  26|   0|   26|          0|
    |trunc_ln_reg_191                                                                                     |  58|   0|   58|          0|
    +-----------------------------------------------------------------------------------------------------+----+----+-----+-----------+
    |Total                                                                                                | 158|   0|  158|          0|
    +-----------------------------------------------------------------------------------------------------+----+----+-----+-----------+



================================================================
== Interface
================================================================
* Summary: 
+------------------------------+-----+-----+------------+-----------------+--------------+
|           RTL Ports          | Dir | Bits|  Protocol  |  Source Object  |    C Type    |
+------------------------------+-----+-----+------------+-----------------+--------------+
|ap_clk                        |   in|    1|  ap_ctrl_hs|  store_output_S0|  return value|
|ap_rst                        |   in|    1|  ap_ctrl_hs|  store_output_S0|  return value|
|ap_start                      |   in|    1|  ap_ctrl_hs|  store_output_S0|  return value|
|ap_done                       |  out|    1|  ap_ctrl_hs|  store_output_S0|  return value|
|ap_idle                       |  out|    1|  ap_ctrl_hs|  store_output_S0|  return value|
|ap_ready                      |  out|    1|  ap_ctrl_hs|  store_output_S0|  return value|
|output_0_address0             |  out|   16|   ap_memory|         output_0|         array|
|output_0_ce0                  |  out|    1|   ap_memory|         output_0|         array|
|output_0_q0                   |   in|   32|   ap_memory|         output_0|         array|
|output_1_address0             |  out|   16|   ap_memory|         output_1|         array|
|output_1_ce0                  |  out|    1|   ap_memory|         output_1|         array|
|output_1_q0                   |   in|   32|   ap_memory|         output_1|         array|
|output_2_address0             |  out|   16|   ap_memory|         output_2|         array|
|output_2_ce0                  |  out|    1|   ap_memory|         output_2|         array|
|output_2_q0                   |   in|   32|   ap_memory|         output_2|         array|
|output_3_address0             |  out|   16|   ap_memory|         output_3|         array|
|output_3_ce0                  |  out|    1|   ap_memory|         output_3|         array|
|output_3_q0                   |   in|   32|   ap_memory|         output_3|         array|
|output_4_address0             |  out|   16|   ap_memory|         output_4|         array|
|output_4_ce0                  |  out|    1|   ap_memory|         output_4|         array|
|output_4_q0                   |   in|   32|   ap_memory|         output_4|         array|
|output_5_address0             |  out|   16|   ap_memory|         output_5|         array|
|output_5_ce0                  |  out|    1|   ap_memory|         output_5|         array|
|output_5_q0                   |   in|   32|   ap_memory|         output_5|         array|
|output_6_address0             |  out|   16|   ap_memory|         output_6|         array|
|output_6_ce0                  |  out|    1|   ap_memory|         output_6|         array|
|output_6_q0                   |   in|   32|   ap_memory|         output_6|         array|
|output_7_address0             |  out|   16|   ap_memory|         output_7|         array|
|output_7_ce0                  |  out|    1|   ap_memory|         output_7|         array|
|output_7_q0                   |   in|   32|   ap_memory|         output_7|         array|
|output_8_address0             |  out|   16|   ap_memory|         output_8|         array|
|output_8_ce0                  |  out|    1|   ap_memory|         output_8|         array|
|output_8_q0                   |   in|   32|   ap_memory|         output_8|         array|
|output_9_address0             |  out|   16|   ap_memory|         output_9|         array|
|output_9_ce0                  |  out|    1|   ap_memory|         output_9|         array|
|output_9_q0                   |   in|   32|   ap_memory|         output_9|         array|
|output_10_address0            |  out|   16|   ap_memory|        output_10|         array|
|output_10_ce0                 |  out|    1|   ap_memory|        output_10|         array|
|output_10_q0                  |   in|   32|   ap_memory|        output_10|         array|
|output_11_address0            |  out|   16|   ap_memory|        output_11|         array|
|output_11_ce0                 |  out|    1|   ap_memory|        output_11|         array|
|output_11_q0                  |   in|   32|   ap_memory|        output_11|         array|
|output_12_address0            |  out|   16|   ap_memory|        output_12|         array|
|output_12_ce0                 |  out|    1|   ap_memory|        output_12|         array|
|output_12_q0                  |   in|   32|   ap_memory|        output_12|         array|
|output_13_address0            |  out|   16|   ap_memory|        output_13|         array|
|output_13_ce0                 |  out|    1|   ap_memory|        output_13|         array|
|output_13_q0                  |   in|   32|   ap_memory|        output_13|         array|
|output_14_address0            |  out|   16|   ap_memory|        output_14|         array|
|output_14_ce0                 |  out|    1|   ap_memory|        output_14|         array|
|output_14_q0                  |   in|   32|   ap_memory|        output_14|         array|
|output_15_address0            |  out|   16|   ap_memory|        output_15|         array|
|output_15_ce0                 |  out|    1|   ap_memory|        output_15|         array|
|output_15_q0                  |   in|   32|   ap_memory|        output_15|         array|
|m_axi_kernel_output_AWVALID   |  out|    1|       m_axi|    kernel_output|       pointer|
|m_axi_kernel_output_AWREADY   |   in|    1|       m_axi|    kernel_output|       pointer|
|m_axi_kernel_output_AWADDR    |  out|   64|       m_axi|    kernel_output|       pointer|
|m_axi_kernel_output_AWID      |  out|    1|       m_axi|    kernel_output|       pointer|
|m_axi_kernel_output_AWLEN     |  out|   32|       m_axi|    kernel_output|       pointer|
|m_axi_kernel_output_AWSIZE    |  out|    3|       m_axi|    kernel_output|       pointer|
|m_axi_kernel_output_AWBURST   |  out|    2|       m_axi|    kernel_output|       pointer|
|m_axi_kernel_output_AWLOCK    |  out|    2|       m_axi|    kernel_output|       pointer|
|m_axi_kernel_output_AWCACHE   |  out|    4|       m_axi|    kernel_output|       pointer|
|m_axi_kernel_output_AWPROT    |  out|    3|       m_axi|    kernel_output|       pointer|
|m_axi_kernel_output_AWQOS     |  out|    4|       m_axi|    kernel_output|       pointer|
|m_axi_kernel_output_AWREGION  |  out|    4|       m_axi|    kernel_output|       pointer|
|m_axi_kernel_output_AWUSER    |  out|    1|       m_axi|    kernel_output|       pointer|
|m_axi_kernel_output_WVALID    |  out|    1|       m_axi|    kernel_output|       pointer|
|m_axi_kernel_output_WREADY    |   in|    1|       m_axi|    kernel_output|       pointer|
|m_axi_kernel_output_WDATA     |  out|  512|       m_axi|    kernel_output|       pointer|
|m_axi_kernel_output_WSTRB     |  out|   64|       m_axi|    kernel_output|       pointer|
|m_axi_kernel_output_WLAST     |  out|    1|       m_axi|    kernel_output|       pointer|
|m_axi_kernel_output_WID       |  out|    1|       m_axi|    kernel_output|       pointer|
|m_axi_kernel_output_WUSER     |  out|    1|       m_axi|    kernel_output|       pointer|
|m_axi_kernel_output_ARVALID   |  out|    1|       m_axi|    kernel_output|       pointer|
|m_axi_kernel_output_ARREADY   |   in|    1|       m_axi|    kernel_output|       pointer|
|m_axi_kernel_output_ARADDR    |  out|   64|       m_axi|    kernel_output|       pointer|
|m_axi_kernel_output_ARID      |  out|    1|       m_axi|    kernel_output|       pointer|
|m_axi_kernel_output_ARLEN     |  out|   32|       m_axi|    kernel_output|       pointer|
|m_axi_kernel_output_ARSIZE    |  out|    3|       m_axi|    kernel_output|       pointer|
|m_axi_kernel_output_ARBURST   |  out|    2|       m_axi|    kernel_output|       pointer|
|m_axi_kernel_output_ARLOCK    |  out|    2|       m_axi|    kernel_output|       pointer|
|m_axi_kernel_output_ARCACHE   |  out|    4|       m_axi|    kernel_output|       pointer|
|m_axi_kernel_output_ARPROT    |  out|    3|       m_axi|    kernel_output|       pointer|
|m_axi_kernel_output_ARQOS     |  out|    4|       m_axi|    kernel_output|       pointer|
|m_axi_kernel_output_ARREGION  |  out|    4|       m_axi|    kernel_output|       pointer|
|m_axi_kernel_output_ARUSER    |  out|    1|       m_axi|    kernel_output|       pointer|
|m_axi_kernel_output_RVALID    |   in|    1|       m_axi|    kernel_output|       pointer|
|m_axi_kernel_output_RREADY    |  out|    1|       m_axi|    kernel_output|       pointer|
|m_axi_kernel_output_RDATA     |   in|  512|       m_axi|    kernel_output|       pointer|
|m_axi_kernel_output_RLAST     |   in|    1|       m_axi|    kernel_output|       pointer|
|m_axi_kernel_output_RID       |   in|    1|       m_axi|    kernel_output|       pointer|
|m_axi_kernel_output_RFIFONUM  |   in|    9|       m_axi|    kernel_output|       pointer|
|m_axi_kernel_output_RUSER     |   in|    1|       m_axi|    kernel_output|       pointer|
|m_axi_kernel_output_RRESP     |   in|    2|       m_axi|    kernel_output|       pointer|
|m_axi_kernel_output_BVALID    |   in|    1|       m_axi|    kernel_output|       pointer|
|m_axi_kernel_output_BREADY    |  out|    1|       m_axi|    kernel_output|       pointer|
|m_axi_kernel_output_BRESP     |   in|    2|       m_axi|    kernel_output|       pointer|
|m_axi_kernel_output_BID       |   in|    1|       m_axi|    kernel_output|       pointer|
|m_axi_kernel_output_BUSER     |   in|    1|       m_axi|    kernel_output|       pointer|
|voutput                       |   in|   64|     ap_none|          voutput|        scalar|
|d0                            |   in|    4|     ap_none|               d0|        scalar|
+------------------------------+-----+-----+------------+-----------------+--------------+

============================================================
+ Verbose Summary: Synthesis Manager
============================================================
InlineROM: 1
ExposeGlobal: 0
============================================================
+ Verbose Summary: CDFG Model
============================================================
IsTopModel: 0
ResetActiveHigh: 1
IsCombinational: 2
IsDatapathOnly: 2
HasWiredReturn: 1
HasMFsm: 0
HasVarLatency: 1
IsPipeline: 0
IsRtlPipelined: 0
IsInstanceOverlapped: 0
IsDontTouch: 0
HasImplIP: 0
IsGatedGlobalClock: 0


============================================================
+ Verbose Summary: Schedule
============================================================
* Number of FSM states : 73
* Pipeline : 0
* Dataflow Pipeline: 0

* FSM state transitions: 
1 --> 2 
2 --> 3 
3 --> 4 
4 --> 5 
5 --> 6 
6 --> 7 
7 --> 8 
8 --> 9 
9 --> 10 
10 --> 11 
11 --> 12 
12 --> 13 
13 --> 14 
14 --> 15 
15 --> 16 
16 --> 17 
17 --> 18 
18 --> 19 
19 --> 20 
20 --> 21 
21 --> 22 
22 --> 23 
23 --> 24 
24 --> 25 
25 --> 26 
26 --> 27 
27 --> 28 
28 --> 29 
29 --> 30 
30 --> 31 
31 --> 32 
32 --> 33 
33 --> 34 
34 --> 35 
35 --> 36 
36 --> 37 
37 --> 38 
38 --> 39 
39 --> 40 
40 --> 41 
41 --> 42 
42 --> 43 
43 --> 44 
44 --> 45 
45 --> 46 
46 --> 47 
47 --> 48 
48 --> 49 
49 --> 50 
50 --> 51 
51 --> 52 
52 --> 53 
53 --> 54 
54 --> 55 
55 --> 56 
56 --> 57 
57 --> 58 
58 --> 59 
59 --> 60 
60 --> 61 
61 --> 62 
62 --> 63 
63 --> 64 
64 --> 65 
65 --> 66 
66 --> 67 
67 --> 68 
68 --> 69 
69 --> 70 
70 --> 71 
71 --> 72 
72 --> 73 
73 --> 

* FSM state operations: 

State 1 <SV = 0> <Delay = 2.08>
ST_1 : Operation 74 [1/1] (0.00ns)   --->   "%d0_read = read i4 @_ssdm_op_Read.ap_auto.i4, i4 %d0" [cnn.cpp:229]   --->   Operation 74 'read' 'd0_read' <Predicate = true> <Delay = 0.00>
ST_1 : Operation 75 [1/1] (0.00ns)   --->   "%mul = bitconcatenate i8 @_ssdm_op_BitConcatenate.i8.i4.i4, i4 %d0_read, i4 0" [cnn.cpp:229]   --->   Operation 75 'bitconcatenate' 'mul' <Predicate = true> <Delay = 0.00>
ST_1 : Operation 76 [1/1] (0.00ns)   --->   "%zext_ln240 = zext i8 %mul" [cnn.cpp:240]   --->   Operation 76 'zext' 'zext_ln240' <Predicate = true> <Delay = 0.00>
ST_1 : Operation 77 [1/1] (2.08ns)   --->   "%mul_ln240 = mul i26 %zext_ln240, i26 200704" [cnn.cpp:240]   --->   Operation 77 'mul' 'mul_ln240' <Predicate = true> <Delay = 2.08> <CoreInst = "Multiplier">   --->   Core 3 'Multiplier' <Latency = 0> <II = 1> <Delay = 2.08> <FuncUnit> <Opcode : 'mul'> <InPorts = 2> <OutPorts = 1>

State 2 <SV = 1> <Delay = 1.14>
ST_2 : Operation 78 [1/1] (0.00ns)   --->   "%voutput_read = read i64 @_ssdm_op_Read.ap_auto.i64, i64 %voutput" [cnn.cpp:229]   --->   Operation 78 'read' 'voutput_read' <Predicate = true> <Delay = 0.00>
ST_2 : Operation 79 [1/1] (0.00ns)   --->   "%zext_ln240_1 = zext i26 %mul_ln240" [cnn.cpp:240]   --->   Operation 79 'zext' 'zext_ln240_1' <Predicate = true> <Delay = 0.00>
ST_2 : Operation 80 [1/1] (1.14ns)   --->   "%add_ln240 = add i64 %zext_ln240_1, i64 %voutput_read" [cnn.cpp:240]   --->   Operation 80 'add' 'add_ln240' <Predicate = true> <Delay = 1.14> <CoreInst = "Adder">   --->   Core 1 'Adder' <Latency = 0> <II = 1> <Delay = 1.14> <FuncUnit> <Opcode : 'add' 'sub'> <InPorts = 2> <OutPorts = 1>
ST_2 : Operation 81 [1/1] (0.00ns)   --->   "%trunc_ln = partselect i58 @_ssdm_op_PartSelect.i58.i64.i32.i32, i64 %add_ln240, i32 6, i32 63" [cnn.cpp:240]   --->   Operation 81 'partselect' 'trunc_ln' <Predicate = true> <Delay = 0.00>

State 3 <SV = 2> <Delay = 2.92>
ST_3 : Operation 82 [1/1] (0.00ns)   --->   "%sext_ln240 = sext i58 %trunc_ln" [cnn.cpp:240]   --->   Operation 82 'sext' 'sext_ln240' <Predicate = true> <Delay = 0.00>
ST_3 : Operation 83 [1/1] (0.00ns)   --->   "%kernel_output_addr = getelementptr i512 %kernel_output, i64 %sext_ln240" [cnn.cpp:240]   --->   Operation 83 'getelementptr' 'kernel_output_addr' <Predicate = true> <Delay = 0.00>
ST_3 : Operation 84 [1/1] (2.92ns)   --->   "%empty = writereq i1 @_ssdm_op_WriteReq.m_axi.p1i512, i64 %kernel_output_addr, i32 50176" [cnn.cpp:240]   --->   Operation 84 'writereq' 'empty' <Predicate = true> <Delay = 2.92> <CoreInst = "m_axi">   --->   Core 121 'm_axi' <Latency = 0> <II = 1> <Delay = 1.00> <Adapter> <Opcode : 'read' 'write' 'readreq' 'writereq' 'writeresp'>

State 4 <SV = 3> <Delay = 0.00>
ST_4 : Operation 85 [2/2] (0.00ns)   --->   "%call_ln240 = call void @store_output_S0_Pipeline_VITIS_LOOP_240_1_VITIS_LOOP_241_2_VITIS_LOOP_242_3, i512 %kernel_output, i58 %trunc_ln, i32 %output_0, i32 %output_1, i32 %output_2, i32 %output_3, i32 %output_4, i32 %output_5, i32 %output_6, i32 %output_7, i32 %output_8, i32 %output_9, i32 %output_10, i32 %output_11, i32 %output_12, i32 %output_13, i32 %output_14, i32 %output_15" [cnn.cpp:240]   --->   Operation 85 'call' 'call_ln240' <Predicate = true> <Delay = 0.00> <CoreType = "Generic">   --->   Core 0 '' <Latency = 0> <II = 1> <Delay = 1.00> <Generic> <Opcode : >

State 5 <SV = 4> <Delay = 0.00>
ST_5 : Operation 86 [1/2] (0.00ns)   --->   "%call_ln240 = call void @store_output_S0_Pipeline_VITIS_LOOP_240_1_VITIS_LOOP_241_2_VITIS_LOOP_242_3, i512 %kernel_output, i58 %trunc_ln, i32 %output_0, i32 %output_1, i32 %output_2, i32 %output_3, i32 %output_4, i32 %output_5, i32 %output_6, i32 %output_7, i32 %output_8, i32 %output_9, i32 %output_10, i32 %output_11, i32 %output_12, i32 %output_13, i32 %output_14, i32 %output_15" [cnn.cpp:240]   --->   Operation 86 'call' 'call_ln240' <Predicate = true> <Delay = 0.00> <CoreType = "Generic">   --->   Core 0 '' <Latency = 0> <II = 1> <Delay = 1.00> <Generic> <Opcode : >

State 6 <SV = 5> <Delay = 2.92>
ST_6 : Operation 87 [68/68] (2.92ns)   --->   "%empty_29 = writeresp i1 @_ssdm_op_WriteResp.m_axi.p1i512, i64 %kernel_output_addr" [cnn.cpp:280]   --->   Operation 87 'writeresp' 'empty_29' <Predicate = true> <Delay = 2.92> <CoreInst = "m_axi">   --->   Core 121 'm_axi' <Latency = 0> <II = 1> <Delay = 1.00> <Adapter> <Opcode : 'read' 'write' 'readreq' 'writereq' 'writeresp'>

State 7 <SV = 6> <Delay = 2.92>
ST_7 : Operation 88 [67/68] (2.92ns)   --->   "%empty_29 = writeresp i1 @_ssdm_op_WriteResp.m_axi.p1i512, i64 %kernel_output_addr" [cnn.cpp:280]   --->   Operation 88 'writeresp' 'empty_29' <Predicate = true> <Delay = 2.92> <CoreInst = "m_axi">   --->   Core 121 'm_axi' <Latency = 0> <II = 1> <Delay = 1.00> <Adapter> <Opcode : 'read' 'write' 'readreq' 'writereq' 'writeresp'>

State 8 <SV = 7> <Delay = 2.92>
ST_8 : Operation 89 [66/68] (2.92ns)   --->   "%empty_29 = writeresp i1 @_ssdm_op_WriteResp.m_axi.p1i512, i64 %kernel_output_addr" [cnn.cpp:280]   --->   Operation 89 'writeresp' 'empty_29' <Predicate = true> <Delay = 2.92> <CoreInst = "m_axi">   --->   Core 121 'm_axi' <Latency = 0> <II = 1> <Delay = 1.00> <Adapter> <Opcode : 'read' 'write' 'readreq' 'writereq' 'writeresp'>

State 9 <SV = 8> <Delay = 2.92>
ST_9 : Operation 90 [65/68] (2.92ns)   --->   "%empty_29 = writeresp i1 @_ssdm_op_WriteResp.m_axi.p1i512, i64 %kernel_output_addr" [cnn.cpp:280]   --->   Operation 90 'writeresp' 'empty_29' <Predicate = true> <Delay = 2.92> <CoreInst = "m_axi">   --->   Core 121 'm_axi' <Latency = 0> <II = 1> <Delay = 1.00> <Adapter> <Opcode : 'read' 'write' 'readreq' 'writereq' 'writeresp'>

State 10 <SV = 9> <Delay = 2.92>
ST_10 : Operation 91 [64/68] (2.92ns)   --->   "%empty_29 = writeresp i1 @_ssdm_op_WriteResp.m_axi.p1i512, i64 %kernel_output_addr" [cnn.cpp:280]   --->   Operation 91 'writeresp' 'empty_29' <Predicate = true> <Delay = 2.92> <CoreInst = "m_axi">   --->   Core 121 'm_axi' <Latency = 0> <II = 1> <Delay = 1.00> <Adapter> <Opcode : 'read' 'write' 'readreq' 'writereq' 'writeresp'>

State 11 <SV = 10> <Delay = 2.92>
ST_11 : Operation 92 [63/68] (2.92ns)   --->   "%empty_29 = writeresp i1 @_ssdm_op_WriteResp.m_axi.p1i512, i64 %kernel_output_addr" [cnn.cpp:280]   --->   Operation 92 'writeresp' 'empty_29' <Predicate = true> <Delay = 2.92> <CoreInst = "m_axi">   --->   Core 121 'm_axi' <Latency = 0> <II = 1> <Delay = 1.00> <Adapter> <Opcode : 'read' 'write' 'readreq' 'writereq' 'writeresp'>

State 12 <SV = 11> <Delay = 2.92>
ST_12 : Operation 93 [62/68] (2.92ns)   --->   "%empty_29 = writeresp i1 @_ssdm_op_WriteResp.m_axi.p1i512, i64 %kernel_output_addr" [cnn.cpp:280]   --->   Operation 93 'writeresp' 'empty_29' <Predicate = true> <Delay = 2.92> <CoreInst = "m_axi">   --->   Core 121 'm_axi' <Latency = 0> <II = 1> <Delay = 1.00> <Adapter> <Opcode : 'read' 'write' 'readreq' 'writereq' 'writeresp'>

State 13 <SV = 12> <Delay = 2.92>
ST_13 : Operation 94 [61/68] (2.92ns)   --->   "%empty_29 = writeresp i1 @_ssdm_op_WriteResp.m_axi.p1i512, i64 %kernel_output_addr" [cnn.cpp:280]   --->   Operation 94 'writeresp' 'empty_29' <Predicate = true> <Delay = 2.92> <CoreInst = "m_axi">   --->   Core 121 'm_axi' <Latency = 0> <II = 1> <Delay = 1.00> <Adapter> <Opcode : 'read' 'write' 'readreq' 'writereq' 'writeresp'>

State 14 <SV = 13> <Delay = 2.92>
ST_14 : Operation 95 [60/68] (2.92ns)   --->   "%empty_29 = writeresp i1 @_ssdm_op_WriteResp.m_axi.p1i512, i64 %kernel_output_addr" [cnn.cpp:280]   --->   Operation 95 'writeresp' 'empty_29' <Predicate = true> <Delay = 2.92> <CoreInst = "m_axi">   --->   Core 121 'm_axi' <Latency = 0> <II = 1> <Delay = 1.00> <Adapter> <Opcode : 'read' 'write' 'readreq' 'writereq' 'writeresp'>

State 15 <SV = 14> <Delay = 2.92>
ST_15 : Operation 96 [59/68] (2.92ns)   --->   "%empty_29 = writeresp i1 @_ssdm_op_WriteResp.m_axi.p1i512, i64 %kernel_output_addr" [cnn.cpp:280]   --->   Operation 96 'writeresp' 'empty_29' <Predicate = true> <Delay = 2.92> <CoreInst = "m_axi">   --->   Core 121 'm_axi' <Latency = 0> <II = 1> <Delay = 1.00> <Adapter> <Opcode : 'read' 'write' 'readreq' 'writereq' 'writeresp'>

State 16 <SV = 15> <Delay = 2.92>
ST_16 : Operation 97 [58/68] (2.92ns)   --->   "%empty_29 = writeresp i1 @_ssdm_op_WriteResp.m_axi.p1i512, i64 %kernel_output_addr" [cnn.cpp:280]   --->   Operation 97 'writeresp' 'empty_29' <Predicate = true> <Delay = 2.92> <CoreInst = "m_axi">   --->   Core 121 'm_axi' <Latency = 0> <II = 1> <Delay = 1.00> <Adapter> <Opcode : 'read' 'write' 'readreq' 'writereq' 'writeresp'>

State 17 <SV = 16> <Delay = 2.92>
ST_17 : Operation 98 [57/68] (2.92ns)   --->   "%empty_29 = writeresp i1 @_ssdm_op_WriteResp.m_axi.p1i512, i64 %kernel_output_addr" [cnn.cpp:280]   --->   Operation 98 'writeresp' 'empty_29' <Predicate = true> <Delay = 2.92> <CoreInst = "m_axi">   --->   Core 121 'm_axi' <Latency = 0> <II = 1> <Delay = 1.00> <Adapter> <Opcode : 'read' 'write' 'readreq' 'writereq' 'writeresp'>

State 18 <SV = 17> <Delay = 2.92>
ST_18 : Operation 99 [56/68] (2.92ns)   --->   "%empty_29 = writeresp i1 @_ssdm_op_WriteResp.m_axi.p1i512, i64 %kernel_output_addr" [cnn.cpp:280]   --->   Operation 99 'writeresp' 'empty_29' <Predicate = true> <Delay = 2.92> <CoreInst = "m_axi">   --->   Core 121 'm_axi' <Latency = 0> <II = 1> <Delay = 1.00> <Adapter> <Opcode : 'read' 'write' 'readreq' 'writereq' 'writeresp'>

State 19 <SV = 18> <Delay = 2.92>
ST_19 : Operation 100 [55/68] (2.92ns)   --->   "%empty_29 = writeresp i1 @_ssdm_op_WriteResp.m_axi.p1i512, i64 %kernel_output_addr" [cnn.cpp:280]   --->   Operation 100 'writeresp' 'empty_29' <Predicate = true> <Delay = 2.92> <CoreInst = "m_axi">   --->   Core 121 'm_axi' <Latency = 0> <II = 1> <Delay = 1.00> <Adapter> <Opcode : 'read' 'write' 'readreq' 'writereq' 'writeresp'>

State 20 <SV = 19> <Delay = 2.92>
ST_20 : Operation 101 [54/68] (2.92ns)   --->   "%empty_29 = writeresp i1 @_ssdm_op_WriteResp.m_axi.p1i512, i64 %kernel_output_addr" [cnn.cpp:280]   --->   Operation 101 'writeresp' 'empty_29' <Predicate = true> <Delay = 2.92> <CoreInst = "m_axi">   --->   Core 121 'm_axi' <Latency = 0> <II = 1> <Delay = 1.00> <Adapter> <Opcode : 'read' 'write' 'readreq' 'writereq' 'writeresp'>

State 21 <SV = 20> <Delay = 2.92>
ST_21 : Operation 102 [53/68] (2.92ns)   --->   "%empty_29 = writeresp i1 @_ssdm_op_WriteResp.m_axi.p1i512, i64 %kernel_output_addr" [cnn.cpp:280]   --->   Operation 102 'writeresp' 'empty_29' <Predicate = true> <Delay = 2.92> <CoreInst = "m_axi">   --->   Core 121 'm_axi' <Latency = 0> <II = 1> <Delay = 1.00> <Adapter> <Opcode : 'read' 'write' 'readreq' 'writereq' 'writeresp'>

State 22 <SV = 21> <Delay = 2.92>
ST_22 : Operation 103 [52/68] (2.92ns)   --->   "%empty_29 = writeresp i1 @_ssdm_op_WriteResp.m_axi.p1i512, i64 %kernel_output_addr" [cnn.cpp:280]   --->   Operation 103 'writeresp' 'empty_29' <Predicate = true> <Delay = 2.92> <CoreInst = "m_axi">   --->   Core 121 'm_axi' <Latency = 0> <II = 1> <Delay = 1.00> <Adapter> <Opcode : 'read' 'write' 'readreq' 'writereq' 'writeresp'>

State 23 <SV = 22> <Delay = 2.92>
ST_23 : Operation 104 [51/68] (2.92ns)   --->   "%empty_29 = writeresp i1 @_ssdm_op_WriteResp.m_axi.p1i512, i64 %kernel_output_addr" [cnn.cpp:280]   --->   Operation 104 'writeresp' 'empty_29' <Predicate = true> <Delay = 2.92> <CoreInst = "m_axi">   --->   Core 121 'm_axi' <Latency = 0> <II = 1> <Delay = 1.00> <Adapter> <Opcode : 'read' 'write' 'readreq' 'writereq' 'writeresp'>

State 24 <SV = 23> <Delay = 2.92>
ST_24 : Operation 105 [50/68] (2.92ns)   --->   "%empty_29 = writeresp i1 @_ssdm_op_WriteResp.m_axi.p1i512, i64 %kernel_output_addr" [cnn.cpp:280]   --->   Operation 105 'writeresp' 'empty_29' <Predicate = true> <Delay = 2.92> <CoreInst = "m_axi">   --->   Core 121 'm_axi' <Latency = 0> <II = 1> <Delay = 1.00> <Adapter> <Opcode : 'read' 'write' 'readreq' 'writereq' 'writeresp'>

State 25 <SV = 24> <Delay = 2.92>
ST_25 : Operation 106 [49/68] (2.92ns)   --->   "%empty_29 = writeresp i1 @_ssdm_op_WriteResp.m_axi.p1i512, i64 %kernel_output_addr" [cnn.cpp:280]   --->   Operation 106 'writeresp' 'empty_29' <Predicate = true> <Delay = 2.92> <CoreInst = "m_axi">   --->   Core 121 'm_axi' <Latency = 0> <II = 1> <Delay = 1.00> <Adapter> <Opcode : 'read' 'write' 'readreq' 'writereq' 'writeresp'>

State 26 <SV = 25> <Delay = 2.92>
ST_26 : Operation 107 [48/68] (2.92ns)   --->   "%empty_29 = writeresp i1 @_ssdm_op_WriteResp.m_axi.p1i512, i64 %kernel_output_addr" [cnn.cpp:280]   --->   Operation 107 'writeresp' 'empty_29' <Predicate = true> <Delay = 2.92> <CoreInst = "m_axi">   --->   Core 121 'm_axi' <Latency = 0> <II = 1> <Delay = 1.00> <Adapter> <Opcode : 'read' 'write' 'readreq' 'writereq' 'writeresp'>

State 27 <SV = 26> <Delay = 2.92>
ST_27 : Operation 108 [47/68] (2.92ns)   --->   "%empty_29 = writeresp i1 @_ssdm_op_WriteResp.m_axi.p1i512, i64 %kernel_output_addr" [cnn.cpp:280]   --->   Operation 108 'writeresp' 'empty_29' <Predicate = true> <Delay = 2.92> <CoreInst = "m_axi">   --->   Core 121 'm_axi' <Latency = 0> <II = 1> <Delay = 1.00> <Adapter> <Opcode : 'read' 'write' 'readreq' 'writereq' 'writeresp'>

State 28 <SV = 27> <Delay = 2.92>
ST_28 : Operation 109 [46/68] (2.92ns)   --->   "%empty_29 = writeresp i1 @_ssdm_op_WriteResp.m_axi.p1i512, i64 %kernel_output_addr" [cnn.cpp:280]   --->   Operation 109 'writeresp' 'empty_29' <Predicate = true> <Delay = 2.92> <CoreInst = "m_axi">   --->   Core 121 'm_axi' <Latency = 0> <II = 1> <Delay = 1.00> <Adapter> <Opcode : 'read' 'write' 'readreq' 'writereq' 'writeresp'>

State 29 <SV = 28> <Delay = 2.92>
ST_29 : Operation 110 [45/68] (2.92ns)   --->   "%empty_29 = writeresp i1 @_ssdm_op_WriteResp.m_axi.p1i512, i64 %kernel_output_addr" [cnn.cpp:280]   --->   Operation 110 'writeresp' 'empty_29' <Predicate = true> <Delay = 2.92> <CoreInst = "m_axi">   --->   Core 121 'm_axi' <Latency = 0> <II = 1> <Delay = 1.00> <Adapter> <Opcode : 'read' 'write' 'readreq' 'writereq' 'writeresp'>

State 30 <SV = 29> <Delay = 2.92>
ST_30 : Operation 111 [44/68] (2.92ns)   --->   "%empty_29 = writeresp i1 @_ssdm_op_WriteResp.m_axi.p1i512, i64 %kernel_output_addr" [cnn.cpp:280]   --->   Operation 111 'writeresp' 'empty_29' <Predicate = true> <Delay = 2.92> <CoreInst = "m_axi">   --->   Core 121 'm_axi' <Latency = 0> <II = 1> <Delay = 1.00> <Adapter> <Opcode : 'read' 'write' 'readreq' 'writereq' 'writeresp'>

State 31 <SV = 30> <Delay = 2.92>
ST_31 : Operation 112 [43/68] (2.92ns)   --->   "%empty_29 = writeresp i1 @_ssdm_op_WriteResp.m_axi.p1i512, i64 %kernel_output_addr" [cnn.cpp:280]   --->   Operation 112 'writeresp' 'empty_29' <Predicate = true> <Delay = 2.92> <CoreInst = "m_axi">   --->   Core 121 'm_axi' <Latency = 0> <II = 1> <Delay = 1.00> <Adapter> <Opcode : 'read' 'write' 'readreq' 'writereq' 'writeresp'>

State 32 <SV = 31> <Delay = 2.92>
ST_32 : Operation 113 [42/68] (2.92ns)   --->   "%empty_29 = writeresp i1 @_ssdm_op_WriteResp.m_axi.p1i512, i64 %kernel_output_addr" [cnn.cpp:280]   --->   Operation 113 'writeresp' 'empty_29' <Predicate = true> <Delay = 2.92> <CoreInst = "m_axi">   --->   Core 121 'm_axi' <Latency = 0> <II = 1> <Delay = 1.00> <Adapter> <Opcode : 'read' 'write' 'readreq' 'writereq' 'writeresp'>

State 33 <SV = 32> <Delay = 2.92>
ST_33 : Operation 114 [41/68] (2.92ns)   --->   "%empty_29 = writeresp i1 @_ssdm_op_WriteResp.m_axi.p1i512, i64 %kernel_output_addr" [cnn.cpp:280]   --->   Operation 114 'writeresp' 'empty_29' <Predicate = true> <Delay = 2.92> <CoreInst = "m_axi">   --->   Core 121 'm_axi' <Latency = 0> <II = 1> <Delay = 1.00> <Adapter> <Opcode : 'read' 'write' 'readreq' 'writereq' 'writeresp'>

State 34 <SV = 33> <Delay = 2.92>
ST_34 : Operation 115 [40/68] (2.92ns)   --->   "%empty_29 = writeresp i1 @_ssdm_op_WriteResp.m_axi.p1i512, i64 %kernel_output_addr" [cnn.cpp:280]   --->   Operation 115 'writeresp' 'empty_29' <Predicate = true> <Delay = 2.92> <CoreInst = "m_axi">   --->   Core 121 'm_axi' <Latency = 0> <II = 1> <Delay = 1.00> <Adapter> <Opcode : 'read' 'write' 'readreq' 'writereq' 'writeresp'>

State 35 <SV = 34> <Delay = 2.92>
ST_35 : Operation 116 [39/68] (2.92ns)   --->   "%empty_29 = writeresp i1 @_ssdm_op_WriteResp.m_axi.p1i512, i64 %kernel_output_addr" [cnn.cpp:280]   --->   Operation 116 'writeresp' 'empty_29' <Predicate = true> <Delay = 2.92> <CoreInst = "m_axi">   --->   Core 121 'm_axi' <Latency = 0> <II = 1> <Delay = 1.00> <Adapter> <Opcode : 'read' 'write' 'readreq' 'writereq' 'writeresp'>

State 36 <SV = 35> <Delay = 2.92>
ST_36 : Operation 117 [38/68] (2.92ns)   --->   "%empty_29 = writeresp i1 @_ssdm_op_WriteResp.m_axi.p1i512, i64 %kernel_output_addr" [cnn.cpp:280]   --->   Operation 117 'writeresp' 'empty_29' <Predicate = true> <Delay = 2.92> <CoreInst = "m_axi">   --->   Core 121 'm_axi' <Latency = 0> <II = 1> <Delay = 1.00> <Adapter> <Opcode : 'read' 'write' 'readreq' 'writereq' 'writeresp'>

State 37 <SV = 36> <Delay = 2.92>
ST_37 : Operation 118 [37/68] (2.92ns)   --->   "%empty_29 = writeresp i1 @_ssdm_op_WriteResp.m_axi.p1i512, i64 %kernel_output_addr" [cnn.cpp:280]   --->   Operation 118 'writeresp' 'empty_29' <Predicate = true> <Delay = 2.92> <CoreInst = "m_axi">   --->   Core 121 'm_axi' <Latency = 0> <II = 1> <Delay = 1.00> <Adapter> <Opcode : 'read' 'write' 'readreq' 'writereq' 'writeresp'>

State 38 <SV = 37> <Delay = 2.92>
ST_38 : Operation 119 [36/68] (2.92ns)   --->   "%empty_29 = writeresp i1 @_ssdm_op_WriteResp.m_axi.p1i512, i64 %kernel_output_addr" [cnn.cpp:280]   --->   Operation 119 'writeresp' 'empty_29' <Predicate = true> <Delay = 2.92> <CoreInst = "m_axi">   --->   Core 121 'm_axi' <Latency = 0> <II = 1> <Delay = 1.00> <Adapter> <Opcode : 'read' 'write' 'readreq' 'writereq' 'writeresp'>

State 39 <SV = 38> <Delay = 2.92>
ST_39 : Operation 120 [35/68] (2.92ns)   --->   "%empty_29 = writeresp i1 @_ssdm_op_WriteResp.m_axi.p1i512, i64 %kernel_output_addr" [cnn.cpp:280]   --->   Operation 120 'writeresp' 'empty_29' <Predicate = true> <Delay = 2.92> <CoreInst = "m_axi">   --->   Core 121 'm_axi' <Latency = 0> <II = 1> <Delay = 1.00> <Adapter> <Opcode : 'read' 'write' 'readreq' 'writereq' 'writeresp'>

State 40 <SV = 39> <Delay = 2.92>
ST_40 : Operation 121 [34/68] (2.92ns)   --->   "%empty_29 = writeresp i1 @_ssdm_op_WriteResp.m_axi.p1i512, i64 %kernel_output_addr" [cnn.cpp:280]   --->   Operation 121 'writeresp' 'empty_29' <Predicate = true> <Delay = 2.92> <CoreInst = "m_axi">   --->   Core 121 'm_axi' <Latency = 0> <II = 1> <Delay = 1.00> <Adapter> <Opcode : 'read' 'write' 'readreq' 'writereq' 'writeresp'>

State 41 <SV = 40> <Delay = 2.92>
ST_41 : Operation 122 [33/68] (2.92ns)   --->   "%empty_29 = writeresp i1 @_ssdm_op_WriteResp.m_axi.p1i512, i64 %kernel_output_addr" [cnn.cpp:280]   --->   Operation 122 'writeresp' 'empty_29' <Predicate = true> <Delay = 2.92> <CoreInst = "m_axi">   --->   Core 121 'm_axi' <Latency = 0> <II = 1> <Delay = 1.00> <Adapter> <Opcode : 'read' 'write' 'readreq' 'writereq' 'writeresp'>

State 42 <SV = 41> <Delay = 2.92>
ST_42 : Operation 123 [32/68] (2.92ns)   --->   "%empty_29 = writeresp i1 @_ssdm_op_WriteResp.m_axi.p1i512, i64 %kernel_output_addr" [cnn.cpp:280]   --->   Operation 123 'writeresp' 'empty_29' <Predicate = true> <Delay = 2.92> <CoreInst = "m_axi">   --->   Core 121 'm_axi' <Latency = 0> <II = 1> <Delay = 1.00> <Adapter> <Opcode : 'read' 'write' 'readreq' 'writereq' 'writeresp'>

State 43 <SV = 42> <Delay = 2.92>
ST_43 : Operation 124 [31/68] (2.92ns)   --->   "%empty_29 = writeresp i1 @_ssdm_op_WriteResp.m_axi.p1i512, i64 %kernel_output_addr" [cnn.cpp:280]   --->   Operation 124 'writeresp' 'empty_29' <Predicate = true> <Delay = 2.92> <CoreInst = "m_axi">   --->   Core 121 'm_axi' <Latency = 0> <II = 1> <Delay = 1.00> <Adapter> <Opcode : 'read' 'write' 'readreq' 'writereq' 'writeresp'>

State 44 <SV = 43> <Delay = 2.92>
ST_44 : Operation 125 [30/68] (2.92ns)   --->   "%empty_29 = writeresp i1 @_ssdm_op_WriteResp.m_axi.p1i512, i64 %kernel_output_addr" [cnn.cpp:280]   --->   Operation 125 'writeresp' 'empty_29' <Predicate = true> <Delay = 2.92> <CoreInst = "m_axi">   --->   Core 121 'm_axi' <Latency = 0> <II = 1> <Delay = 1.00> <Adapter> <Opcode : 'read' 'write' 'readreq' 'writereq' 'writeresp'>

State 45 <SV = 44> <Delay = 2.92>
ST_45 : Operation 126 [29/68] (2.92ns)   --->   "%empty_29 = writeresp i1 @_ssdm_op_WriteResp.m_axi.p1i512, i64 %kernel_output_addr" [cnn.cpp:280]   --->   Operation 126 'writeresp' 'empty_29' <Predicate = true> <Delay = 2.92> <CoreInst = "m_axi">   --->   Core 121 'm_axi' <Latency = 0> <II = 1> <Delay = 1.00> <Adapter> <Opcode : 'read' 'write' 'readreq' 'writereq' 'writeresp'>

State 46 <SV = 45> <Delay = 2.92>
ST_46 : Operation 127 [28/68] (2.92ns)   --->   "%empty_29 = writeresp i1 @_ssdm_op_WriteResp.m_axi.p1i512, i64 %kernel_output_addr" [cnn.cpp:280]   --->   Operation 127 'writeresp' 'empty_29' <Predicate = true> <Delay = 2.92> <CoreInst = "m_axi">   --->   Core 121 'm_axi' <Latency = 0> <II = 1> <Delay = 1.00> <Adapter> <Opcode : 'read' 'write' 'readreq' 'writereq' 'writeresp'>

State 47 <SV = 46> <Delay = 2.92>
ST_47 : Operation 128 [27/68] (2.92ns)   --->   "%empty_29 = writeresp i1 @_ssdm_op_WriteResp.m_axi.p1i512, i64 %kernel_output_addr" [cnn.cpp:280]   --->   Operation 128 'writeresp' 'empty_29' <Predicate = true> <Delay = 2.92> <CoreInst = "m_axi">   --->   Core 121 'm_axi' <Latency = 0> <II = 1> <Delay = 1.00> <Adapter> <Opcode : 'read' 'write' 'readreq' 'writereq' 'writeresp'>

State 48 <SV = 47> <Delay = 2.92>
ST_48 : Operation 129 [26/68] (2.92ns)   --->   "%empty_29 = writeresp i1 @_ssdm_op_WriteResp.m_axi.p1i512, i64 %kernel_output_addr" [cnn.cpp:280]   --->   Operation 129 'writeresp' 'empty_29' <Predicate = true> <Delay = 2.92> <CoreInst = "m_axi">   --->   Core 121 'm_axi' <Latency = 0> <II = 1> <Delay = 1.00> <Adapter> <Opcode : 'read' 'write' 'readreq' 'writereq' 'writeresp'>

State 49 <SV = 48> <Delay = 2.92>
ST_49 : Operation 130 [25/68] (2.92ns)   --->   "%empty_29 = writeresp i1 @_ssdm_op_WriteResp.m_axi.p1i512, i64 %kernel_output_addr" [cnn.cpp:280]   --->   Operation 130 'writeresp' 'empty_29' <Predicate = true> <Delay = 2.92> <CoreInst = "m_axi">   --->   Core 121 'm_axi' <Latency = 0> <II = 1> <Delay = 1.00> <Adapter> <Opcode : 'read' 'write' 'readreq' 'writereq' 'writeresp'>

State 50 <SV = 49> <Delay = 2.92>
ST_50 : Operation 131 [24/68] (2.92ns)   --->   "%empty_29 = writeresp i1 @_ssdm_op_WriteResp.m_axi.p1i512, i64 %kernel_output_addr" [cnn.cpp:280]   --->   Operation 131 'writeresp' 'empty_29' <Predicate = true> <Delay = 2.92> <CoreInst = "m_axi">   --->   Core 121 'm_axi' <Latency = 0> <II = 1> <Delay = 1.00> <Adapter> <Opcode : 'read' 'write' 'readreq' 'writereq' 'writeresp'>

State 51 <SV = 50> <Delay = 2.92>
ST_51 : Operation 132 [23/68] (2.92ns)   --->   "%empty_29 = writeresp i1 @_ssdm_op_WriteResp.m_axi.p1i512, i64 %kernel_output_addr" [cnn.cpp:280]   --->   Operation 132 'writeresp' 'empty_29' <Predicate = true> <Delay = 2.92> <CoreInst = "m_axi">   --->   Core 121 'm_axi' <Latency = 0> <II = 1> <Delay = 1.00> <Adapter> <Opcode : 'read' 'write' 'readreq' 'writereq' 'writeresp'>

State 52 <SV = 51> <Delay = 2.92>
ST_52 : Operation 133 [22/68] (2.92ns)   --->   "%empty_29 = writeresp i1 @_ssdm_op_WriteResp.m_axi.p1i512, i64 %kernel_output_addr" [cnn.cpp:280]   --->   Operation 133 'writeresp' 'empty_29' <Predicate = true> <Delay = 2.92> <CoreInst = "m_axi">   --->   Core 121 'm_axi' <Latency = 0> <II = 1> <Delay = 1.00> <Adapter> <Opcode : 'read' 'write' 'readreq' 'writereq' 'writeresp'>

State 53 <SV = 52> <Delay = 2.92>
ST_53 : Operation 134 [21/68] (2.92ns)   --->   "%empty_29 = writeresp i1 @_ssdm_op_WriteResp.m_axi.p1i512, i64 %kernel_output_addr" [cnn.cpp:280]   --->   Operation 134 'writeresp' 'empty_29' <Predicate = true> <Delay = 2.92> <CoreInst = "m_axi">   --->   Core 121 'm_axi' <Latency = 0> <II = 1> <Delay = 1.00> <Adapter> <Opcode : 'read' 'write' 'readreq' 'writereq' 'writeresp'>

State 54 <SV = 53> <Delay = 2.92>
ST_54 : Operation 135 [20/68] (2.92ns)   --->   "%empty_29 = writeresp i1 @_ssdm_op_WriteResp.m_axi.p1i512, i64 %kernel_output_addr" [cnn.cpp:280]   --->   Operation 135 'writeresp' 'empty_29' <Predicate = true> <Delay = 2.92> <CoreInst = "m_axi">   --->   Core 121 'm_axi' <Latency = 0> <II = 1> <Delay = 1.00> <Adapter> <Opcode : 'read' 'write' 'readreq' 'writereq' 'writeresp'>

State 55 <SV = 54> <Delay = 2.92>
ST_55 : Operation 136 [19/68] (2.92ns)   --->   "%empty_29 = writeresp i1 @_ssdm_op_WriteResp.m_axi.p1i512, i64 %kernel_output_addr" [cnn.cpp:280]   --->   Operation 136 'writeresp' 'empty_29' <Predicate = true> <Delay = 2.92> <CoreInst = "m_axi">   --->   Core 121 'm_axi' <Latency = 0> <II = 1> <Delay = 1.00> <Adapter> <Opcode : 'read' 'write' 'readreq' 'writereq' 'writeresp'>

State 56 <SV = 55> <Delay = 2.92>
ST_56 : Operation 137 [18/68] (2.92ns)   --->   "%empty_29 = writeresp i1 @_ssdm_op_WriteResp.m_axi.p1i512, i64 %kernel_output_addr" [cnn.cpp:280]   --->   Operation 137 'writeresp' 'empty_29' <Predicate = true> <Delay = 2.92> <CoreInst = "m_axi">   --->   Core 121 'm_axi' <Latency = 0> <II = 1> <Delay = 1.00> <Adapter> <Opcode : 'read' 'write' 'readreq' 'writereq' 'writeresp'>

State 57 <SV = 56> <Delay = 2.92>
ST_57 : Operation 138 [17/68] (2.92ns)   --->   "%empty_29 = writeresp i1 @_ssdm_op_WriteResp.m_axi.p1i512, i64 %kernel_output_addr" [cnn.cpp:280]   --->   Operation 138 'writeresp' 'empty_29' <Predicate = true> <Delay = 2.92> <CoreInst = "m_axi">   --->   Core 121 'm_axi' <Latency = 0> <II = 1> <Delay = 1.00> <Adapter> <Opcode : 'read' 'write' 'readreq' 'writereq' 'writeresp'>

State 58 <SV = 57> <Delay = 2.92>
ST_58 : Operation 139 [16/68] (2.92ns)   --->   "%empty_29 = writeresp i1 @_ssdm_op_WriteResp.m_axi.p1i512, i64 %kernel_output_addr" [cnn.cpp:280]   --->   Operation 139 'writeresp' 'empty_29' <Predicate = true> <Delay = 2.92> <CoreInst = "m_axi">   --->   Core 121 'm_axi' <Latency = 0> <II = 1> <Delay = 1.00> <Adapter> <Opcode : 'read' 'write' 'readreq' 'writereq' 'writeresp'>

State 59 <SV = 58> <Delay = 2.92>
ST_59 : Operation 140 [15/68] (2.92ns)   --->   "%empty_29 = writeresp i1 @_ssdm_op_WriteResp.m_axi.p1i512, i64 %kernel_output_addr" [cnn.cpp:280]   --->   Operation 140 'writeresp' 'empty_29' <Predicate = true> <Delay = 2.92> <CoreInst = "m_axi">   --->   Core 121 'm_axi' <Latency = 0> <II = 1> <Delay = 1.00> <Adapter> <Opcode : 'read' 'write' 'readreq' 'writereq' 'writeresp'>

State 60 <SV = 59> <Delay = 2.92>
ST_60 : Operation 141 [14/68] (2.92ns)   --->   "%empty_29 = writeresp i1 @_ssdm_op_WriteResp.m_axi.p1i512, i64 %kernel_output_addr" [cnn.cpp:280]   --->   Operation 141 'writeresp' 'empty_29' <Predicate = true> <Delay = 2.92> <CoreInst = "m_axi">   --->   Core 121 'm_axi' <Latency = 0> <II = 1> <Delay = 1.00> <Adapter> <Opcode : 'read' 'write' 'readreq' 'writereq' 'writeresp'>

State 61 <SV = 60> <Delay = 2.92>
ST_61 : Operation 142 [13/68] (2.92ns)   --->   "%empty_29 = writeresp i1 @_ssdm_op_WriteResp.m_axi.p1i512, i64 %kernel_output_addr" [cnn.cpp:280]   --->   Operation 142 'writeresp' 'empty_29' <Predicate = true> <Delay = 2.92> <CoreInst = "m_axi">   --->   Core 121 'm_axi' <Latency = 0> <II = 1> <Delay = 1.00> <Adapter> <Opcode : 'read' 'write' 'readreq' 'writereq' 'writeresp'>

State 62 <SV = 61> <Delay = 2.92>
ST_62 : Operation 143 [12/68] (2.92ns)   --->   "%empty_29 = writeresp i1 @_ssdm_op_WriteResp.m_axi.p1i512, i64 %kernel_output_addr" [cnn.cpp:280]   --->   Operation 143 'writeresp' 'empty_29' <Predicate = true> <Delay = 2.92> <CoreInst = "m_axi">   --->   Core 121 'm_axi' <Latency = 0> <II = 1> <Delay = 1.00> <Adapter> <Opcode : 'read' 'write' 'readreq' 'writereq' 'writeresp'>

State 63 <SV = 62> <Delay = 2.92>
ST_63 : Operation 144 [11/68] (2.92ns)   --->   "%empty_29 = writeresp i1 @_ssdm_op_WriteResp.m_axi.p1i512, i64 %kernel_output_addr" [cnn.cpp:280]   --->   Operation 144 'writeresp' 'empty_29' <Predicate = true> <Delay = 2.92> <CoreInst = "m_axi">   --->   Core 121 'm_axi' <Latency = 0> <II = 1> <Delay = 1.00> <Adapter> <Opcode : 'read' 'write' 'readreq' 'writereq' 'writeresp'>

State 64 <SV = 63> <Delay = 2.92>
ST_64 : Operation 145 [10/68] (2.92ns)   --->   "%empty_29 = writeresp i1 @_ssdm_op_WriteResp.m_axi.p1i512, i64 %kernel_output_addr" [cnn.cpp:280]   --->   Operation 145 'writeresp' 'empty_29' <Predicate = true> <Delay = 2.92> <CoreInst = "m_axi">   --->   Core 121 'm_axi' <Latency = 0> <II = 1> <Delay = 1.00> <Adapter> <Opcode : 'read' 'write' 'readreq' 'writereq' 'writeresp'>

State 65 <SV = 64> <Delay = 2.92>
ST_65 : Operation 146 [9/68] (2.92ns)   --->   "%empty_29 = writeresp i1 @_ssdm_op_WriteResp.m_axi.p1i512, i64 %kernel_output_addr" [cnn.cpp:280]   --->   Operation 146 'writeresp' 'empty_29' <Predicate = true> <Delay = 2.92> <CoreInst = "m_axi">   --->   Core 121 'm_axi' <Latency = 0> <II = 1> <Delay = 1.00> <Adapter> <Opcode : 'read' 'write' 'readreq' 'writereq' 'writeresp'>

State 66 <SV = 65> <Delay = 2.92>
ST_66 : Operation 147 [8/68] (2.92ns)   --->   "%empty_29 = writeresp i1 @_ssdm_op_WriteResp.m_axi.p1i512, i64 %kernel_output_addr" [cnn.cpp:280]   --->   Operation 147 'writeresp' 'empty_29' <Predicate = true> <Delay = 2.92> <CoreInst = "m_axi">   --->   Core 121 'm_axi' <Latency = 0> <II = 1> <Delay = 1.00> <Adapter> <Opcode : 'read' 'write' 'readreq' 'writereq' 'writeresp'>

State 67 <SV = 66> <Delay = 2.92>
ST_67 : Operation 148 [7/68] (2.92ns)   --->   "%empty_29 = writeresp i1 @_ssdm_op_WriteResp.m_axi.p1i512, i64 %kernel_output_addr" [cnn.cpp:280]   --->   Operation 148 'writeresp' 'empty_29' <Predicate = true> <Delay = 2.92> <CoreInst = "m_axi">   --->   Core 121 'm_axi' <Latency = 0> <II = 1> <Delay = 1.00> <Adapter> <Opcode : 'read' 'write' 'readreq' 'writereq' 'writeresp'>

State 68 <SV = 67> <Delay = 2.92>
ST_68 : Operation 149 [6/68] (2.92ns)   --->   "%empty_29 = writeresp i1 @_ssdm_op_WriteResp.m_axi.p1i512, i64 %kernel_output_addr" [cnn.cpp:280]   --->   Operation 149 'writeresp' 'empty_29' <Predicate = true> <Delay = 2.92> <CoreInst = "m_axi">   --->   Core 121 'm_axi' <Latency = 0> <II = 1> <Delay = 1.00> <Adapter> <Opcode : 'read' 'write' 'readreq' 'writereq' 'writeresp'>

State 69 <SV = 68> <Delay = 2.92>
ST_69 : Operation 150 [5/68] (2.92ns)   --->   "%empty_29 = writeresp i1 @_ssdm_op_WriteResp.m_axi.p1i512, i64 %kernel_output_addr" [cnn.cpp:280]   --->   Operation 150 'writeresp' 'empty_29' <Predicate = true> <Delay = 2.92> <CoreInst = "m_axi">   --->   Core 121 'm_axi' <Latency = 0> <II = 1> <Delay = 1.00> <Adapter> <Opcode : 'read' 'write' 'readreq' 'writereq' 'writeresp'>

State 70 <SV = 69> <Delay = 2.92>
ST_70 : Operation 151 [4/68] (2.92ns)   --->   "%empty_29 = writeresp i1 @_ssdm_op_WriteResp.m_axi.p1i512, i64 %kernel_output_addr" [cnn.cpp:280]   --->   Operation 151 'writeresp' 'empty_29' <Predicate = true> <Delay = 2.92> <CoreInst = "m_axi">   --->   Core 121 'm_axi' <Latency = 0> <II = 1> <Delay = 1.00> <Adapter> <Opcode : 'read' 'write' 'readreq' 'writereq' 'writeresp'>

State 71 <SV = 70> <Delay = 2.92>
ST_71 : Operation 152 [3/68] (2.92ns)   --->   "%empty_29 = writeresp i1 @_ssdm_op_WriteResp.m_axi.p1i512, i64 %kernel_output_addr" [cnn.cpp:280]   --->   Operation 152 'writeresp' 'empty_29' <Predicate = true> <Delay = 2.92> <CoreInst = "m_axi">   --->   Core 121 'm_axi' <Latency = 0> <II = 1> <Delay = 1.00> <Adapter> <Opcode : 'read' 'write' 'readreq' 'writereq' 'writeresp'>

State 72 <SV = 71> <Delay = 2.92>
ST_72 : Operation 153 [2/68] (2.92ns)   --->   "%empty_29 = writeresp i1 @_ssdm_op_WriteResp.m_axi.p1i512, i64 %kernel_output_addr" [cnn.cpp:280]   --->   Operation 153 'writeresp' 'empty_29' <Predicate = true> <Delay = 2.92> <CoreInst = "m_axi">   --->   Core 121 'm_axi' <Latency = 0> <II = 1> <Delay = 1.00> <Adapter> <Opcode : 'read' 'write' 'readreq' 'writereq' 'writeresp'>

State 73 <SV = 72> <Delay = 2.92>
ST_73 : Operation 154 [1/1] (0.00ns)   --->   "%specinterface_ln0 = specinterface void @_ssdm_op_SpecInterface, i512 %kernel_output, void @empty_16, i32 0, i32 0, void @empty_10, i32 64, i32 0, void @empty_9, void @empty_7, void @empty_10, i32 16, i32 16, i32 16, i32 16, void @empty_10, void @empty_10, i32 4294967295, i32 0"   --->   Operation 154 'specinterface' 'specinterface_ln0' <Predicate = true> <Delay = 0.00>
ST_73 : Operation 155 [1/68] (2.92ns)   --->   "%empty_29 = writeresp i1 @_ssdm_op_WriteResp.m_axi.p1i512, i64 %kernel_output_addr" [cnn.cpp:280]   --->   Operation 155 'writeresp' 'empty_29' <Predicate = true> <Delay = 2.92> <CoreInst = "m_axi">   --->   Core 121 'm_axi' <Latency = 0> <II = 1> <Delay = 1.00> <Adapter> <Opcode : 'read' 'write' 'readreq' 'writereq' 'writeresp'>
ST_73 : Operation 156 [1/1] (0.00ns)   --->   "%ret_ln280 = ret" [cnn.cpp:280]   --->   Operation 156 'ret' 'ret_ln280' <Predicate = true> <Delay = 0.00>


============================================================
+ Verbose Summary: Binding
============================================================
STG Binding: 
---------------- STG Properties BEGIN ----------------
- Is combinational: 0
- Is one-state seq: 0
- Is datapath-only: 0
- Is pipelined: 0
- Is top level: 0
Port [ Return ] is wired: 1; IO mode=ap_ctrl_hs:ce=0
Port [ output_0]:  wired=1; compound=1; hidden=0; nouse=0; global=0; static=0; extern=0; dir=0; type=1; pingpong=0; private_global=0; MemPort=[13]; IO mode=ap_memory:ce=0
Port [ output_1]:  wired=1; compound=1; hidden=0; nouse=0; global=0; static=0; extern=0; dir=0; type=1; pingpong=0; private_global=0; MemPort=[13]; IO mode=ap_memory:ce=0
Port [ output_2]:  wired=1; compound=1; hidden=0; nouse=0; global=0; static=0; extern=0; dir=0; type=1; pingpong=0; private_global=0; MemPort=[13]; IO mode=ap_memory:ce=0
Port [ output_3]:  wired=1; compound=1; hidden=0; nouse=0; global=0; static=0; extern=0; dir=0; type=1; pingpong=0; private_global=0; MemPort=[13]; IO mode=ap_memory:ce=0
Port [ output_4]:  wired=1; compound=1; hidden=0; nouse=0; global=0; static=0; extern=0; dir=0; type=1; pingpong=0; private_global=0; MemPort=[13]; IO mode=ap_memory:ce=0
Port [ output_5]:  wired=1; compound=1; hidden=0; nouse=0; global=0; static=0; extern=0; dir=0; type=1; pingpong=0; private_global=0; MemPort=[13]; IO mode=ap_memory:ce=0
Port [ output_6]:  wired=1; compound=1; hidden=0; nouse=0; global=0; static=0; extern=0; dir=0; type=1; pingpong=0; private_global=0; MemPort=[13]; IO mode=ap_memory:ce=0
Port [ output_7]:  wired=1; compound=1; hidden=0; nouse=0; global=0; static=0; extern=0; dir=0; type=1; pingpong=0; private_global=0; MemPort=[13]; IO mode=ap_memory:ce=0
Port [ output_8]:  wired=1; compound=1; hidden=0; nouse=0; global=0; static=0; extern=0; dir=0; type=1; pingpong=0; private_global=0; MemPort=[13]; IO mode=ap_memory:ce=0
Port [ output_9]:  wired=1; compound=1; hidden=0; nouse=0; global=0; static=0; extern=0; dir=0; type=1; pingpong=0; private_global=0; MemPort=[13]; IO mode=ap_memory:ce=0
Port [ output_10]:  wired=1; compound=1; hidden=0; nouse=0; global=0; static=0; extern=0; dir=0; type=1; pingpong=0; private_global=0; MemPort=[13]; IO mode=ap_memory:ce=0
Port [ output_11]:  wired=1; compound=1; hidden=0; nouse=0; global=0; static=0; extern=0; dir=0; type=1; pingpong=0; private_global=0; MemPort=[13]; IO mode=ap_memory:ce=0
Port [ output_12]:  wired=1; compound=1; hidden=0; nouse=0; global=0; static=0; extern=0; dir=0; type=1; pingpong=0; private_global=0; MemPort=[13]; IO mode=ap_memory:ce=0
Port [ output_13]:  wired=1; compound=1; hidden=0; nouse=0; global=0; static=0; extern=0; dir=0; type=1; pingpong=0; private_global=0; MemPort=[13]; IO mode=ap_memory:ce=0
Port [ output_14]:  wired=1; compound=1; hidden=0; nouse=0; global=0; static=0; extern=0; dir=0; type=1; pingpong=0; private_global=0; MemPort=[13]; IO mode=ap_memory:ce=0
Port [ output_15]:  wired=1; compound=1; hidden=0; nouse=0; global=0; static=0; extern=0; dir=0; type=1; pingpong=0; private_global=0; MemPort=[13]; IO mode=ap_memory:ce=0
Port [ kernel_output]:  wired=1; compound=1; hidden=0; nouse=0; global=0; static=0; extern=0; dir=1; type=4; pingpong=0; private_global=0; IO mode=m_axi:ce=0
Port [ voutput]:  wired=1; compound=0; hidden=0; nouse=0; global=0; static=0; extern=0; dir=0; type=0; pingpong=0; private_global=0; IO mode=ap_none:ce=0
Port [ d0]:  wired=1; compound=0; hidden=0; nouse=0; global=0; static=0; extern=0; dir=0; type=0; pingpong=0; private_global=0; IO mode=ap_none:ce=0
---------------- STG Properties END ------------------

---------------- Datapath Model BEGIN ----------------

<LifeTime>
<method=bitvector/>
d0_read            (read          ) [ 00000000000000000000000000000000000000000000000000000000000000000000000000]
mul                (bitconcatenate) [ 00000000000000000000000000000000000000000000000000000000000000000000000000]
zext_ln240         (zext          ) [ 00000000000000000000000000000000000000000000000000000000000000000000000000]
mul_ln240          (mul           ) [ 00100000000000000000000000000000000000000000000000000000000000000000000000]
voutput_read       (read          ) [ 00000000000000000000000000000000000000000000000000000000000000000000000000]
zext_ln240_1       (zext          ) [ 00000000000000000000000000000000000000000000000000000000000000000000000000]
add_ln240          (add           ) [ 00000000000000000000000000000000000000000000000000000000000000000000000000]
trunc_ln           (partselect    ) [ 00011100000000000000000000000000000000000000000000000000000000000000000000]
sext_ln240         (sext          ) [ 00000000000000000000000000000000000000000000000000000000000000000000000000]
kernel_output_addr (getelementptr ) [ 00001111111111111111111111111111111111111111111111111111111111111111111111]
empty              (writereq      ) [ 00000000000000000000000000000000000000000000000000000000000000000000000000]
call_ln240         (call          ) [ 00000000000000000000000000000000000000000000000000000000000000000000000000]
specinterface_ln0  (specinterface ) [ 00000000000000000000000000000000000000000000000000000000000000000000000000]
empty_29           (writeresp     ) [ 00000000000000000000000000000000000000000000000000000000000000000000000000]
ret_ln280          (ret           ) [ 00000000000000000000000000000000000000000000000000000000000000000000000000]
</LifeTime>

<model>

<comp_list>
<comp id="0" class="1000" name="output_0">
<pin_list>
<pin id="1" dir="1" index="0" bw="1" slack="0"/>
</pin_list>
<bind>
<StgValue><ssdm name="output_0"/><MemPortTyVec>1 3 </MemPortTyVec>
</StgValue>
</bind>
</comp>

<comp id="2" class="1000" name="output_1">
<pin_list>
<pin id="3" dir="1" index="0" bw="1" slack="0"/>
</pin_list>
<bind>
<StgValue><ssdm name="output_1"/><MemPortTyVec>1 3 </MemPortTyVec>
</StgValue>
</bind>
</comp>

<comp id="4" class="1000" name="output_2">
<pin_list>
<pin id="5" dir="1" index="0" bw="1" slack="0"/>
</pin_list>
<bind>
<StgValue><ssdm name="output_2"/><MemPortTyVec>1 3 </MemPortTyVec>
</StgValue>
</bind>
</comp>

<comp id="6" class="1000" name="output_3">
<pin_list>
<pin id="7" dir="1" index="0" bw="1" slack="0"/>
</pin_list>
<bind>
<StgValue><ssdm name="output_3"/><MemPortTyVec>1 3 </MemPortTyVec>
</StgValue>
</bind>
</comp>

<comp id="8" class="1000" name="output_4">
<pin_list>
<pin id="9" dir="1" index="0" bw="1" slack="0"/>
</pin_list>
<bind>
<StgValue><ssdm name="output_4"/><MemPortTyVec>1 3 </MemPortTyVec>
</StgValue>
</bind>
</comp>

<comp id="10" class="1000" name="output_5">
<pin_list>
<pin id="11" dir="1" index="0" bw="1" slack="0"/>
</pin_list>
<bind>
<StgValue><ssdm name="output_5"/><MemPortTyVec>1 3 </MemPortTyVec>
</StgValue>
</bind>
</comp>

<comp id="12" class="1000" name="output_6">
<pin_list>
<pin id="13" dir="1" index="0" bw="1" slack="0"/>
</pin_list>
<bind>
<StgValue><ssdm name="output_6"/><MemPortTyVec>1 3 </MemPortTyVec>
</StgValue>
</bind>
</comp>

<comp id="14" class="1000" name="output_7">
<pin_list>
<pin id="15" dir="1" index="0" bw="1" slack="0"/>
</pin_list>
<bind>
<StgValue><ssdm name="output_7"/><MemPortTyVec>1 3 </MemPortTyVec>
</StgValue>
</bind>
</comp>

<comp id="16" class="1000" name="output_8">
<pin_list>
<pin id="17" dir="1" index="0" bw="1" slack="0"/>
</pin_list>
<bind>
<StgValue><ssdm name="output_8"/><MemPortTyVec>1 3 </MemPortTyVec>
</StgValue>
</bind>
</comp>

<comp id="18" class="1000" name="output_9">
<pin_list>
<pin id="19" dir="1" index="0" bw="1" slack="0"/>
</pin_list>
<bind>
<StgValue><ssdm name="output_9"/><MemPortTyVec>1 3 </MemPortTyVec>
</StgValue>
</bind>
</comp>

<comp id="20" class="1000" name="output_10">
<pin_list>
<pin id="21" dir="1" index="0" bw="1" slack="0"/>
</pin_list>
<bind>
<StgValue><ssdm name="output_10"/><MemPortTyVec>1 3 </MemPortTyVec>
</StgValue>
</bind>
</comp>

<comp id="22" class="1000" name="output_11">
<pin_list>
<pin id="23" dir="1" index="0" bw="1" slack="0"/>
</pin_list>
<bind>
<StgValue><ssdm name="output_11"/><MemPortTyVec>1 3 </MemPortTyVec>
</StgValue>
</bind>
</comp>

<comp id="24" class="1000" name="output_12">
<pin_list>
<pin id="25" dir="1" index="0" bw="1" slack="0"/>
</pin_list>
<bind>
<StgValue><ssdm name="output_12"/><MemPortTyVec>1 3 </MemPortTyVec>
</StgValue>
</bind>
</comp>

<comp id="26" class="1000" name="output_13">
<pin_list>
<pin id="27" dir="1" index="0" bw="1" slack="0"/>
</pin_list>
<bind>
<StgValue><ssdm name="output_13"/><MemPortTyVec>1 3 </MemPortTyVec>
</StgValue>
</bind>
</comp>

<comp id="28" class="1000" name="output_14">
<pin_list>
<pin id="29" dir="1" index="0" bw="1" slack="0"/>
</pin_list>
<bind>
<StgValue><ssdm name="output_14"/><MemPortTyVec>1 3 </MemPortTyVec>
</StgValue>
</bind>
</comp>

<comp id="30" class="1000" name="output_15">
<pin_list>
<pin id="31" dir="1" index="0" bw="1" slack="0"/>
</pin_list>
<bind>
<StgValue><ssdm name="output_15"/><MemPortTyVec>1 3 </MemPortTyVec>
</StgValue>
</bind>
</comp>

<comp id="32" class="1000" name="kernel_output">
<pin_list>
<pin id="33" dir="1" index="0" bw="1" slack="0"/>
</pin_list>
<bind>
<StgValue><ssdm name="kernel_output"/></StgValue>
</bind>
</comp>

<comp id="34" class="1000" name="voutput">
<pin_list>
<pin id="35" dir="1" index="0" bw="1" slack="0"/>
</pin_list>
<bind>
<StgValue><ssdm name="voutput"/></StgValue>
</bind>
</comp>

<comp id="36" class="1000" name="d0">
<pin_list>
<pin id="37" dir="1" index="0" bw="1" slack="0"/>
</pin_list>
<bind>
<StgValue><ssdm name="d0"/></StgValue>
</bind>
</comp>

<comp id="38" class="1001" name="const_38">
<pin_list>
<pin id="39" dir="1" index="0" bw="1" slack="0"/>
</pin_list>
<bind>
<StgValue><ssdm name="_ssdm_op_Read.ap_auto.i4"/></StgValue>
</bind>
</comp>

<comp id="40" class="1001" name="const_40">
<pin_list>
<pin id="41" dir="1" index="0" bw="1" slack="0"/>
</pin_list>
<bind>
<StgValue><ssdm name="_ssdm_op_BitConcatenate.i8.i4.i4"/></StgValue>
</bind>
</comp>

<comp id="42" class="1001" name="const_42">
<pin_list>
<pin id="43" dir="1" index="0" bw="1" slack="0"/>
</pin_list>
<bind>
<StgValue><ssdm name=""/></StgValue>
</bind>
</comp>

<comp id="44" class="1001" name="const_44">
<pin_list>
<pin id="45" dir="1" index="0" bw="1" slack="0"/>
</pin_list>
<bind>
<StgValue><ssdm name=""/></StgValue>
</bind>
</comp>

<comp id="46" class="1001" name="const_46">
<pin_list>
<pin id="47" dir="1" index="0" bw="1" slack="0"/>
</pin_list>
<bind>
<StgValue><ssdm name="_ssdm_op_Read.ap_auto.i64"/></StgValue>
</bind>
</comp>

<comp id="48" class="1001" name="const_48">
<pin_list>
<pin id="49" dir="1" index="0" bw="1" slack="0"/>
</pin_list>
<bind>
<StgValue><ssdm name="_ssdm_op_PartSelect.i58.i64.i32.i32"/></StgValue>
</bind>
</comp>

<comp id="50" class="1001" name="const_50">
<pin_list>
<pin id="51" dir="1" index="0" bw="1" slack="0"/>
</pin_list>
<bind>
<StgValue><ssdm name=""/></StgValue>
</bind>
</comp>

<comp id="52" class="1001" name="const_52">
<pin_list>
<pin id="53" dir="1" index="0" bw="1" slack="0"/>
</pin_list>
<bind>
<StgValue><ssdm name=""/></StgValue>
</bind>
</comp>

<comp id="54" class="1001" name="const_54">
<pin_list>
<pin id="55" dir="1" index="0" bw="1" slack="0"/>
</pin_list>
<bind>
<StgValue><ssdm name="_ssdm_op_WriteReq.m_axi.p1i512"/></StgValue>
</bind>
</comp>

<comp id="56" class="1001" name="const_56">
<pin_list>
<pin id="57" dir="1" index="0" bw="1" slack="0"/>
</pin_list>
<bind>
<StgValue><ssdm name=""/></StgValue>
</bind>
</comp>

<comp id="58" class="1001" name="const_58">
<pin_list>
<pin id="59" dir="1" index="0" bw="1" slack="0"/>
</pin_list>
<bind>
<StgValue><ssdm name="store_output_S0_Pipeline_VITIS_LOOP_240_1_VITIS_LOOP_241_2_VITIS_LOOP_242_3"/></StgValue>
</bind>
</comp>

<comp id="60" class="1001" name="const_60">
<pin_list>
<pin id="61" dir="1" index="0" bw="1" slack="0"/>
</pin_list>
<bind>
<StgValue><ssdm name="_ssdm_op_WriteResp.m_axi.p1i512"/></StgValue>
</bind>
</comp>

<comp id="62" class="1001" name="const_62">
<pin_list>
<pin id="63" dir="1" index="0" bw="1" slack="2147483647"/>
</pin_list>
<bind>
<StgValue><ssdm name="_ssdm_op_SpecInterface"/></StgValue>
</bind>
</comp>

<comp id="64" class="1001" name="const_64">
<pin_list>
<pin id="65" dir="1" index="0" bw="1" slack="2147483647"/>
</pin_list>
<bind>
<StgValue><ssdm name="empty_16"/></StgValue>
</bind>
</comp>

<comp id="66" class="1001" name="const_66">
<pin_list>
<pin id="67" dir="1" index="0" bw="1" slack="2147483647"/>
</pin_list>
<bind>
<StgValue><ssdm name=""/></StgValue>
</bind>
</comp>

<comp id="68" class="1001" name="const_68">
<pin_list>
<pin id="69" dir="1" index="0" bw="1" slack="2147483647"/>
</pin_list>
<bind>
<StgValue><ssdm name="empty_10"/></StgValue>
</bind>
</comp>

<comp id="70" class="1001" name="const_70">
<pin_list>
<pin id="71" dir="1" index="0" bw="1" slack="2147483647"/>
</pin_list>
<bind>
<StgValue><ssdm name=""/></StgValue>
</bind>
</comp>

<comp id="72" class="1001" name="const_72">
<pin_list>
<pin id="73" dir="1" index="0" bw="1" slack="2147483647"/>
</pin_list>
<bind>
<StgValue><ssdm name="empty_9"/></StgValue>
</bind>
</comp>

<comp id="74" class="1001" name="const_74">
<pin_list>
<pin id="75" dir="1" index="0" bw="1" slack="2147483647"/>
</pin_list>
<bind>
<StgValue><ssdm name="empty_7"/></StgValue>
</bind>
</comp>

<comp id="76" class="1001" name="const_76">
<pin_list>
<pin id="77" dir="1" index="0" bw="1" slack="2147483647"/>
</pin_list>
<bind>
<StgValue><ssdm name=""/></StgValue>
</bind>
</comp>

<comp id="78" class="1001" name="const_78">
<pin_list>
<pin id="79" dir="1" index="0" bw="1" slack="2147483647"/>
</pin_list>
<bind>
<StgValue><ssdm name=""/></StgValue>
</bind>
</comp>

<comp id="80" class="1004" name="d0_read_read_fu_80">
<pin_list>
<pin id="81" dir="0" index="0" bw="4" slack="0"/>
<pin id="82" dir="0" index="1" bw="4" slack="0"/>
<pin id="83" dir="1" index="2" bw="4" slack="0"/>
</pin_list>
<bind>
<opcode="read(1150) " fcode="read"/>
<opset="d0_read/1 "/>
</bind>
</comp>

<comp id="86" class="1004" name="voutput_read_read_fu_86">
<pin_list>
<pin id="87" dir="0" index="0" bw="64" slack="0"/>
<pin id="88" dir="0" index="1" bw="64" slack="0"/>
<pin id="89" dir="1" index="2" bw="64" slack="0"/>
</pin_list>
<bind>
<opcode="read(1150) " fcode="read"/>
<opset="voutput_read/2 "/>
</bind>
</comp>

<comp id="92" class="1004" name="grp_writeresp_fu_92">
<pin_list>
<pin id="93" dir="0" index="0" bw="1" slack="0"/>
<pin id="94" dir="0" index="1" bw="512" slack="0"/>
<pin id="95" dir="0" index="2" bw="17" slack="0"/>
<pin id="96" dir="1" index="3" bw="1" slack="2147483647"/>
</pin_list>
<bind>
<opcode="writereq(1155) writeresp(1158) " fcode="writeresp"/>
<opset="empty/3 empty_29/6 "/>
</bind>
</comp>

<comp id="100" class="1004" name="grp_store_output_S0_Pipeline_VITIS_LOOP_240_1_VITIS_LOOP_241_2_VITIS_LOOP_242_3_fu_100">
<pin_list>
<pin id="101" dir="0" index="0" bw="0" slack="0"/>
<pin id="102" dir="0" index="1" bw="512" slack="0"/>
<pin id="103" dir="0" index="2" bw="58" slack="2"/>
<pin id="104" dir="0" index="3" bw="32" slack="0"/>
<pin id="105" dir="0" index="4" bw="32" slack="0"/>
<pin id="106" dir="0" index="5" bw="32" slack="0"/>
<pin id="107" dir="0" index="6" bw="32" slack="0"/>
<pin id="108" dir="0" index="7" bw="32" slack="0"/>
<pin id="109" dir="0" index="8" bw="32" slack="0"/>
<pin id="110" dir="0" index="9" bw="32" slack="0"/>
<pin id="111" dir="0" index="10" bw="32" slack="0"/>
<pin id="112" dir="0" index="11" bw="32" slack="0"/>
<pin id="113" dir="0" index="12" bw="32" slack="0"/>
<pin id="114" dir="0" index="13" bw="32" slack="0"/>
<pin id="115" dir="0" index="14" bw="32" slack="0"/>
<pin id="116" dir="0" index="15" bw="32" slack="0"/>
<pin id="117" dir="0" index="16" bw="32" slack="0"/>
<pin id="118" dir="0" index="17" bw="32" slack="0"/>
<pin id="119" dir="0" index="18" bw="32" slack="0"/>
<pin id="120" dir="1" index="19" bw="0" slack="2147483647"/>
</pin_list>
<bind>
<opcode="call(48) " fcode="call"/>
<opset="call_ln240/4 "/>
</bind>
</comp>

<comp id="139" class="1004" name="mul_fu_139">
<pin_list>
<pin id="140" dir="0" index="0" bw="8" slack="0"/>
<pin id="141" dir="0" index="1" bw="4" slack="0"/>
<pin id="142" dir="0" index="2" bw="1" slack="0"/>
<pin id="143" dir="1" index="3" bw="8" slack="0"/>
</pin_list>
<bind>
<opcode="bitconcatenate(1004) " fcode="bitconcatenate"/>
<opset="mul/1 "/>
</bind>
</comp>

<comp id="147" class="1004" name="zext_ln240_fu_147">
<pin_list>
<pin id="148" dir="0" index="0" bw="8" slack="0"/>
<pin id="149" dir="1" index="1" bw="26" slack="0"/>
</pin_list>
<bind>
<opcode="zext(34) " fcode="zext"/>
<opset="zext_ln240/1 "/>
</bind>
</comp>

<comp id="151" class="1004" name="mul_ln240_fu_151">
<pin_list>
<pin id="152" dir="0" index="0" bw="8" slack="0"/>
<pin id="153" dir="0" index="1" bw="19" slack="0"/>
<pin id="154" dir="1" index="2" bw="26" slack="1"/>
</pin_list>
<bind>
<opcode="mul(12) " fcode="mul"/>
<opset="mul_ln240/1 "/>
</bind>
</comp>

<comp id="157" class="1004" name="zext_ln240_1_fu_157">
<pin_list>
<pin id="158" dir="0" index="0" bw="26" slack="1"/>
<pin id="159" dir="1" index="1" bw="64" slack="0"/>
</pin_list>
<bind>
<opcode="zext(34) " fcode="zext"/>
<opset="zext_ln240_1/2 "/>
</bind>
</comp>

<comp id="160" class="1004" name="add_ln240_fu_160">
<pin_list>
<pin id="161" dir="0" index="0" bw="26" slack="0"/>
<pin id="162" dir="0" index="1" bw="64" slack="0"/>
<pin id="163" dir="1" index="2" bw="64" slack="0"/>
</pin_list>
<bind>
<opcode="add(8) " fcode="add"/>
<opset="add_ln240/2 "/>
</bind>
</comp>

<comp id="166" class="1004" name="trunc_ln_fu_166">
<pin_list>
<pin id="167" dir="0" index="0" bw="58" slack="0"/>
<pin id="168" dir="0" index="1" bw="64" slack="0"/>
<pin id="169" dir="0" index="2" bw="4" slack="0"/>
<pin id="170" dir="0" index="3" bw="7" slack="0"/>
<pin id="171" dir="1" index="4" bw="58" slack="1"/>
</pin_list>
<bind>
<opcode="partselect(1002) " fcode="partselect"/>
<opset="trunc_ln/2 "/>
</bind>
</comp>

<comp id="176" class="1004" name="sext_ln240_fu_176">
<pin_list>
<pin id="177" dir="0" index="0" bw="58" slack="1"/>
<pin id="178" dir="1" index="1" bw="64" slack="0"/>
</pin_list>
<bind>
<opcode="sext(35) " fcode="sext"/>
<opset="sext_ln240/3 "/>
</bind>
</comp>

<comp id="179" class="1004" name="kernel_output_addr_fu_179">
<pin_list>
<pin id="180" dir="0" index="0" bw="64" slack="0"/>
<pin id="181" dir="0" index="1" bw="64" slack="0"/>
<pin id="182" dir="1" index="2" bw="64" slack="0"/>
</pin_list>
<bind>
<opcode="getelementptr(29) " fcode="getelementptr"/>
<opset="kernel_output_addr/3 "/>
</bind>
</comp>

<comp id="186" class="1005" name="mul_ln240_reg_186">
<pin_list>
<pin id="187" dir="0" index="0" bw="26" slack="1"/>
<pin id="188" dir="1" index="1" bw="26" slack="1"/>
</pin_list>
<bind>
<opset="mul_ln240 "/>
</bind>
</comp>

<comp id="191" class="1005" name="trunc_ln_reg_191">
<pin_list>
<pin id="192" dir="0" index="0" bw="58" slack="1"/>
<pin id="193" dir="1" index="1" bw="58" slack="1"/>
</pin_list>
<bind>
<opset="trunc_ln "/>
</bind>
</comp>

<comp id="197" class="1005" name="kernel_output_addr_reg_197">
<pin_list>
<pin id="198" dir="0" index="0" bw="512" slack="3"/>
<pin id="199" dir="1" index="1" bw="512" slack="3"/>
</pin_list>
<bind>
<opset="kernel_output_addr "/>
</bind>
</comp>

</comp_list>

<net_list>
<net id="84"><net_src comp="38" pin="0"/><net_sink comp="80" pin=0"/></net>

<net id="85"><net_src comp="36" pin="0"/><net_sink comp="80" pin=1"/></net>

<net id="90"><net_src comp="46" pin="0"/><net_sink comp="86" pin=0"/></net>

<net id="91"><net_src comp="34" pin="0"/><net_sink comp="86" pin=1"/></net>

<net id="97"><net_src comp="54" pin="0"/><net_sink comp="92" pin=0"/></net>

<net id="98"><net_src comp="56" pin="0"/><net_sink comp="92" pin=2"/></net>

<net id="99"><net_src comp="60" pin="0"/><net_sink comp="92" pin=0"/></net>

<net id="121"><net_src comp="58" pin="0"/><net_sink comp="100" pin=0"/></net>

<net id="122"><net_src comp="32" pin="0"/><net_sink comp="100" pin=1"/></net>

<net id="123"><net_src comp="0" pin="0"/><net_sink comp="100" pin=3"/></net>

<net id="124"><net_src comp="2" pin="0"/><net_sink comp="100" pin=4"/></net>

<net id="125"><net_src comp="4" pin="0"/><net_sink comp="100" pin=5"/></net>

<net id="126"><net_src comp="6" pin="0"/><net_sink comp="100" pin=6"/></net>

<net id="127"><net_src comp="8" pin="0"/><net_sink comp="100" pin=7"/></net>

<net id="128"><net_src comp="10" pin="0"/><net_sink comp="100" pin=8"/></net>

<net id="129"><net_src comp="12" pin="0"/><net_sink comp="100" pin=9"/></net>

<net id="130"><net_src comp="14" pin="0"/><net_sink comp="100" pin=10"/></net>

<net id="131"><net_src comp="16" pin="0"/><net_sink comp="100" pin=11"/></net>

<net id="132"><net_src comp="18" pin="0"/><net_sink comp="100" pin=12"/></net>

<net id="133"><net_src comp="20" pin="0"/><net_sink comp="100" pin=13"/></net>

<net id="134"><net_src comp="22" pin="0"/><net_sink comp="100" pin=14"/></net>

<net id="135"><net_src comp="24" pin="0"/><net_sink comp="100" pin=15"/></net>

<net id="136"><net_src comp="26" pin="0"/><net_sink comp="100" pin=16"/></net>

<net id="137"><net_src comp="28" pin="0"/><net_sink comp="100" pin=17"/></net>

<net id="138"><net_src comp="30" pin="0"/><net_sink comp="100" pin=18"/></net>

<net id="144"><net_src comp="40" pin="0"/><net_sink comp="139" pin=0"/></net>

<net id="145"><net_src comp="80" pin="2"/><net_sink comp="139" pin=1"/></net>

<net id="146"><net_src comp="42" pin="0"/><net_sink comp="139" pin=2"/></net>

<net id="150"><net_src comp="139" pin="3"/><net_sink comp="147" pin=0"/></net>

<net id="155"><net_src comp="147" pin="1"/><net_sink comp="151" pin=0"/></net>

<net id="156"><net_src comp="44" pin="0"/><net_sink comp="151" pin=1"/></net>

<net id="164"><net_src comp="157" pin="1"/><net_sink comp="160" pin=0"/></net>

<net id="165"><net_src comp="86" pin="2"/><net_sink comp="160" pin=1"/></net>

<net id="172"><net_src comp="48" pin="0"/><net_sink comp="166" pin=0"/></net>

<net id="173"><net_src comp="160" pin="2"/><net_sink comp="166" pin=1"/></net>

<net id="174"><net_src comp="50" pin="0"/><net_sink comp="166" pin=2"/></net>

<net id="175"><net_src comp="52" pin="0"/><net_sink comp="166" pin=3"/></net>

<net id="183"><net_src comp="32" pin="0"/><net_sink comp="179" pin=0"/></net>

<net id="184"><net_src comp="176" pin="1"/><net_sink comp="179" pin=1"/></net>

<net id="185"><net_src comp="179" pin="2"/><net_sink comp="92" pin=1"/></net>

<net id="189"><net_src comp="151" pin="2"/><net_sink comp="186" pin=0"/></net>

<net id="190"><net_src comp="186" pin="1"/><net_sink comp="157" pin=0"/></net>

<net id="194"><net_src comp="166" pin="4"/><net_sink comp="191" pin=0"/></net>

<net id="195"><net_src comp="191" pin="1"/><net_sink comp="176" pin=0"/></net>

<net id="196"><net_src comp="191" pin="1"/><net_sink comp="100" pin=2"/></net>

<net id="200"><net_src comp="179" pin="2"/><net_sink comp="197" pin=0"/></net>

<net id="201"><net_src comp="197" pin="1"/><net_sink comp="92" pin=1"/></net>

</net_list>

</model> 
---------------- Datapath Model END ------------------

* FSMD analyzer results:
  - Output states:
	Port: output_0 | {}
	Port: output_1 | {}
	Port: output_2 | {}
	Port: output_3 | {}
	Port: output_4 | {}
	Port: output_5 | {}
	Port: output_6 | {}
	Port: output_7 | {}
	Port: output_8 | {}
	Port: output_9 | {}
	Port: output_10 | {}
	Port: output_11 | {}
	Port: output_12 | {}
	Port: output_13 | {}
	Port: output_14 | {}
	Port: output_15 | {}
	Port: kernel_output | {3 4 5 6 7 8 9 10 11 12 13 14 15 16 17 18 19 20 21 22 23 24 25 26 27 28 29 30 31 32 33 34 35 36 37 38 39 40 41 42 43 44 45 46 47 48 49 50 51 52 53 54 55 56 57 58 59 60 61 62 63 64 65 66 67 68 69 70 71 72 73 }
 - Input state : 
	Port: store_output_S0 : output_0 | {4 5 }
	Port: store_output_S0 : output_1 | {4 5 }
	Port: store_output_S0 : output_2 | {4 5 }
	Port: store_output_S0 : output_3 | {4 5 }
	Port: store_output_S0 : output_4 | {4 5 }
	Port: store_output_S0 : output_5 | {4 5 }
	Port: store_output_S0 : output_6 | {4 5 }
	Port: store_output_S0 : output_7 | {4 5 }
	Port: store_output_S0 : output_8 | {4 5 }
	Port: store_output_S0 : output_9 | {4 5 }
	Port: store_output_S0 : output_10 | {4 5 }
	Port: store_output_S0 : output_11 | {4 5 }
	Port: store_output_S0 : output_12 | {4 5 }
	Port: store_output_S0 : output_13 | {4 5 }
	Port: store_output_S0 : output_14 | {4 5 }
	Port: store_output_S0 : output_15 | {4 5 }
	Port: store_output_S0 : kernel_output | {}
	Port: store_output_S0 : voutput | {2 }
	Port: store_output_S0 : d0 | {1 }
  - Chain level:
	State 1
		zext_ln240 : 1
		mul_ln240 : 2
	State 2
		add_ln240 : 1
		trunc_ln : 2
	State 3
		kernel_output_addr : 1
		empty : 2
	State 4
	State 5
	State 6
	State 7
	State 8
	State 9
	State 10
	State 11
	State 12
	State 13
	State 14
	State 15
	State 16
	State 17
	State 18
	State 19
	State 20
	State 21
	State 22
	State 23
	State 24
	State 25
	State 26
	State 27
	State 28
	State 29
	State 30
	State 31
	State 32
	State 33
	State 34
	State 35
	State 36
	State 37
	State 38
	State 39
	State 40
	State 41
	State 42
	State 43
	State 44
	State 45
	State 46
	State 47
	State 48
	State 49
	State 50
	State 51
	State 52
	State 53
	State 54
	State 55
	State 56
	State 57
	State 58
	State 59
	State 60
	State 61
	State 62
	State 63
	State 64
	State 65
	State 66
	State 67
	State 68
	State 69
	State 70
	State 71
	State 72
	State 73


============================================================
+ Verbose Summary: Datapath Resource usage 
============================================================

* Functional unit list:
|----------|----------------------------------------------------------------------------------------|---------|---------|---------|---------|
| Operation|                                     Functional Unit                                    |   DSP   |  Delay  |    FF   |   LUT   |
|----------|----------------------------------------------------------------------------------------|---------|---------|---------|---------|
|   call   | grp_store_output_S0_Pipeline_VITIS_LOOP_240_1_VITIS_LOOP_241_2_VITIS_LOOP_242_3_fu_100 |    0    |  6.192  |   909   |   418   |
|----------|----------------------------------------------------------------------------------------|---------|---------|---------|---------|
|    add   |                                    add_ln240_fu_160                                    |    0    |    0    |    0    |    71   |
|----------|----------------------------------------------------------------------------------------|---------|---------|---------|---------|
|    mul   |                                    mul_ln240_fu_151                                    |    1    |    0    |    0    |    6    |
|----------|----------------------------------------------------------------------------------------|---------|---------|---------|---------|
|   read   |                                   d0_read_read_fu_80                                   |    0    |    0    |    0    |    0    |
|          |                                 voutput_read_read_fu_86                                |    0    |    0    |    0    |    0    |
|----------|----------------------------------------------------------------------------------------|---------|---------|---------|---------|
| writeresp|                                   grp_writeresp_fu_92                                  |    0    |    0    |    0    |    0    |
|----------|----------------------------------------------------------------------------------------|---------|---------|---------|---------|
|bitconcatenate|                                       mul_fu_139                                       |    0    |    0    |    0    |    0    |
|----------|----------------------------------------------------------------------------------------|---------|---------|---------|---------|
|   zext   |                                    zext_ln240_fu_147                                   |    0    |    0    |    0    |    0    |
|          |                                   zext_ln240_1_fu_157                                  |    0    |    0    |    0    |    0    |
|----------|----------------------------------------------------------------------------------------|---------|---------|---------|---------|
|partselect|                                     trunc_ln_fu_166                                    |    0    |    0    |    0    |    0    |
|----------|----------------------------------------------------------------------------------------|---------|---------|---------|---------|
|   sext   |                                    sext_ln240_fu_176                                   |    0    |    0    |    0    |    0    |
|----------|----------------------------------------------------------------------------------------|---------|---------|---------|---------|
|   Total  |                                                                                        |    1    |  6.192  |   909   |   495   |
|----------|----------------------------------------------------------------------------------------|---------|---------|---------|---------|

Memories:
N/A

* Register list:
+--------------------------+--------+
|                          |   FF   |
+--------------------------+--------+
|kernel_output_addr_reg_197|   512  |
|     mul_ln240_reg_186    |   26   |
|     trunc_ln_reg_191     |   58   |
+--------------------------+--------+
|           Total          |   596  |
+--------------------------+--------+

* Multiplexer (MUX) list: 
|---------------------|------|------|------|--------||---------||---------|
|         Comp        |  Pin | Size |  BW  | S x BW ||  Delay  ||   LUT   |
|---------------------|------|------|------|--------||---------||---------|
| grp_writeresp_fu_92 |  p0  |   2  |   1  |    2   |
| grp_writeresp_fu_92 |  p1  |   2  |  512 |  1024  ||    9    |
|---------------------|------|------|------|--------||---------||---------|
|        Total        |      |      |      |  1026  ||  0.774  ||    9    |
|---------------------|------|------|------|--------||---------||---------|



* Summary:
+-----------+--------+--------+--------+--------+
|           |   DSP  |  Delay |   FF   |   LUT  |
+-----------+--------+--------+--------+--------+
|  Function |    1   |    6   |   909  |   495  |
|   Memory  |    -   |    -   |    -   |    -   |
|Multiplexer|    -   |    0   |    -   |    9   |
|  Register |    -   |    -   |   596  |    -   |
+-----------+--------+--------+--------+--------+
|   Total   |    1   |    6   |  1505  |   504  |
+-----------+--------+--------+--------+--------+
