

================================================================
== Vitis HLS Report for 'store_output_S0'
================================================================
* Date:           Thu May 29 05:43:15 2025

* Version:        2023.2 (Build 4023990 on Oct 11 2023)
* Project:        cnn.prj
* Solution:       solution (Vitis Kernel Flow Target)
* Product family: virtexuplus
* Target device:  xcu200-fsgd2104-2-e


================================================================
== Performance Estimates
================================================================
+ Timing: 
    * Summary: 
    +--------+---------+----------+------------+
    |  Clock |  Target | Estimated| Uncertainty|
    +--------+---------+----------+------------+
    |ap_clk  |  4.00 ns|  2.920 ns|     1.08 ns|
    +--------+---------+----------+------------+

+ Latency: 
    * Summary: 
    +---------+---------+----------+----------+--------+--------+---------+
    |  Latency (cycles) |  Latency (absolute) |     Interval    | Pipeline|
    |   min   |   max   |    min   |    max   |   min  |   max  |   Type  |
    +---------+---------+----------+----------+--------+--------+---------+
    |   200780|   200780|  0.803 ms|  0.803 ms|  200780|  200780|       no|
    +---------+---------+----------+----------+--------+--------+---------+

    + Detail: 
        * Instance: 
        N/A

        * Loop: 
        N/A

============================================================
+ Verbose Summary: Synthesis Manager
============================================================
InlineROM: 1
ExposeGlobal: 0
============================================================
+ Verbose Summary: CDFG Model
============================================================
IsTopModel: 0
ResetActiveHigh: 1
IsCombinational: 0
IsDatapathOnly: 0
HasWiredReturn: 1
HasMFsm: 0
HasVarLatency: 1
IsPipeline: 0
IsRtlPipelined: 0
IsInstanceOverlapped: 0
IsDontTouch: 0
HasImplIP: 0
IsGatedGlobalClock: 0


============================================================
+ Verbose Summary: Schedule
============================================================
* Number of FSM states : 73
* Pipeline : 0
* Dataflow Pipeline: 0

* FSM state transitions: 
1 --> 2 
2 --> 3 
3 --> 4 
4 --> 5 
5 --> 6 
6 --> 7 
7 --> 8 
8 --> 9 
9 --> 10 
10 --> 11 
11 --> 12 
12 --> 13 
13 --> 14 
14 --> 15 
15 --> 16 
16 --> 17 
17 --> 18 
18 --> 19 
19 --> 20 
20 --> 21 
21 --> 22 
22 --> 23 
23 --> 24 
24 --> 25 
25 --> 26 
26 --> 27 
27 --> 28 
28 --> 29 
29 --> 30 
30 --> 31 
31 --> 32 
32 --> 33 
33 --> 34 
34 --> 35 
35 --> 36 
36 --> 37 
37 --> 38 
38 --> 39 
39 --> 40 
40 --> 41 
41 --> 42 
42 --> 43 
43 --> 44 
44 --> 45 
45 --> 46 
46 --> 47 
47 --> 48 
48 --> 49 
49 --> 50 
50 --> 51 
51 --> 52 
52 --> 53 
53 --> 54 
54 --> 55 
55 --> 56 
56 --> 57 
57 --> 58 
58 --> 59 
59 --> 60 
60 --> 61 
61 --> 62 
62 --> 63 
63 --> 64 
64 --> 65 
65 --> 66 
66 --> 67 
67 --> 68 
68 --> 69 
69 --> 70 
70 --> 71 
71 --> 72 
72 --> 73 
73 --> 

* FSM state operations: 

State 1 <SV = 0> <Delay = 2.08>
ST_1 : Operation 74 [1/1] (0.00ns)   --->   "%d0_read = read i4 @_ssdm_op_Read.ap_auto.i4, i4 %d0" [cnn.cpp:793]   --->   Operation 74 'read' 'd0_read' <Predicate = true> <Delay = 0.00>
ST_1 : Operation 75 [1/1] (0.00ns)   --->   "%mul = bitconcatenate i8 @_ssdm_op_BitConcatenate.i8.i4.i4, i4 %d0_read, i4 0" [cnn.cpp:793]   --->   Operation 75 'bitconcatenate' 'mul' <Predicate = true> <Delay = 0.00>
ST_1 : Operation 76 [1/1] (0.00ns)   --->   "%zext_ln804 = zext i8 %mul" [cnn.cpp:804]   --->   Operation 76 'zext' 'zext_ln804' <Predicate = true> <Delay = 0.00>
ST_1 : Operation 77 [1/1] (2.08ns)   --->   "%mul_ln804 = mul i26 %zext_ln804, i26 200704" [cnn.cpp:804]   --->   Operation 77 'mul' 'mul_ln804' <Predicate = true> <Delay = 2.08> <CoreInst = "Multiplier">   --->   Core 3 'Multiplier' <Latency = 0> <II = 1> <Delay = 2.08> <FuncUnit> <Opcode : 'mul'> <InPorts = 2> <OutPorts = 1>

State 2 <SV = 1> <Delay = 1.14>
ST_2 : Operation 78 [1/1] (0.00ns)   --->   "%voutput_read = read i64 @_ssdm_op_Read.ap_auto.i64, i64 %voutput" [cnn.cpp:793]   --->   Operation 78 'read' 'voutput_read' <Predicate = true> <Delay = 0.00>
ST_2 : Operation 79 [1/1] (0.00ns)   --->   "%zext_ln804_1 = zext i26 %mul_ln804" [cnn.cpp:804]   --->   Operation 79 'zext' 'zext_ln804_1' <Predicate = true> <Delay = 0.00>
ST_2 : Operation 80 [1/1] (1.14ns)   --->   "%add_ln804 = add i64 %zext_ln804_1, i64 %voutput_read" [cnn.cpp:804]   --->   Operation 80 'add' 'add_ln804' <Predicate = true> <Delay = 1.14> <CoreInst = "Adder">   --->   Core 1 'Adder' <Latency = 0> <II = 1> <Delay = 1.14> <FuncUnit> <Opcode : 'add' 'sub'> <InPorts = 2> <OutPorts = 1>
ST_2 : Operation 81 [1/1] (0.00ns)   --->   "%trunc_ln804_1 = partselect i58 @_ssdm_op_PartSelect.i58.i64.i32.i32, i64 %add_ln804, i32 6, i32 63" [cnn.cpp:804]   --->   Operation 81 'partselect' 'trunc_ln804_1' <Predicate = true> <Delay = 0.00>

State 3 <SV = 2> <Delay = 2.92>
ST_3 : Operation 82 [1/1] (0.00ns)   --->   "%sext_ln804 = sext i58 %trunc_ln804_1" [cnn.cpp:804]   --->   Operation 82 'sext' 'sext_ln804' <Predicate = true> <Delay = 0.00>
ST_3 : Operation 83 [1/1] (0.00ns)   --->   "%kernel_output_addr = getelementptr i512 %kernel_output, i64 %sext_ln804" [cnn.cpp:804]   --->   Operation 83 'getelementptr' 'kernel_output_addr' <Predicate = true> <Delay = 0.00>
ST_3 : Operation 84 [1/1] (2.92ns)   --->   "%empty = writereq i1 @_ssdm_op_WriteReq.m_axi.p1i512, i512 %kernel_output_addr, i32 50176" [cnn.cpp:804]   --->   Operation 84 'writereq' 'empty' <Predicate = true> <Delay = 2.92> <CoreInst = "m_axi">   --->   Core 121 'm_axi' <Latency = 0> <II = 1> <Delay = 1.00> <Adapter> <Opcode : 'read' 'write' 'readreq' 'writereq' 'writeresp'>

State 4 <SV = 3> <Delay = 0.00>
ST_4 : Operation 85 [2/2] (0.00ns)   --->   "%call_ln804 = call void @store_output_S0_Pipeline_VITIS_LOOP_804_1_VITIS_LOOP_805_2_VITIS_LOOP_806_3, i512 %kernel_output, i58 %trunc_ln804_1, i32 %output_0_0, i32 %output_0_1, i32 %output_1_0, i32 %output_1_1, i32 %output_2_0, i32 %output_2_1, i32 %output_3_0, i32 %output_3_1, i32 %output_4_0, i32 %output_4_1, i32 %output_5_0, i32 %output_5_1, i32 %output_6_0, i32 %output_6_1, i32 %output_7_0, i32 %output_7_1, i32 %output_8_0, i32 %output_8_1, i32 %output_9_0, i32 %output_9_1, i32 %output_10_0, i32 %output_10_1, i32 %output_11_0, i32 %output_11_1, i32 %output_12_0, i32 %output_12_1, i32 %output_13_0, i32 %output_13_1, i32 %output_14_0, i32 %output_14_1, i32 %output_15_0, i32 %output_15_1" [cnn.cpp:804]   --->   Operation 85 'call' 'call_ln804' <Predicate = true> <Delay = 0.00> <CoreType = "Generic">   --->   Core 0 '' <Latency = 0> <II = 1> <Delay = 1.00> <Generic> <Opcode : >

State 5 <SV = 4> <Delay = 0.00>
ST_5 : Operation 86 [1/2] (0.00ns)   --->   "%call_ln804 = call void @store_output_S0_Pipeline_VITIS_LOOP_804_1_VITIS_LOOP_805_2_VITIS_LOOP_806_3, i512 %kernel_output, i58 %trunc_ln804_1, i32 %output_0_0, i32 %output_0_1, i32 %output_1_0, i32 %output_1_1, i32 %output_2_0, i32 %output_2_1, i32 %output_3_0, i32 %output_3_1, i32 %output_4_0, i32 %output_4_1, i32 %output_5_0, i32 %output_5_1, i32 %output_6_0, i32 %output_6_1, i32 %output_7_0, i32 %output_7_1, i32 %output_8_0, i32 %output_8_1, i32 %output_9_0, i32 %output_9_1, i32 %output_10_0, i32 %output_10_1, i32 %output_11_0, i32 %output_11_1, i32 %output_12_0, i32 %output_12_1, i32 %output_13_0, i32 %output_13_1, i32 %output_14_0, i32 %output_14_1, i32 %output_15_0, i32 %output_15_1" [cnn.cpp:804]   --->   Operation 86 'call' 'call_ln804' <Predicate = true> <Delay = 0.00> <CoreType = "Generic">   --->   Core 0 '' <Latency = 0> <II = 1> <Delay = 1.00> <Generic> <Opcode : >

State 6 <SV = 5> <Delay = 2.92>
ST_6 : Operation 87 [68/68] (2.92ns)   --->   "%empty_33 = writeresp i1 @_ssdm_op_WriteResp.m_axi.p1i512, i512 %kernel_output_addr" [cnn.cpp:844]   --->   Operation 87 'writeresp' 'empty_33' <Predicate = true> <Delay = 2.92> <CoreInst = "m_axi">   --->   Core 121 'm_axi' <Latency = 0> <II = 1> <Delay = 1.00> <Adapter> <Opcode : 'read' 'write' 'readreq' 'writereq' 'writeresp'>

State 7 <SV = 6> <Delay = 2.92>
ST_7 : Operation 88 [67/68] (2.92ns)   --->   "%empty_33 = writeresp i1 @_ssdm_op_WriteResp.m_axi.p1i512, i512 %kernel_output_addr" [cnn.cpp:844]   --->   Operation 88 'writeresp' 'empty_33' <Predicate = true> <Delay = 2.92> <CoreInst = "m_axi">   --->   Core 121 'm_axi' <Latency = 0> <II = 1> <Delay = 1.00> <Adapter> <Opcode : 'read' 'write' 'readreq' 'writereq' 'writeresp'>

State 8 <SV = 7> <Delay = 2.92>
ST_8 : Operation 89 [66/68] (2.92ns)   --->   "%empty_33 = writeresp i1 @_ssdm_op_WriteResp.m_axi.p1i512, i512 %kernel_output_addr" [cnn.cpp:844]   --->   Operation 89 'writeresp' 'empty_33' <Predicate = true> <Delay = 2.92> <CoreInst = "m_axi">   --->   Core 121 'm_axi' <Latency = 0> <II = 1> <Delay = 1.00> <Adapter> <Opcode : 'read' 'write' 'readreq' 'writereq' 'writeresp'>

State 9 <SV = 8> <Delay = 2.92>
ST_9 : Operation 90 [65/68] (2.92ns)   --->   "%empty_33 = writeresp i1 @_ssdm_op_WriteResp.m_axi.p1i512, i512 %kernel_output_addr" [cnn.cpp:844]   --->   Operation 90 'writeresp' 'empty_33' <Predicate = true> <Delay = 2.92> <CoreInst = "m_axi">   --->   Core 121 'm_axi' <Latency = 0> <II = 1> <Delay = 1.00> <Adapter> <Opcode : 'read' 'write' 'readreq' 'writereq' 'writeresp'>

State 10 <SV = 9> <Delay = 2.92>
ST_10 : Operation 91 [64/68] (2.92ns)   --->   "%empty_33 = writeresp i1 @_ssdm_op_WriteResp.m_axi.p1i512, i512 %kernel_output_addr" [cnn.cpp:844]   --->   Operation 91 'writeresp' 'empty_33' <Predicate = true> <Delay = 2.92> <CoreInst = "m_axi">   --->   Core 121 'm_axi' <Latency = 0> <II = 1> <Delay = 1.00> <Adapter> <Opcode : 'read' 'write' 'readreq' 'writereq' 'writeresp'>

State 11 <SV = 10> <Delay = 2.92>
ST_11 : Operation 92 [63/68] (2.92ns)   --->   "%empty_33 = writeresp i1 @_ssdm_op_WriteResp.m_axi.p1i512, i512 %kernel_output_addr" [cnn.cpp:844]   --->   Operation 92 'writeresp' 'empty_33' <Predicate = true> <Delay = 2.92> <CoreInst = "m_axi">   --->   Core 121 'm_axi' <Latency = 0> <II = 1> <Delay = 1.00> <Adapter> <Opcode : 'read' 'write' 'readreq' 'writereq' 'writeresp'>

State 12 <SV = 11> <Delay = 2.92>
ST_12 : Operation 93 [62/68] (2.92ns)   --->   "%empty_33 = writeresp i1 @_ssdm_op_WriteResp.m_axi.p1i512, i512 %kernel_output_addr" [cnn.cpp:844]   --->   Operation 93 'writeresp' 'empty_33' <Predicate = true> <Delay = 2.92> <CoreInst = "m_axi">   --->   Core 121 'm_axi' <Latency = 0> <II = 1> <Delay = 1.00> <Adapter> <Opcode : 'read' 'write' 'readreq' 'writereq' 'writeresp'>

State 13 <SV = 12> <Delay = 2.92>
ST_13 : Operation 94 [61/68] (2.92ns)   --->   "%empty_33 = writeresp i1 @_ssdm_op_WriteResp.m_axi.p1i512, i512 %kernel_output_addr" [cnn.cpp:844]   --->   Operation 94 'writeresp' 'empty_33' <Predicate = true> <Delay = 2.92> <CoreInst = "m_axi">   --->   Core 121 'm_axi' <Latency = 0> <II = 1> <Delay = 1.00> <Adapter> <Opcode : 'read' 'write' 'readreq' 'writereq' 'writeresp'>

State 14 <SV = 13> <Delay = 2.92>
ST_14 : Operation 95 [60/68] (2.92ns)   --->   "%empty_33 = writeresp i1 @_ssdm_op_WriteResp.m_axi.p1i512, i512 %kernel_output_addr" [cnn.cpp:844]   --->   Operation 95 'writeresp' 'empty_33' <Predicate = true> <Delay = 2.92> <CoreInst = "m_axi">   --->   Core 121 'm_axi' <Latency = 0> <II = 1> <Delay = 1.00> <Adapter> <Opcode : 'read' 'write' 'readreq' 'writereq' 'writeresp'>

State 15 <SV = 14> <Delay = 2.92>
ST_15 : Operation 96 [59/68] (2.92ns)   --->   "%empty_33 = writeresp i1 @_ssdm_op_WriteResp.m_axi.p1i512, i512 %kernel_output_addr" [cnn.cpp:844]   --->   Operation 96 'writeresp' 'empty_33' <Predicate = true> <Delay = 2.92> <CoreInst = "m_axi">   --->   Core 121 'm_axi' <Latency = 0> <II = 1> <Delay = 1.00> <Adapter> <Opcode : 'read' 'write' 'readreq' 'writereq' 'writeresp'>

State 16 <SV = 15> <Delay = 2.92>
ST_16 : Operation 97 [58/68] (2.92ns)   --->   "%empty_33 = writeresp i1 @_ssdm_op_WriteResp.m_axi.p1i512, i512 %kernel_output_addr" [cnn.cpp:844]   --->   Operation 97 'writeresp' 'empty_33' <Predicate = true> <Delay = 2.92> <CoreInst = "m_axi">   --->   Core 121 'm_axi' <Latency = 0> <II = 1> <Delay = 1.00> <Adapter> <Opcode : 'read' 'write' 'readreq' 'writereq' 'writeresp'>

State 17 <SV = 16> <Delay = 2.92>
ST_17 : Operation 98 [57/68] (2.92ns)   --->   "%empty_33 = writeresp i1 @_ssdm_op_WriteResp.m_axi.p1i512, i512 %kernel_output_addr" [cnn.cpp:844]   --->   Operation 98 'writeresp' 'empty_33' <Predicate = true> <Delay = 2.92> <CoreInst = "m_axi">   --->   Core 121 'm_axi' <Latency = 0> <II = 1> <Delay = 1.00> <Adapter> <Opcode : 'read' 'write' 'readreq' 'writereq' 'writeresp'>

State 18 <SV = 17> <Delay = 2.92>
ST_18 : Operation 99 [56/68] (2.92ns)   --->   "%empty_33 = writeresp i1 @_ssdm_op_WriteResp.m_axi.p1i512, i512 %kernel_output_addr" [cnn.cpp:844]   --->   Operation 99 'writeresp' 'empty_33' <Predicate = true> <Delay = 2.92> <CoreInst = "m_axi">   --->   Core 121 'm_axi' <Latency = 0> <II = 1> <Delay = 1.00> <Adapter> <Opcode : 'read' 'write' 'readreq' 'writereq' 'writeresp'>

State 19 <SV = 18> <Delay = 2.92>
ST_19 : Operation 100 [55/68] (2.92ns)   --->   "%empty_33 = writeresp i1 @_ssdm_op_WriteResp.m_axi.p1i512, i512 %kernel_output_addr" [cnn.cpp:844]   --->   Operation 100 'writeresp' 'empty_33' <Predicate = true> <Delay = 2.92> <CoreInst = "m_axi">   --->   Core 121 'm_axi' <Latency = 0> <II = 1> <Delay = 1.00> <Adapter> <Opcode : 'read' 'write' 'readreq' 'writereq' 'writeresp'>

State 20 <SV = 19> <Delay = 2.92>
ST_20 : Operation 101 [54/68] (2.92ns)   --->   "%empty_33 = writeresp i1 @_ssdm_op_WriteResp.m_axi.p1i512, i512 %kernel_output_addr" [cnn.cpp:844]   --->   Operation 101 'writeresp' 'empty_33' <Predicate = true> <Delay = 2.92> <CoreInst = "m_axi">   --->   Core 121 'm_axi' <Latency = 0> <II = 1> <Delay = 1.00> <Adapter> <Opcode : 'read' 'write' 'readreq' 'writereq' 'writeresp'>

State 21 <SV = 20> <Delay = 2.92>
ST_21 : Operation 102 [53/68] (2.92ns)   --->   "%empty_33 = writeresp i1 @_ssdm_op_WriteResp.m_axi.p1i512, i512 %kernel_output_addr" [cnn.cpp:844]   --->   Operation 102 'writeresp' 'empty_33' <Predicate = true> <Delay = 2.92> <CoreInst = "m_axi">   --->   Core 121 'm_axi' <Latency = 0> <II = 1> <Delay = 1.00> <Adapter> <Opcode : 'read' 'write' 'readreq' 'writereq' 'writeresp'>

State 22 <SV = 21> <Delay = 2.92>
ST_22 : Operation 103 [52/68] (2.92ns)   --->   "%empty_33 = writeresp i1 @_ssdm_op_WriteResp.m_axi.p1i512, i512 %kernel_output_addr" [cnn.cpp:844]   --->   Operation 103 'writeresp' 'empty_33' <Predicate = true> <Delay = 2.92> <CoreInst = "m_axi">   --->   Core 121 'm_axi' <Latency = 0> <II = 1> <Delay = 1.00> <Adapter> <Opcode : 'read' 'write' 'readreq' 'writereq' 'writeresp'>

State 23 <SV = 22> <Delay = 2.92>
ST_23 : Operation 104 [51/68] (2.92ns)   --->   "%empty_33 = writeresp i1 @_ssdm_op_WriteResp.m_axi.p1i512, i512 %kernel_output_addr" [cnn.cpp:844]   --->   Operation 104 'writeresp' 'empty_33' <Predicate = true> <Delay = 2.92> <CoreInst = "m_axi">   --->   Core 121 'm_axi' <Latency = 0> <II = 1> <Delay = 1.00> <Adapter> <Opcode : 'read' 'write' 'readreq' 'writereq' 'writeresp'>

State 24 <SV = 23> <Delay = 2.92>
ST_24 : Operation 105 [50/68] (2.92ns)   --->   "%empty_33 = writeresp i1 @_ssdm_op_WriteResp.m_axi.p1i512, i512 %kernel_output_addr" [cnn.cpp:844]   --->   Operation 105 'writeresp' 'empty_33' <Predicate = true> <Delay = 2.92> <CoreInst = "m_axi">   --->   Core 121 'm_axi' <Latency = 0> <II = 1> <Delay = 1.00> <Adapter> <Opcode : 'read' 'write' 'readreq' 'writereq' 'writeresp'>

State 25 <SV = 24> <Delay = 2.92>
ST_25 : Operation 106 [49/68] (2.92ns)   --->   "%empty_33 = writeresp i1 @_ssdm_op_WriteResp.m_axi.p1i512, i512 %kernel_output_addr" [cnn.cpp:844]   --->   Operation 106 'writeresp' 'empty_33' <Predicate = true> <Delay = 2.92> <CoreInst = "m_axi">   --->   Core 121 'm_axi' <Latency = 0> <II = 1> <Delay = 1.00> <Adapter> <Opcode : 'read' 'write' 'readreq' 'writereq' 'writeresp'>

State 26 <SV = 25> <Delay = 2.92>
ST_26 : Operation 107 [48/68] (2.92ns)   --->   "%empty_33 = writeresp i1 @_ssdm_op_WriteResp.m_axi.p1i512, i512 %kernel_output_addr" [cnn.cpp:844]   --->   Operation 107 'writeresp' 'empty_33' <Predicate = true> <Delay = 2.92> <CoreInst = "m_axi">   --->   Core 121 'm_axi' <Latency = 0> <II = 1> <Delay = 1.00> <Adapter> <Opcode : 'read' 'write' 'readreq' 'writereq' 'writeresp'>

State 27 <SV = 26> <Delay = 2.92>
ST_27 : Operation 108 [47/68] (2.92ns)   --->   "%empty_33 = writeresp i1 @_ssdm_op_WriteResp.m_axi.p1i512, i512 %kernel_output_addr" [cnn.cpp:844]   --->   Operation 108 'writeresp' 'empty_33' <Predicate = true> <Delay = 2.92> <CoreInst = "m_axi">   --->   Core 121 'm_axi' <Latency = 0> <II = 1> <Delay = 1.00> <Adapter> <Opcode : 'read' 'write' 'readreq' 'writereq' 'writeresp'>

State 28 <SV = 27> <Delay = 2.92>
ST_28 : Operation 109 [46/68] (2.92ns)   --->   "%empty_33 = writeresp i1 @_ssdm_op_WriteResp.m_axi.p1i512, i512 %kernel_output_addr" [cnn.cpp:844]   --->   Operation 109 'writeresp' 'empty_33' <Predicate = true> <Delay = 2.92> <CoreInst = "m_axi">   --->   Core 121 'm_axi' <Latency = 0> <II = 1> <Delay = 1.00> <Adapter> <Opcode : 'read' 'write' 'readreq' 'writereq' 'writeresp'>

State 29 <SV = 28> <Delay = 2.92>
ST_29 : Operation 110 [45/68] (2.92ns)   --->   "%empty_33 = writeresp i1 @_ssdm_op_WriteResp.m_axi.p1i512, i512 %kernel_output_addr" [cnn.cpp:844]   --->   Operation 110 'writeresp' 'empty_33' <Predicate = true> <Delay = 2.92> <CoreInst = "m_axi">   --->   Core 121 'm_axi' <Latency = 0> <II = 1> <Delay = 1.00> <Adapter> <Opcode : 'read' 'write' 'readreq' 'writereq' 'writeresp'>

State 30 <SV = 29> <Delay = 2.92>
ST_30 : Operation 111 [44/68] (2.92ns)   --->   "%empty_33 = writeresp i1 @_ssdm_op_WriteResp.m_axi.p1i512, i512 %kernel_output_addr" [cnn.cpp:844]   --->   Operation 111 'writeresp' 'empty_33' <Predicate = true> <Delay = 2.92> <CoreInst = "m_axi">   --->   Core 121 'm_axi' <Latency = 0> <II = 1> <Delay = 1.00> <Adapter> <Opcode : 'read' 'write' 'readreq' 'writereq' 'writeresp'>

State 31 <SV = 30> <Delay = 2.92>
ST_31 : Operation 112 [43/68] (2.92ns)   --->   "%empty_33 = writeresp i1 @_ssdm_op_WriteResp.m_axi.p1i512, i512 %kernel_output_addr" [cnn.cpp:844]   --->   Operation 112 'writeresp' 'empty_33' <Predicate = true> <Delay = 2.92> <CoreInst = "m_axi">   --->   Core 121 'm_axi' <Latency = 0> <II = 1> <Delay = 1.00> <Adapter> <Opcode : 'read' 'write' 'readreq' 'writereq' 'writeresp'>

State 32 <SV = 31> <Delay = 2.92>
ST_32 : Operation 113 [42/68] (2.92ns)   --->   "%empty_33 = writeresp i1 @_ssdm_op_WriteResp.m_axi.p1i512, i512 %kernel_output_addr" [cnn.cpp:844]   --->   Operation 113 'writeresp' 'empty_33' <Predicate = true> <Delay = 2.92> <CoreInst = "m_axi">   --->   Core 121 'm_axi' <Latency = 0> <II = 1> <Delay = 1.00> <Adapter> <Opcode : 'read' 'write' 'readreq' 'writereq' 'writeresp'>

State 33 <SV = 32> <Delay = 2.92>
ST_33 : Operation 114 [41/68] (2.92ns)   --->   "%empty_33 = writeresp i1 @_ssdm_op_WriteResp.m_axi.p1i512, i512 %kernel_output_addr" [cnn.cpp:844]   --->   Operation 114 'writeresp' 'empty_33' <Predicate = true> <Delay = 2.92> <CoreInst = "m_axi">   --->   Core 121 'm_axi' <Latency = 0> <II = 1> <Delay = 1.00> <Adapter> <Opcode : 'read' 'write' 'readreq' 'writereq' 'writeresp'>

State 34 <SV = 33> <Delay = 2.92>
ST_34 : Operation 115 [40/68] (2.92ns)   --->   "%empty_33 = writeresp i1 @_ssdm_op_WriteResp.m_axi.p1i512, i512 %kernel_output_addr" [cnn.cpp:844]   --->   Operation 115 'writeresp' 'empty_33' <Predicate = true> <Delay = 2.92> <CoreInst = "m_axi">   --->   Core 121 'm_axi' <Latency = 0> <II = 1> <Delay = 1.00> <Adapter> <Opcode : 'read' 'write' 'readreq' 'writereq' 'writeresp'>

State 35 <SV = 34> <Delay = 2.92>
ST_35 : Operation 116 [39/68] (2.92ns)   --->   "%empty_33 = writeresp i1 @_ssdm_op_WriteResp.m_axi.p1i512, i512 %kernel_output_addr" [cnn.cpp:844]   --->   Operation 116 'writeresp' 'empty_33' <Predicate = true> <Delay = 2.92> <CoreInst = "m_axi">   --->   Core 121 'm_axi' <Latency = 0> <II = 1> <Delay = 1.00> <Adapter> <Opcode : 'read' 'write' 'readreq' 'writereq' 'writeresp'>

State 36 <SV = 35> <Delay = 2.92>
ST_36 : Operation 117 [38/68] (2.92ns)   --->   "%empty_33 = writeresp i1 @_ssdm_op_WriteResp.m_axi.p1i512, i512 %kernel_output_addr" [cnn.cpp:844]   --->   Operation 117 'writeresp' 'empty_33' <Predicate = true> <Delay = 2.92> <CoreInst = "m_axi">   --->   Core 121 'm_axi' <Latency = 0> <II = 1> <Delay = 1.00> <Adapter> <Opcode : 'read' 'write' 'readreq' 'writereq' 'writeresp'>

State 37 <SV = 36> <Delay = 2.92>
ST_37 : Operation 118 [37/68] (2.92ns)   --->   "%empty_33 = writeresp i1 @_ssdm_op_WriteResp.m_axi.p1i512, i512 %kernel_output_addr" [cnn.cpp:844]   --->   Operation 118 'writeresp' 'empty_33' <Predicate = true> <Delay = 2.92> <CoreInst = "m_axi">   --->   Core 121 'm_axi' <Latency = 0> <II = 1> <Delay = 1.00> <Adapter> <Opcode : 'read' 'write' 'readreq' 'writereq' 'writeresp'>

State 38 <SV = 37> <Delay = 2.92>
ST_38 : Operation 119 [36/68] (2.92ns)   --->   "%empty_33 = writeresp i1 @_ssdm_op_WriteResp.m_axi.p1i512, i512 %kernel_output_addr" [cnn.cpp:844]   --->   Operation 119 'writeresp' 'empty_33' <Predicate = true> <Delay = 2.92> <CoreInst = "m_axi">   --->   Core 121 'm_axi' <Latency = 0> <II = 1> <Delay = 1.00> <Adapter> <Opcode : 'read' 'write' 'readreq' 'writereq' 'writeresp'>

State 39 <SV = 38> <Delay = 2.92>
ST_39 : Operation 120 [35/68] (2.92ns)   --->   "%empty_33 = writeresp i1 @_ssdm_op_WriteResp.m_axi.p1i512, i512 %kernel_output_addr" [cnn.cpp:844]   --->   Operation 120 'writeresp' 'empty_33' <Predicate = true> <Delay = 2.92> <CoreInst = "m_axi">   --->   Core 121 'm_axi' <Latency = 0> <II = 1> <Delay = 1.00> <Adapter> <Opcode : 'read' 'write' 'readreq' 'writereq' 'writeresp'>

State 40 <SV = 39> <Delay = 2.92>
ST_40 : Operation 121 [34/68] (2.92ns)   --->   "%empty_33 = writeresp i1 @_ssdm_op_WriteResp.m_axi.p1i512, i512 %kernel_output_addr" [cnn.cpp:844]   --->   Operation 121 'writeresp' 'empty_33' <Predicate = true> <Delay = 2.92> <CoreInst = "m_axi">   --->   Core 121 'm_axi' <Latency = 0> <II = 1> <Delay = 1.00> <Adapter> <Opcode : 'read' 'write' 'readreq' 'writereq' 'writeresp'>

State 41 <SV = 40> <Delay = 2.92>
ST_41 : Operation 122 [33/68] (2.92ns)   --->   "%empty_33 = writeresp i1 @_ssdm_op_WriteResp.m_axi.p1i512, i512 %kernel_output_addr" [cnn.cpp:844]   --->   Operation 122 'writeresp' 'empty_33' <Predicate = true> <Delay = 2.92> <CoreInst = "m_axi">   --->   Core 121 'm_axi' <Latency = 0> <II = 1> <Delay = 1.00> <Adapter> <Opcode : 'read' 'write' 'readreq' 'writereq' 'writeresp'>

State 42 <SV = 41> <Delay = 2.92>
ST_42 : Operation 123 [32/68] (2.92ns)   --->   "%empty_33 = writeresp i1 @_ssdm_op_WriteResp.m_axi.p1i512, i512 %kernel_output_addr" [cnn.cpp:844]   --->   Operation 123 'writeresp' 'empty_33' <Predicate = true> <Delay = 2.92> <CoreInst = "m_axi">   --->   Core 121 'm_axi' <Latency = 0> <II = 1> <Delay = 1.00> <Adapter> <Opcode : 'read' 'write' 'readreq' 'writereq' 'writeresp'>

State 43 <SV = 42> <Delay = 2.92>
ST_43 : Operation 124 [31/68] (2.92ns)   --->   "%empty_33 = writeresp i1 @_ssdm_op_WriteResp.m_axi.p1i512, i512 %kernel_output_addr" [cnn.cpp:844]   --->   Operation 124 'writeresp' 'empty_33' <Predicate = true> <Delay = 2.92> <CoreInst = "m_axi">   --->   Core 121 'm_axi' <Latency = 0> <II = 1> <Delay = 1.00> <Adapter> <Opcode : 'read' 'write' 'readreq' 'writereq' 'writeresp'>

State 44 <SV = 43> <Delay = 2.92>
ST_44 : Operation 125 [30/68] (2.92ns)   --->   "%empty_33 = writeresp i1 @_ssdm_op_WriteResp.m_axi.p1i512, i512 %kernel_output_addr" [cnn.cpp:844]   --->   Operation 125 'writeresp' 'empty_33' <Predicate = true> <Delay = 2.92> <CoreInst = "m_axi">   --->   Core 121 'm_axi' <Latency = 0> <II = 1> <Delay = 1.00> <Adapter> <Opcode : 'read' 'write' 'readreq' 'writereq' 'writeresp'>

State 45 <SV = 44> <Delay = 2.92>
ST_45 : Operation 126 [29/68] (2.92ns)   --->   "%empty_33 = writeresp i1 @_ssdm_op_WriteResp.m_axi.p1i512, i512 %kernel_output_addr" [cnn.cpp:844]   --->   Operation 126 'writeresp' 'empty_33' <Predicate = true> <Delay = 2.92> <CoreInst = "m_axi">   --->   Core 121 'm_axi' <Latency = 0> <II = 1> <Delay = 1.00> <Adapter> <Opcode : 'read' 'write' 'readreq' 'writereq' 'writeresp'>

State 46 <SV = 45> <Delay = 2.92>
ST_46 : Operation 127 [28/68] (2.92ns)   --->   "%empty_33 = writeresp i1 @_ssdm_op_WriteResp.m_axi.p1i512, i512 %kernel_output_addr" [cnn.cpp:844]   --->   Operation 127 'writeresp' 'empty_33' <Predicate = true> <Delay = 2.92> <CoreInst = "m_axi">   --->   Core 121 'm_axi' <Latency = 0> <II = 1> <Delay = 1.00> <Adapter> <Opcode : 'read' 'write' 'readreq' 'writereq' 'writeresp'>

State 47 <SV = 46> <Delay = 2.92>
ST_47 : Operation 128 [27/68] (2.92ns)   --->   "%empty_33 = writeresp i1 @_ssdm_op_WriteResp.m_axi.p1i512, i512 %kernel_output_addr" [cnn.cpp:844]   --->   Operation 128 'writeresp' 'empty_33' <Predicate = true> <Delay = 2.92> <CoreInst = "m_axi">   --->   Core 121 'm_axi' <Latency = 0> <II = 1> <Delay = 1.00> <Adapter> <Opcode : 'read' 'write' 'readreq' 'writereq' 'writeresp'>

State 48 <SV = 47> <Delay = 2.92>
ST_48 : Operation 129 [26/68] (2.92ns)   --->   "%empty_33 = writeresp i1 @_ssdm_op_WriteResp.m_axi.p1i512, i512 %kernel_output_addr" [cnn.cpp:844]   --->   Operation 129 'writeresp' 'empty_33' <Predicate = true> <Delay = 2.92> <CoreInst = "m_axi">   --->   Core 121 'm_axi' <Latency = 0> <II = 1> <Delay = 1.00> <Adapter> <Opcode : 'read' 'write' 'readreq' 'writereq' 'writeresp'>

State 49 <SV = 48> <Delay = 2.92>
ST_49 : Operation 130 [25/68] (2.92ns)   --->   "%empty_33 = writeresp i1 @_ssdm_op_WriteResp.m_axi.p1i512, i512 %kernel_output_addr" [cnn.cpp:844]   --->   Operation 130 'writeresp' 'empty_33' <Predicate = true> <Delay = 2.92> <CoreInst = "m_axi">   --->   Core 121 'm_axi' <Latency = 0> <II = 1> <Delay = 1.00> <Adapter> <Opcode : 'read' 'write' 'readreq' 'writereq' 'writeresp'>

State 50 <SV = 49> <Delay = 2.92>
ST_50 : Operation 131 [24/68] (2.92ns)   --->   "%empty_33 = writeresp i1 @_ssdm_op_WriteResp.m_axi.p1i512, i512 %kernel_output_addr" [cnn.cpp:844]   --->   Operation 131 'writeresp' 'empty_33' <Predicate = true> <Delay = 2.92> <CoreInst = "m_axi">   --->   Core 121 'm_axi' <Latency = 0> <II = 1> <Delay = 1.00> <Adapter> <Opcode : 'read' 'write' 'readreq' 'writereq' 'writeresp'>

State 51 <SV = 50> <Delay = 2.92>
ST_51 : Operation 132 [23/68] (2.92ns)   --->   "%empty_33 = writeresp i1 @_ssdm_op_WriteResp.m_axi.p1i512, i512 %kernel_output_addr" [cnn.cpp:844]   --->   Operation 132 'writeresp' 'empty_33' <Predicate = true> <Delay = 2.92> <CoreInst = "m_axi">   --->   Core 121 'm_axi' <Latency = 0> <II = 1> <Delay = 1.00> <Adapter> <Opcode : 'read' 'write' 'readreq' 'writereq' 'writeresp'>

State 52 <SV = 51> <Delay = 2.92>
ST_52 : Operation 133 [22/68] (2.92ns)   --->   "%empty_33 = writeresp i1 @_ssdm_op_WriteResp.m_axi.p1i512, i512 %kernel_output_addr" [cnn.cpp:844]   --->   Operation 133 'writeresp' 'empty_33' <Predicate = true> <Delay = 2.92> <CoreInst = "m_axi">   --->   Core 121 'm_axi' <Latency = 0> <II = 1> <Delay = 1.00> <Adapter> <Opcode : 'read' 'write' 'readreq' 'writereq' 'writeresp'>

State 53 <SV = 52> <Delay = 2.92>
ST_53 : Operation 134 [21/68] (2.92ns)   --->   "%empty_33 = writeresp i1 @_ssdm_op_WriteResp.m_axi.p1i512, i512 %kernel_output_addr" [cnn.cpp:844]   --->   Operation 134 'writeresp' 'empty_33' <Predicate = true> <Delay = 2.92> <CoreInst = "m_axi">   --->   Core 121 'm_axi' <Latency = 0> <II = 1> <Delay = 1.00> <Adapter> <Opcode : 'read' 'write' 'readreq' 'writereq' 'writeresp'>

State 54 <SV = 53> <Delay = 2.92>
ST_54 : Operation 135 [20/68] (2.92ns)   --->   "%empty_33 = writeresp i1 @_ssdm_op_WriteResp.m_axi.p1i512, i512 %kernel_output_addr" [cnn.cpp:844]   --->   Operation 135 'writeresp' 'empty_33' <Predicate = true> <Delay = 2.92> <CoreInst = "m_axi">   --->   Core 121 'm_axi' <Latency = 0> <II = 1> <Delay = 1.00> <Adapter> <Opcode : 'read' 'write' 'readreq' 'writereq' 'writeresp'>

State 55 <SV = 54> <Delay = 2.92>
ST_55 : Operation 136 [19/68] (2.92ns)   --->   "%empty_33 = writeresp i1 @_ssdm_op_WriteResp.m_axi.p1i512, i512 %kernel_output_addr" [cnn.cpp:844]   --->   Operation 136 'writeresp' 'empty_33' <Predicate = true> <Delay = 2.92> <CoreInst = "m_axi">   --->   Core 121 'm_axi' <Latency = 0> <II = 1> <Delay = 1.00> <Adapter> <Opcode : 'read' 'write' 'readreq' 'writereq' 'writeresp'>

State 56 <SV = 55> <Delay = 2.92>
ST_56 : Operation 137 [18/68] (2.92ns)   --->   "%empty_33 = writeresp i1 @_ssdm_op_WriteResp.m_axi.p1i512, i512 %kernel_output_addr" [cnn.cpp:844]   --->   Operation 137 'writeresp' 'empty_33' <Predicate = true> <Delay = 2.92> <CoreInst = "m_axi">   --->   Core 121 'm_axi' <Latency = 0> <II = 1> <Delay = 1.00> <Adapter> <Opcode : 'read' 'write' 'readreq' 'writereq' 'writeresp'>

State 57 <SV = 56> <Delay = 2.92>
ST_57 : Operation 138 [17/68] (2.92ns)   --->   "%empty_33 = writeresp i1 @_ssdm_op_WriteResp.m_axi.p1i512, i512 %kernel_output_addr" [cnn.cpp:844]   --->   Operation 138 'writeresp' 'empty_33' <Predicate = true> <Delay = 2.92> <CoreInst = "m_axi">   --->   Core 121 'm_axi' <Latency = 0> <II = 1> <Delay = 1.00> <Adapter> <Opcode : 'read' 'write' 'readreq' 'writereq' 'writeresp'>

State 58 <SV = 57> <Delay = 2.92>
ST_58 : Operation 139 [16/68] (2.92ns)   --->   "%empty_33 = writeresp i1 @_ssdm_op_WriteResp.m_axi.p1i512, i512 %kernel_output_addr" [cnn.cpp:844]   --->   Operation 139 'writeresp' 'empty_33' <Predicate = true> <Delay = 2.92> <CoreInst = "m_axi">   --->   Core 121 'm_axi' <Latency = 0> <II = 1> <Delay = 1.00> <Adapter> <Opcode : 'read' 'write' 'readreq' 'writereq' 'writeresp'>

State 59 <SV = 58> <Delay = 2.92>
ST_59 : Operation 140 [15/68] (2.92ns)   --->   "%empty_33 = writeresp i1 @_ssdm_op_WriteResp.m_axi.p1i512, i512 %kernel_output_addr" [cnn.cpp:844]   --->   Operation 140 'writeresp' 'empty_33' <Predicate = true> <Delay = 2.92> <CoreInst = "m_axi">   --->   Core 121 'm_axi' <Latency = 0> <II = 1> <Delay = 1.00> <Adapter> <Opcode : 'read' 'write' 'readreq' 'writereq' 'writeresp'>

State 60 <SV = 59> <Delay = 2.92>
ST_60 : Operation 141 [14/68] (2.92ns)   --->   "%empty_33 = writeresp i1 @_ssdm_op_WriteResp.m_axi.p1i512, i512 %kernel_output_addr" [cnn.cpp:844]   --->   Operation 141 'writeresp' 'empty_33' <Predicate = true> <Delay = 2.92> <CoreInst = "m_axi">   --->   Core 121 'm_axi' <Latency = 0> <II = 1> <Delay = 1.00> <Adapter> <Opcode : 'read' 'write' 'readreq' 'writereq' 'writeresp'>

State 61 <SV = 60> <Delay = 2.92>
ST_61 : Operation 142 [13/68] (2.92ns)   --->   "%empty_33 = writeresp i1 @_ssdm_op_WriteResp.m_axi.p1i512, i512 %kernel_output_addr" [cnn.cpp:844]   --->   Operation 142 'writeresp' 'empty_33' <Predicate = true> <Delay = 2.92> <CoreInst = "m_axi">   --->   Core 121 'm_axi' <Latency = 0> <II = 1> <Delay = 1.00> <Adapter> <Opcode : 'read' 'write' 'readreq' 'writereq' 'writeresp'>

State 62 <SV = 61> <Delay = 2.92>
ST_62 : Operation 143 [12/68] (2.92ns)   --->   "%empty_33 = writeresp i1 @_ssdm_op_WriteResp.m_axi.p1i512, i512 %kernel_output_addr" [cnn.cpp:844]   --->   Operation 143 'writeresp' 'empty_33' <Predicate = true> <Delay = 2.92> <CoreInst = "m_axi">   --->   Core 121 'm_axi' <Latency = 0> <II = 1> <Delay = 1.00> <Adapter> <Opcode : 'read' 'write' 'readreq' 'writereq' 'writeresp'>

State 63 <SV = 62> <Delay = 2.92>
ST_63 : Operation 144 [11/68] (2.92ns)   --->   "%empty_33 = writeresp i1 @_ssdm_op_WriteResp.m_axi.p1i512, i512 %kernel_output_addr" [cnn.cpp:844]   --->   Operation 144 'writeresp' 'empty_33' <Predicate = true> <Delay = 2.92> <CoreInst = "m_axi">   --->   Core 121 'm_axi' <Latency = 0> <II = 1> <Delay = 1.00> <Adapter> <Opcode : 'read' 'write' 'readreq' 'writereq' 'writeresp'>

State 64 <SV = 63> <Delay = 2.92>
ST_64 : Operation 145 [10/68] (2.92ns)   --->   "%empty_33 = writeresp i1 @_ssdm_op_WriteResp.m_axi.p1i512, i512 %kernel_output_addr" [cnn.cpp:844]   --->   Operation 145 'writeresp' 'empty_33' <Predicate = true> <Delay = 2.92> <CoreInst = "m_axi">   --->   Core 121 'm_axi' <Latency = 0> <II = 1> <Delay = 1.00> <Adapter> <Opcode : 'read' 'write' 'readreq' 'writereq' 'writeresp'>

State 65 <SV = 64> <Delay = 2.92>
ST_65 : Operation 146 [9/68] (2.92ns)   --->   "%empty_33 = writeresp i1 @_ssdm_op_WriteResp.m_axi.p1i512, i512 %kernel_output_addr" [cnn.cpp:844]   --->   Operation 146 'writeresp' 'empty_33' <Predicate = true> <Delay = 2.92> <CoreInst = "m_axi">   --->   Core 121 'm_axi' <Latency = 0> <II = 1> <Delay = 1.00> <Adapter> <Opcode : 'read' 'write' 'readreq' 'writereq' 'writeresp'>

State 66 <SV = 65> <Delay = 2.92>
ST_66 : Operation 147 [8/68] (2.92ns)   --->   "%empty_33 = writeresp i1 @_ssdm_op_WriteResp.m_axi.p1i512, i512 %kernel_output_addr" [cnn.cpp:844]   --->   Operation 147 'writeresp' 'empty_33' <Predicate = true> <Delay = 2.92> <CoreInst = "m_axi">   --->   Core 121 'm_axi' <Latency = 0> <II = 1> <Delay = 1.00> <Adapter> <Opcode : 'read' 'write' 'readreq' 'writereq' 'writeresp'>

State 67 <SV = 66> <Delay = 2.92>
ST_67 : Operation 148 [7/68] (2.92ns)   --->   "%empty_33 = writeresp i1 @_ssdm_op_WriteResp.m_axi.p1i512, i512 %kernel_output_addr" [cnn.cpp:844]   --->   Operation 148 'writeresp' 'empty_33' <Predicate = true> <Delay = 2.92> <CoreInst = "m_axi">   --->   Core 121 'm_axi' <Latency = 0> <II = 1> <Delay = 1.00> <Adapter> <Opcode : 'read' 'write' 'readreq' 'writereq' 'writeresp'>

State 68 <SV = 67> <Delay = 2.92>
ST_68 : Operation 149 [6/68] (2.92ns)   --->   "%empty_33 = writeresp i1 @_ssdm_op_WriteResp.m_axi.p1i512, i512 %kernel_output_addr" [cnn.cpp:844]   --->   Operation 149 'writeresp' 'empty_33' <Predicate = true> <Delay = 2.92> <CoreInst = "m_axi">   --->   Core 121 'm_axi' <Latency = 0> <II = 1> <Delay = 1.00> <Adapter> <Opcode : 'read' 'write' 'readreq' 'writereq' 'writeresp'>

State 69 <SV = 68> <Delay = 2.92>
ST_69 : Operation 150 [5/68] (2.92ns)   --->   "%empty_33 = writeresp i1 @_ssdm_op_WriteResp.m_axi.p1i512, i512 %kernel_output_addr" [cnn.cpp:844]   --->   Operation 150 'writeresp' 'empty_33' <Predicate = true> <Delay = 2.92> <CoreInst = "m_axi">   --->   Core 121 'm_axi' <Latency = 0> <II = 1> <Delay = 1.00> <Adapter> <Opcode : 'read' 'write' 'readreq' 'writereq' 'writeresp'>

State 70 <SV = 69> <Delay = 2.92>
ST_70 : Operation 151 [4/68] (2.92ns)   --->   "%empty_33 = writeresp i1 @_ssdm_op_WriteResp.m_axi.p1i512, i512 %kernel_output_addr" [cnn.cpp:844]   --->   Operation 151 'writeresp' 'empty_33' <Predicate = true> <Delay = 2.92> <CoreInst = "m_axi">   --->   Core 121 'm_axi' <Latency = 0> <II = 1> <Delay = 1.00> <Adapter> <Opcode : 'read' 'write' 'readreq' 'writereq' 'writeresp'>

State 71 <SV = 70> <Delay = 2.92>
ST_71 : Operation 152 [3/68] (2.92ns)   --->   "%empty_33 = writeresp i1 @_ssdm_op_WriteResp.m_axi.p1i512, i512 %kernel_output_addr" [cnn.cpp:844]   --->   Operation 152 'writeresp' 'empty_33' <Predicate = true> <Delay = 2.92> <CoreInst = "m_axi">   --->   Core 121 'm_axi' <Latency = 0> <II = 1> <Delay = 1.00> <Adapter> <Opcode : 'read' 'write' 'readreq' 'writereq' 'writeresp'>

State 72 <SV = 71> <Delay = 2.92>
ST_72 : Operation 153 [2/68] (2.92ns)   --->   "%empty_33 = writeresp i1 @_ssdm_op_WriteResp.m_axi.p1i512, i512 %kernel_output_addr" [cnn.cpp:844]   --->   Operation 153 'writeresp' 'empty_33' <Predicate = true> <Delay = 2.92> <CoreInst = "m_axi">   --->   Core 121 'm_axi' <Latency = 0> <II = 1> <Delay = 1.00> <Adapter> <Opcode : 'read' 'write' 'readreq' 'writereq' 'writeresp'>

State 73 <SV = 72> <Delay = 2.92>
ST_73 : Operation 154 [1/1] (0.00ns)   --->   "%specinterface_ln0 = specinterface void @_ssdm_op_SpecInterface, i512 %kernel_output, void @empty_16, i32 0, i32 0, void @empty_13, i32 64, i32 0, void @empty_7, void @empty_11, void @empty_13, i32 16, i32 16, i32 16, i32 16, void @empty_13, void @empty_13, i32 4294967295, i32 0"   --->   Operation 154 'specinterface' 'specinterface_ln0' <Predicate = true> <Delay = 0.00>
ST_73 : Operation 155 [1/68] (2.92ns)   --->   "%empty_33 = writeresp i1 @_ssdm_op_WriteResp.m_axi.p1i512, i512 %kernel_output_addr" [cnn.cpp:844]   --->   Operation 155 'writeresp' 'empty_33' <Predicate = true> <Delay = 2.92> <CoreInst = "m_axi">   --->   Core 121 'm_axi' <Latency = 0> <II = 1> <Delay = 1.00> <Adapter> <Opcode : 'read' 'write' 'readreq' 'writereq' 'writeresp'>
ST_73 : Operation 156 [1/1] (0.00ns)   --->   "%ret_ln844 = ret" [cnn.cpp:844]   --->   Operation 156 'ret' 'ret_ln844' <Predicate = true> <Delay = 0.00>


============================================================
+ Verbose Summary: Timing violations
============================================================
Target clock period: 4.000ns, clock uncertainty: 1.080ns.

 <State 1>: 2.080ns
The critical path consists of the following:
	wire read operation ('d0_read', cnn.cpp:793) on port 'd0' (cnn.cpp:793) [37]  (0.000 ns)
	'mul' operation 26 bit ('mul_ln804', cnn.cpp:804) [41]  (2.080 ns)

 <State 2>: 1.147ns
The critical path consists of the following:
	wire read operation ('voutput_read', cnn.cpp:793) on port 'voutput' (cnn.cpp:793) [38]  (0.000 ns)
	'add' operation 64 bit ('add_ln804', cnn.cpp:804) [43]  (1.147 ns)

 <State 3>: 2.920ns
The critical path consists of the following:
	'getelementptr' operation 512 bit ('kernel_output_addr', cnn.cpp:804) [46]  (0.000 ns)
	bus request operation ('empty', cnn.cpp:804) on port 'kernel_output' (cnn.cpp:804) [47]  (2.920 ns)

 <State 4>: 0.000ns
The critical path consists of the following:

 <State 5>: 0.000ns
The critical path consists of the following:

 <State 6>: 2.920ns
The critical path consists of the following:
	bus response operation ('empty_33', cnn.cpp:844) on port 'kernel_output' (cnn.cpp:844) [49]  (2.920 ns)

 <State 7>: 2.920ns
The critical path consists of the following:
	bus response operation ('empty_33', cnn.cpp:844) on port 'kernel_output' (cnn.cpp:844) [49]  (2.920 ns)

 <State 8>: 2.920ns
The critical path consists of the following:
	bus response operation ('empty_33', cnn.cpp:844) on port 'kernel_output' (cnn.cpp:844) [49]  (2.920 ns)

 <State 9>: 2.920ns
The critical path consists of the following:
	bus response operation ('empty_33', cnn.cpp:844) on port 'kernel_output' (cnn.cpp:844) [49]  (2.920 ns)

 <State 10>: 2.920ns
The critical path consists of the following:
	bus response operation ('empty_33', cnn.cpp:844) on port 'kernel_output' (cnn.cpp:844) [49]  (2.920 ns)

 <State 11>: 2.920ns
The critical path consists of the following:
	bus response operation ('empty_33', cnn.cpp:844) on port 'kernel_output' (cnn.cpp:844) [49]  (2.920 ns)

 <State 12>: 2.920ns
The critical path consists of the following:
	bus response operation ('empty_33', cnn.cpp:844) on port 'kernel_output' (cnn.cpp:844) [49]  (2.920 ns)

 <State 13>: 2.920ns
The critical path consists of the following:
	bus response operation ('empty_33', cnn.cpp:844) on port 'kernel_output' (cnn.cpp:844) [49]  (2.920 ns)

 <State 14>: 2.920ns
The critical path consists of the following:
	bus response operation ('empty_33', cnn.cpp:844) on port 'kernel_output' (cnn.cpp:844) [49]  (2.920 ns)

 <State 15>: 2.920ns
The critical path consists of the following:
	bus response operation ('empty_33', cnn.cpp:844) on port 'kernel_output' (cnn.cpp:844) [49]  (2.920 ns)

 <State 16>: 2.920ns
The critical path consists of the following:
	bus response operation ('empty_33', cnn.cpp:844) on port 'kernel_output' (cnn.cpp:844) [49]  (2.920 ns)

 <State 17>: 2.920ns
The critical path consists of the following:
	bus response operation ('empty_33', cnn.cpp:844) on port 'kernel_output' (cnn.cpp:844) [49]  (2.920 ns)

 <State 18>: 2.920ns
The critical path consists of the following:
	bus response operation ('empty_33', cnn.cpp:844) on port 'kernel_output' (cnn.cpp:844) [49]  (2.920 ns)

 <State 19>: 2.920ns
The critical path consists of the following:
	bus response operation ('empty_33', cnn.cpp:844) on port 'kernel_output' (cnn.cpp:844) [49]  (2.920 ns)

 <State 20>: 2.920ns
The critical path consists of the following:
	bus response operation ('empty_33', cnn.cpp:844) on port 'kernel_output' (cnn.cpp:844) [49]  (2.920 ns)

 <State 21>: 2.920ns
The critical path consists of the following:
	bus response operation ('empty_33', cnn.cpp:844) on port 'kernel_output' (cnn.cpp:844) [49]  (2.920 ns)

 <State 22>: 2.920ns
The critical path consists of the following:
	bus response operation ('empty_33', cnn.cpp:844) on port 'kernel_output' (cnn.cpp:844) [49]  (2.920 ns)

 <State 23>: 2.920ns
The critical path consists of the following:
	bus response operation ('empty_33', cnn.cpp:844) on port 'kernel_output' (cnn.cpp:844) [49]  (2.920 ns)

 <State 24>: 2.920ns
The critical path consists of the following:
	bus response operation ('empty_33', cnn.cpp:844) on port 'kernel_output' (cnn.cpp:844) [49]  (2.920 ns)

 <State 25>: 2.920ns
The critical path consists of the following:
	bus response operation ('empty_33', cnn.cpp:844) on port 'kernel_output' (cnn.cpp:844) [49]  (2.920 ns)

 <State 26>: 2.920ns
The critical path consists of the following:
	bus response operation ('empty_33', cnn.cpp:844) on port 'kernel_output' (cnn.cpp:844) [49]  (2.920 ns)

 <State 27>: 2.920ns
The critical path consists of the following:
	bus response operation ('empty_33', cnn.cpp:844) on port 'kernel_output' (cnn.cpp:844) [49]  (2.920 ns)

 <State 28>: 2.920ns
The critical path consists of the following:
	bus response operation ('empty_33', cnn.cpp:844) on port 'kernel_output' (cnn.cpp:844) [49]  (2.920 ns)

 <State 29>: 2.920ns
The critical path consists of the following:
	bus response operation ('empty_33', cnn.cpp:844) on port 'kernel_output' (cnn.cpp:844) [49]  (2.920 ns)

 <State 30>: 2.920ns
The critical path consists of the following:
	bus response operation ('empty_33', cnn.cpp:844) on port 'kernel_output' (cnn.cpp:844) [49]  (2.920 ns)

 <State 31>: 2.920ns
The critical path consists of the following:
	bus response operation ('empty_33', cnn.cpp:844) on port 'kernel_output' (cnn.cpp:844) [49]  (2.920 ns)

 <State 32>: 2.920ns
The critical path consists of the following:
	bus response operation ('empty_33', cnn.cpp:844) on port 'kernel_output' (cnn.cpp:844) [49]  (2.920 ns)

 <State 33>: 2.920ns
The critical path consists of the following:
	bus response operation ('empty_33', cnn.cpp:844) on port 'kernel_output' (cnn.cpp:844) [49]  (2.920 ns)

 <State 34>: 2.920ns
The critical path consists of the following:
	bus response operation ('empty_33', cnn.cpp:844) on port 'kernel_output' (cnn.cpp:844) [49]  (2.920 ns)

 <State 35>: 2.920ns
The critical path consists of the following:
	bus response operation ('empty_33', cnn.cpp:844) on port 'kernel_output' (cnn.cpp:844) [49]  (2.920 ns)

 <State 36>: 2.920ns
The critical path consists of the following:
	bus response operation ('empty_33', cnn.cpp:844) on port 'kernel_output' (cnn.cpp:844) [49]  (2.920 ns)

 <State 37>: 2.920ns
The critical path consists of the following:
	bus response operation ('empty_33', cnn.cpp:844) on port 'kernel_output' (cnn.cpp:844) [49]  (2.920 ns)

 <State 38>: 2.920ns
The critical path consists of the following:
	bus response operation ('empty_33', cnn.cpp:844) on port 'kernel_output' (cnn.cpp:844) [49]  (2.920 ns)

 <State 39>: 2.920ns
The critical path consists of the following:
	bus response operation ('empty_33', cnn.cpp:844) on port 'kernel_output' (cnn.cpp:844) [49]  (2.920 ns)

 <State 40>: 2.920ns
The critical path consists of the following:
	bus response operation ('empty_33', cnn.cpp:844) on port 'kernel_output' (cnn.cpp:844) [49]  (2.920 ns)

 <State 41>: 2.920ns
The critical path consists of the following:
	bus response operation ('empty_33', cnn.cpp:844) on port 'kernel_output' (cnn.cpp:844) [49]  (2.920 ns)

 <State 42>: 2.920ns
The critical path consists of the following:
	bus response operation ('empty_33', cnn.cpp:844) on port 'kernel_output' (cnn.cpp:844) [49]  (2.920 ns)

 <State 43>: 2.920ns
The critical path consists of the following:
	bus response operation ('empty_33', cnn.cpp:844) on port 'kernel_output' (cnn.cpp:844) [49]  (2.920 ns)

 <State 44>: 2.920ns
The critical path consists of the following:
	bus response operation ('empty_33', cnn.cpp:844) on port 'kernel_output' (cnn.cpp:844) [49]  (2.920 ns)

 <State 45>: 2.920ns
The critical path consists of the following:
	bus response operation ('empty_33', cnn.cpp:844) on port 'kernel_output' (cnn.cpp:844) [49]  (2.920 ns)

 <State 46>: 2.920ns
The critical path consists of the following:
	bus response operation ('empty_33', cnn.cpp:844) on port 'kernel_output' (cnn.cpp:844) [49]  (2.920 ns)

 <State 47>: 2.920ns
The critical path consists of the following:
	bus response operation ('empty_33', cnn.cpp:844) on port 'kernel_output' (cnn.cpp:844) [49]  (2.920 ns)

 <State 48>: 2.920ns
The critical path consists of the following:
	bus response operation ('empty_33', cnn.cpp:844) on port 'kernel_output' (cnn.cpp:844) [49]  (2.920 ns)

 <State 49>: 2.920ns
The critical path consists of the following:
	bus response operation ('empty_33', cnn.cpp:844) on port 'kernel_output' (cnn.cpp:844) [49]  (2.920 ns)

 <State 50>: 2.920ns
The critical path consists of the following:
	bus response operation ('empty_33', cnn.cpp:844) on port 'kernel_output' (cnn.cpp:844) [49]  (2.920 ns)

 <State 51>: 2.920ns
The critical path consists of the following:
	bus response operation ('empty_33', cnn.cpp:844) on port 'kernel_output' (cnn.cpp:844) [49]  (2.920 ns)

 <State 52>: 2.920ns
The critical path consists of the following:
	bus response operation ('empty_33', cnn.cpp:844) on port 'kernel_output' (cnn.cpp:844) [49]  (2.920 ns)

 <State 53>: 2.920ns
The critical path consists of the following:
	bus response operation ('empty_33', cnn.cpp:844) on port 'kernel_output' (cnn.cpp:844) [49]  (2.920 ns)

 <State 54>: 2.920ns
The critical path consists of the following:
	bus response operation ('empty_33', cnn.cpp:844) on port 'kernel_output' (cnn.cpp:844) [49]  (2.920 ns)

 <State 55>: 2.920ns
The critical path consists of the following:
	bus response operation ('empty_33', cnn.cpp:844) on port 'kernel_output' (cnn.cpp:844) [49]  (2.920 ns)

 <State 56>: 2.920ns
The critical path consists of the following:
	bus response operation ('empty_33', cnn.cpp:844) on port 'kernel_output' (cnn.cpp:844) [49]  (2.920 ns)

 <State 57>: 2.920ns
The critical path consists of the following:
	bus response operation ('empty_33', cnn.cpp:844) on port 'kernel_output' (cnn.cpp:844) [49]  (2.920 ns)

 <State 58>: 2.920ns
The critical path consists of the following:
	bus response operation ('empty_33', cnn.cpp:844) on port 'kernel_output' (cnn.cpp:844) [49]  (2.920 ns)

 <State 59>: 2.920ns
The critical path consists of the following:
	bus response operation ('empty_33', cnn.cpp:844) on port 'kernel_output' (cnn.cpp:844) [49]  (2.920 ns)

 <State 60>: 2.920ns
The critical path consists of the following:
	bus response operation ('empty_33', cnn.cpp:844) on port 'kernel_output' (cnn.cpp:844) [49]  (2.920 ns)

 <State 61>: 2.920ns
The critical path consists of the following:
	bus response operation ('empty_33', cnn.cpp:844) on port 'kernel_output' (cnn.cpp:844) [49]  (2.920 ns)

 <State 62>: 2.920ns
The critical path consists of the following:
	bus response operation ('empty_33', cnn.cpp:844) on port 'kernel_output' (cnn.cpp:844) [49]  (2.920 ns)

 <State 63>: 2.920ns
The critical path consists of the following:
	bus response operation ('empty_33', cnn.cpp:844) on port 'kernel_output' (cnn.cpp:844) [49]  (2.920 ns)

 <State 64>: 2.920ns
The critical path consists of the following:
	bus response operation ('empty_33', cnn.cpp:844) on port 'kernel_output' (cnn.cpp:844) [49]  (2.920 ns)

 <State 65>: 2.920ns
The critical path consists of the following:
	bus response operation ('empty_33', cnn.cpp:844) on port 'kernel_output' (cnn.cpp:844) [49]  (2.920 ns)

 <State 66>: 2.920ns
The critical path consists of the following:
	bus response operation ('empty_33', cnn.cpp:844) on port 'kernel_output' (cnn.cpp:844) [49]  (2.920 ns)

 <State 67>: 2.920ns
The critical path consists of the following:
	bus response operation ('empty_33', cnn.cpp:844) on port 'kernel_output' (cnn.cpp:844) [49]  (2.920 ns)

 <State 68>: 2.920ns
The critical path consists of the following:
	bus response operation ('empty_33', cnn.cpp:844) on port 'kernel_output' (cnn.cpp:844) [49]  (2.920 ns)

 <State 69>: 2.920ns
The critical path consists of the following:
	bus response operation ('empty_33', cnn.cpp:844) on port 'kernel_output' (cnn.cpp:844) [49]  (2.920 ns)

 <State 70>: 2.920ns
The critical path consists of the following:
	bus response operation ('empty_33', cnn.cpp:844) on port 'kernel_output' (cnn.cpp:844) [49]  (2.920 ns)

 <State 71>: 2.920ns
The critical path consists of the following:
	bus response operation ('empty_33', cnn.cpp:844) on port 'kernel_output' (cnn.cpp:844) [49]  (2.920 ns)

 <State 72>: 2.920ns
The critical path consists of the following:
	bus response operation ('empty_33', cnn.cpp:844) on port 'kernel_output' (cnn.cpp:844) [49]  (2.920 ns)

 <State 73>: 2.920ns
The critical path consists of the following:
	bus response operation ('empty_33', cnn.cpp:844) on port 'kernel_output' (cnn.cpp:844) [49]  (2.920 ns)


============================================================
+ Verbose Summary: Binding
============================================================
N/A
* FSMD analyzer results:
  - Output states:
 - Input state : 
  - Chain level:
	State 1
	State 2
	State 3
	State 4
	State 5
	State 6
	State 7
	State 8
	State 9
	State 10
	State 11
	State 12
	State 13
	State 14
	State 15
	State 16
	State 17
	State 18
	State 19
	State 20
	State 21
	State 22
	State 23
	State 24
	State 25
	State 26
	State 27
	State 28
	State 29
	State 30
	State 31
	State 32
	State 33
	State 34
	State 35
	State 36
	State 37
	State 38
	State 39
	State 40
	State 41
	State 42
	State 43
	State 44
	State 45
	State 46
	State 47
	State 48
	State 49
	State 50
	State 51
	State 52
	State 53
	State 54
	State 55
	State 56
	State 57
	State 58
	State 59
	State 60
	State 61
	State 62
	State 63
	State 64
	State 65
	State 66
	State 67
	State 68
	State 69
	State 70
	State 71
	State 72
	State 73


============================================================
+ Verbose Summary: Datapath Resource usage 
============================================================
N/A
